Experiment name: half_cheetah_dyn_4_reward_1.0_sac ------- [Sun Feb  5 03:38:12 2023]
-------------------------------------------------------------------
Replay buffer size: 100000
learning starts after : 10000 steps
Update models in every: 50 steps
Number of gradient update at this step: 50
Number of evaluation episodes after every 1000 steps: 10
begin training # # # # # 
step 1000/1000000, avs test return -1.711302
    eval loss: -1
step 2000/1000000, avs test return -1.775046
    eval loss: -1
step 3000/1000000, avs test return -1.692995
    eval loss: -1
step 4000/1000000, avs test return -1.882902
    eval loss: -1
step 5000/1000000, avs test return -1.791435
    eval loss: -1
step 6000/1000000, avs test return -1.867193
    eval loss: -1
step 7000/1000000, avs test return -1.868124
    eval loss: -1
step 8000/1000000, avs test return -1.768942
    eval loss: -1
step 9000/1000000, avs test return -1.519954
    eval loss: -1
step 10000/1000000, avs test return -1.283651
    eval loss: -1
step 11000/1000000, avs test return -50.055392
    eval loss: -50
step 12000/1000000, avs test return -90.210371
    eval loss: -90
step 13000/1000000, avs test return 96.069861
    eval loss: 96
step 14000/1000000, avs test return 483.021854
    eval loss: 483
step 15000/1000000, avs test return 589.593738
    eval loss: 589
step 16000/1000000, avs test return 819.741318
    eval loss: 819
step 17000/1000000, avs test return 1196.690845
    eval loss: 1196
step 18000/1000000, avs test return 564.297895
    eval loss: 564
step 19000/1000000, avs test return 1130.179110
    eval loss: 1130
step 20000/1000000, avs test return 1144.589065
    eval loss: 1144
step 21000/1000000, avs test return 1292.395549
    eval loss: 1292
step 22000/1000000, avs test return 1348.568845
    eval loss: 1348
step 23000/1000000, avs test return 1695.056295
    eval loss: 1695
step 24000/1000000, avs test return 1701.664905
    eval loss: 1701
step 25000/1000000, avs test return 1318.790132
    eval loss: 1318
step 26000/1000000, avs test return 2021.003036
    eval loss: 2021
step 27000/1000000, avs test return 2172.541814
    eval loss: 2172
step 28000/1000000, avs test return 2206.212164
    eval loss: 2206
step 29000/1000000, avs test return 2521.861048
    eval loss: 2521
step 30000/1000000, avs test return 2771.810519
    eval loss: 2771
step 31000/1000000, avs test return 2545.387231
    eval loss: 2545
step 32000/1000000, avs test return 2776.629423
    eval loss: 2776
step 33000/1000000, avs test return 2686.072156
    eval loss: 2686
step 34000/1000000, avs test return 2632.374783
    eval loss: 2632
step 35000/1000000, avs test return 2668.683492
    eval loss: 2668
step 36000/1000000, avs test return 2917.520575
    eval loss: 2917
step 37000/1000000, avs test return 2839.951671
    eval loss: 2839
step 38000/1000000, avs test return 2894.322143
    eval loss: 2894
step 39000/1000000, avs test return 2869.467234
    eval loss: 2869
step 40000/1000000, avs test return 2832.573861
    eval loss: 2832
step 41000/1000000, avs test return 2937.038337
    eval loss: 2937
step 42000/1000000, avs test return 2965.693030
    eval loss: 2965
step 43000/1000000, avs test return 2962.869257
    eval loss: 2962
step 44000/1000000, avs test return 2978.840872
    eval loss: 2978
step 45000/1000000, avs test return 2747.433607
    eval loss: 2747
step 46000/1000000, avs test return 2920.506495
    eval loss: 2920
step 47000/1000000, avs test return 3101.491918
    eval loss: 3101
step 48000/1000000, avs test return 3108.323463
    eval loss: 3108
step 49000/1000000, avs test return 3087.877231
    eval loss: 3087
step 50000/1000000, avs test return 3080.832610
    eval loss: 3080
step 51000/1000000, avs test return 3089.639179
    eval loss: 3089
step 52000/1000000, avs test return 3044.539085
    eval loss: 3044
step 53000/1000000, avs test return 3112.090614
    eval loss: 3112
step 54000/1000000, avs test return 3225.898910
    eval loss: 3225
step 55000/1000000, avs test return 3280.673214
    eval loss: 3280
step 56000/1000000, avs test return 3183.526945
    eval loss: 3183
step 57000/1000000, avs test return 3260.640059
    eval loss: 3260
step 58000/1000000, avs test return 3079.026150
    eval loss: 3079
step 59000/1000000, avs test return 3228.867616
    eval loss: 3228
step 60000/1000000, avs test return 3293.173297
    eval loss: 3293
step 61000/1000000, avs test return 3329.925269
    eval loss: 3329
step 62000/1000000, avs test return 3269.979795
    eval loss: 3269
step 63000/1000000, avs test return 3301.296228
    eval loss: 3301
step 64000/1000000, avs test return 3320.962450
    eval loss: 3320
step 65000/1000000, avs test return 3232.089384
    eval loss: 3232
step 66000/1000000, avs test return 3225.423593
    eval loss: 3225
step 67000/1000000, avs test return 3346.772671
    eval loss: 3346
step 68000/1000000, avs test return 3289.946997
    eval loss: 3289
step 69000/1000000, avs test return 3415.893081
    eval loss: 3415
step 70000/1000000, avs test return 3267.938385
    eval loss: 3267
step 71000/1000000, avs test return 3192.305927
    eval loss: 3192
step 72000/1000000, avs test return 3320.891034
    eval loss: 3320
step 73000/1000000, avs test return 3280.798499
    eval loss: 3280
step 74000/1000000, avs test return 3374.505989
    eval loss: 3374
step 75000/1000000, avs test return 3354.425387
    eval loss: 3354
step 76000/1000000, avs test return 3321.288033
    eval loss: 3321
step 77000/1000000, avs test return 3244.412629
    eval loss: 3244
step 78000/1000000, avs test return 3402.179540
    eval loss: 3402
step 79000/1000000, avs test return 3316.251255
    eval loss: 3316
step 80000/1000000, avs test return 3376.239195
    eval loss: 3376
step 81000/1000000, avs test return 3350.004557
    eval loss: 3350
step 82000/1000000, avs test return 3312.897363
    eval loss: 3312
step 83000/1000000, avs test return 3354.353092
    eval loss: 3354
step 84000/1000000, avs test return 3404.235673
    eval loss: 3404
step 85000/1000000, avs test return 3356.001969
    eval loss: 3356
step 86000/1000000, avs test return 3279.228055
    eval loss: 3279
step 87000/1000000, avs test return 3277.909974
    eval loss: 3277
step 88000/1000000, avs test return 3285.159711
    eval loss: 3285
step 89000/1000000, avs test return 3383.096824
    eval loss: 3383
step 90000/1000000, avs test return 3366.270250
    eval loss: 3366
step 91000/1000000, avs test return 3409.968347
    eval loss: 3409
step 92000/1000000, avs test return 3396.091200
    eval loss: 3396
step 93000/1000000, avs test return 3485.240210
    eval loss: 3485
step 94000/1000000, avs test return 3359.562559
    eval loss: 3359
step 95000/1000000, avs test return 3447.794344
    eval loss: 3447
step 96000/1000000, avs test return 3428.119304
    eval loss: 3428
step 97000/1000000, avs test return 3319.917152
    eval loss: 3319
step 98000/1000000, avs test return 3449.756639
    eval loss: 3449
step 99000/1000000, avs test return 3391.642143
    eval loss: 3391
step 100000/1000000, avs test return 3384.390972
    eval loss: 3384
step 101000/1000000, avs test return 3337.069447
    eval loss: 3337
step 102000/1000000, avs test return 3420.305053
    eval loss: 3420
step 103000/1000000, avs test return 3367.058781
    eval loss: 3367
step 104000/1000000, avs test return 3453.454037
    eval loss: 3453
step 105000/1000000, avs test return 3436.599322
    eval loss: 3436
step 106000/1000000, avs test return 3487.610433
    eval loss: 3487
step 107000/1000000, avs test return 3427.977724
    eval loss: 3427
step 108000/1000000, avs test return 3385.820718
    eval loss: 3385
step 109000/1000000, avs test return 3368.117725
    eval loss: 3368
step 110000/1000000, avs test return 3436.956999
    eval loss: 3436
step 111000/1000000, avs test return 3321.233203
    eval loss: 3321
step 112000/1000000, avs test return 3363.206618
    eval loss: 3363
step 113000/1000000, avs test return 3440.962795
    eval loss: 3440
step 114000/1000000, avs test return 3377.218644
    eval loss: 3377
step 115000/1000000, avs test return 3509.608606
    eval loss: 3509
step 116000/1000000, avs test return 3460.686011
    eval loss: 3460
step 117000/1000000, avs test return 3430.864014
    eval loss: 3430
step 118000/1000000, avs test return 3344.361348
    eval loss: 3344
step 119000/1000000, avs test return 3494.082582
    eval loss: 3494
step 120000/1000000, avs test return 3468.868772
    eval loss: 3468
step 121000/1000000, avs test return 3493.234890
    eval loss: 3493
step 122000/1000000, avs test return 3359.018534
    eval loss: 3359
step 123000/1000000, avs test return 3391.392146
    eval loss: 3391
step 124000/1000000, avs test return 3407.940372
    eval loss: 3407
step 125000/1000000, avs test return 3392.665693
    eval loss: 3392
step 126000/1000000, avs test return 3379.920871
    eval loss: 3379
step 127000/1000000, avs test return 3395.105306
    eval loss: 3395
step 128000/1000000, avs test return 3468.747109
    eval loss: 3468
step 129000/1000000, avs test return 3426.891457
    eval loss: 3426
step 130000/1000000, avs test return 3478.560724
    eval loss: 3478
step 131000/1000000, avs test return 3429.164300
    eval loss: 3429
step 132000/1000000, avs test return 3395.313733
    eval loss: 3395
step 133000/1000000, avs test return 3429.369943
    eval loss: 3429
step 134000/1000000, avs test return 3414.616151
    eval loss: 3414
step 135000/1000000, avs test return 3482.452309
    eval loss: 3482
step 136000/1000000, avs test return 3468.036578
    eval loss: 3468
step 137000/1000000, avs test return 3387.480213
    eval loss: 3387
step 138000/1000000, avs test return 3430.356073
    eval loss: 3430
step 139000/1000000, avs test return 3508.164031
    eval loss: 3508
step 140000/1000000, avs test return 3409.087197
    eval loss: 3409
step 141000/1000000, avs test return 3396.767739
    eval loss: 3396
step 142000/1000000, avs test return 3501.306464
    eval loss: 3501
step 143000/1000000, avs test return 3439.882311
    eval loss: 3439
step 144000/1000000, avs test return 3384.800258
    eval loss: 3384
step 145000/1000000, avs test return 3493.381179
    eval loss: 3493
step 146000/1000000, avs test return 3543.135514
    eval loss: 3543
step 147000/1000000, avs test return 3559.722269
    eval loss: 3559
step 148000/1000000, avs test return 3464.211968
    eval loss: 3464
step 149000/1000000, avs test return 3462.160997
    eval loss: 3462
step 150000/1000000, avs test return 3556.579478
    eval loss: 3556
step 151000/1000000, avs test return 3481.382368
    eval loss: 3481
step 152000/1000000, avs test return 3414.682716
    eval loss: 3414
step 153000/1000000, avs test return 3439.097075
    eval loss: 3439
step 154000/1000000, avs test return 3460.770778
    eval loss: 3460
step 155000/1000000, avs test return 3491.484643
    eval loss: 3491
step 156000/1000000, avs test return 3497.079924
    eval loss: 3497
step 157000/1000000, avs test return 3541.013727
    eval loss: 3541
step 158000/1000000, avs test return 3510.039101
    eval loss: 3510
step 159000/1000000, avs test return 3546.479447
    eval loss: 3546
step 160000/1000000, avs test return 3572.039219
    eval loss: 3572
step 161000/1000000, avs test return 3522.881472
    eval loss: 3522
step 162000/1000000, avs test return 3496.595979
    eval loss: 3496
step 163000/1000000, avs test return 3439.087708
    eval loss: 3439
step 164000/1000000, avs test return 3468.574011
    eval loss: 3468
step 165000/1000000, avs test return 3505.971909
    eval loss: 3505
step 166000/1000000, avs test return 3598.933064
    eval loss: 3598
step 167000/1000000, avs test return 3508.501662
    eval loss: 3508
step 168000/1000000, avs test return 3584.479204
    eval loss: 3584
step 169000/1000000, avs test return 3575.593556
    eval loss: 3575
step 170000/1000000, avs test return 3528.736972
    eval loss: 3528
step 171000/1000000, avs test return 3532.498257
    eval loss: 3532
step 172000/1000000, avs test return 3535.783025
    eval loss: 3535
step 173000/1000000, avs test return 3518.173622
    eval loss: 3518
step 174000/1000000, avs test return 3601.520479
    eval loss: 3601
step 175000/1000000, avs test return 3485.532528
    eval loss: 3485
step 176000/1000000, avs test return 3483.875867
    eval loss: 3483
step 177000/1000000, avs test return 3727.240932
    eval loss: 3727
step 178000/1000000, avs test return 3568.140445
    eval loss: 3568
step 179000/1000000, avs test return 3511.332595
    eval loss: 3511
step 180000/1000000, avs test return 3590.748590
    eval loss: 3590
step 181000/1000000, avs test return 3546.219663
    eval loss: 3546
step 182000/1000000, avs test return 3545.054106
    eval loss: 3545
step 183000/1000000, avs test return 3579.971413
    eval loss: 3579
step 184000/1000000, avs test return 3575.261355
    eval loss: 3575
step 185000/1000000, avs test return 3621.024496
    eval loss: 3621
step 186000/1000000, avs test return 3626.710843
    eval loss: 3626
step 187000/1000000, avs test return 3615.477602
    eval loss: 3615
step 188000/1000000, avs test return 3557.177878
    eval loss: 3557
step 189000/1000000, avs test return 3716.770585
    eval loss: 3716
step 190000/1000000, avs test return 3554.844609
    eval loss: 3554
step 191000/1000000, avs test return 3572.946254
    eval loss: 3572
step 192000/1000000, avs test return 3492.842748
    eval loss: 3492
step 193000/1000000, avs test return 3310.683628
    eval loss: 3310
step 194000/1000000, avs test return 3589.446463
    eval loss: 3589
step 195000/1000000, avs test return 3543.229763
    eval loss: 3543
step 196000/1000000, avs test return 3578.192653
    eval loss: 3578
step 197000/1000000, avs test return 3642.630058
    eval loss: 3642
step 198000/1000000, avs test return 3620.957348
    eval loss: 3620
step 199000/1000000, avs test return 3512.812136
    eval loss: 3512
step 200000/1000000, avs test return 3544.395207
    eval loss: 3544
step 201000/1000000, avs test return 3516.070299
    eval loss: 3516
step 202000/1000000, avs test return 3607.515587
    eval loss: 3607
step 203000/1000000, avs test return 3657.303392
    eval loss: 3657
step 204000/1000000, avs test return 3538.498715
    eval loss: 3538
step 205000/1000000, avs test return 3661.357562
    eval loss: 3661
step 206000/1000000, avs test return 3519.788325
    eval loss: 3519
step 207000/1000000, avs test return 3644.758663
    eval loss: 3644
step 208000/1000000, avs test return 3641.251545
    eval loss: 3641
step 209000/1000000, avs test return 3638.607555
    eval loss: 3638
step 210000/1000000, avs test return 3629.086583
    eval loss: 3629
step 211000/1000000, avs test return 3476.669963
    eval loss: 3476
step 212000/1000000, avs test return 3644.794649
    eval loss: 3644
step 213000/1000000, avs test return 3490.984523
    eval loss: 3490
step 214000/1000000, avs test return 3478.091906
    eval loss: 3478
step 215000/1000000, avs test return 3519.310532
    eval loss: 3519
step 216000/1000000, avs test return 3624.605947
    eval loss: 3624
step 217000/1000000, avs test return 3578.268376
    eval loss: 3578
step 218000/1000000, avs test return 3668.348615
    eval loss: 3668
step 219000/1000000, avs test return 3660.987708
    eval loss: 3660
step 220000/1000000, avs test return 3671.413322
    eval loss: 3671
step 221000/1000000, avs test return 3672.205366
    eval loss: 3672
step 222000/1000000, avs test return 3564.780461
    eval loss: 3564
step 223000/1000000, avs test return 3685.393465
    eval loss: 3685
step 224000/1000000, avs test return 3690.254174
    eval loss: 3690
step 225000/1000000, avs test return 3727.779279
    eval loss: 3727
step 226000/1000000, avs test return 3684.141993
    eval loss: 3684
step 227000/1000000, avs test return 3630.423822
    eval loss: 3630
step 228000/1000000, avs test return 3703.295061
    eval loss: 3703
step 229000/1000000, avs test return 3654.572954
    eval loss: 3654
step 230000/1000000, avs test return 3569.875376
    eval loss: 3569
step 231000/1000000, avs test return 3678.893861
    eval loss: 3678
step 232000/1000000, avs test return 3707.170094
    eval loss: 3707
step 233000/1000000, avs test return 3723.922154
    eval loss: 3723
step 234000/1000000, avs test return 3594.173605
    eval loss: 3594
step 235000/1000000, avs test return 3706.717006
    eval loss: 3706
step 236000/1000000, avs test return 3722.518388
    eval loss: 3722
step 237000/1000000, avs test return 3661.964701
    eval loss: 3661
step 238000/1000000, avs test return 3605.174562
    eval loss: 3605
step 239000/1000000, avs test return 3693.939381
    eval loss: 3693
step 240000/1000000, avs test return 3586.352156
    eval loss: 3586
step 241000/1000000, avs test return 3705.122587
    eval loss: 3705
step 242000/1000000, avs test return 3654.004399
    eval loss: 3654
step 243000/1000000, avs test return 3620.768453
    eval loss: 3620
step 244000/1000000, avs test return 3642.545576
    eval loss: 3642
step 245000/1000000, avs test return 3596.909328
    eval loss: 3596
step 246000/1000000, avs test return 3632.207986
    eval loss: 3632
step 247000/1000000, avs test return 3654.097720
    eval loss: 3654
step 248000/1000000, avs test return 3690.969087
    eval loss: 3690
step 249000/1000000, avs test return 3649.858818
    eval loss: 3649
step 250000/1000000, avs test return 3642.770022
    eval loss: 3642
step 251000/1000000, avs test return 3607.941516
    eval loss: 3607
step 252000/1000000, avs test return 3679.304493
    eval loss: 3679
step 253000/1000000, avs test return 3589.831513
    eval loss: 3589
step 254000/1000000, avs test return 3555.503333
    eval loss: 3555
step 255000/1000000, avs test return 3623.762038
    eval loss: 3623
step 256000/1000000, avs test return 3730.532918
    eval loss: 3730
step 257000/1000000, avs test return 3605.447833
    eval loss: 3605
step 258000/1000000, avs test return 3723.453959
    eval loss: 3723
step 259000/1000000, avs test return 3633.597309
    eval loss: 3633
step 260000/1000000, avs test return 3595.768434
    eval loss: 3595
step 261000/1000000, avs test return 3700.537051
    eval loss: 3700
step 262000/1000000, avs test return 3460.232884
    eval loss: 3460
step 263000/1000000, avs test return 3574.543746
    eval loss: 3574
step 264000/1000000, avs test return 3729.840026
    eval loss: 3729
step 265000/1000000, avs test return 3689.637945
    eval loss: 3689
step 266000/1000000, avs test return 3632.695614
    eval loss: 3632
step 267000/1000000, avs test return 3739.225269
    eval loss: 3739
step 268000/1000000, avs test return 3528.696817
    eval loss: 3528
step 269000/1000000, avs test return 3621.517890
    eval loss: 3621
step 270000/1000000, avs test return 3669.574056
    eval loss: 3669
step 271000/1000000, avs test return 3733.303791
    eval loss: 3733
step 272000/1000000, avs test return 3703.494295
    eval loss: 3703
step 273000/1000000, avs test return 3700.199833
    eval loss: 3700
step 274000/1000000, avs test return 3716.162803
    eval loss: 3716
step 275000/1000000, avs test return 3705.387175
    eval loss: 3705
step 276000/1000000, avs test return 3730.138273
    eval loss: 3730
step 277000/1000000, avs test return 3720.873704
    eval loss: 3720
step 278000/1000000, avs test return 3719.742925
    eval loss: 3719
step 279000/1000000, avs test return 3655.559811
    eval loss: 3655
step 280000/1000000, avs test return 3682.434156
    eval loss: 3682
step 281000/1000000, avs test return 3621.421697
    eval loss: 3621
step 282000/1000000, avs test return 3554.423947
    eval loss: 3554
step 283000/1000000, avs test return 3692.965149
    eval loss: 3692
step 284000/1000000, avs test return 3727.203142
    eval loss: 3727
step 285000/1000000, avs test return 3747.084104
    eval loss: 3747
step 286000/1000000, avs test return 3639.155731
    eval loss: 3639
step 287000/1000000, avs test return 3671.124952
    eval loss: 3671
step 288000/1000000, avs test return 3684.952271
    eval loss: 3684
step 289000/1000000, avs test return 3696.105658
    eval loss: 3696
step 290000/1000000, avs test return 3722.542556
    eval loss: 3722
step 291000/1000000, avs test return 3633.362722
    eval loss: 3633
step 292000/1000000, avs test return 3747.585904
    eval loss: 3747
step 293000/1000000, avs test return 3650.670495
    eval loss: 3650
step 294000/1000000, avs test return 3728.290805
    eval loss: 3728
step 295000/1000000, avs test return 3709.895091
    eval loss: 3709
step 296000/1000000, avs test return 3684.011139
    eval loss: 3684
step 297000/1000000, avs test return 3686.687432
    eval loss: 3686
step 298000/1000000, avs test return 3706.427764
    eval loss: 3706
step 299000/1000000, avs test return 3693.021426
    eval loss: 3693
step 300000/1000000, avs test return 3651.233281
    eval loss: 3651
step 301000/1000000, avs test return 3716.244448
    eval loss: 3716
step 302000/1000000, avs test return 3629.022674
    eval loss: 3629
step 303000/1000000, avs test return 3653.125514
    eval loss: 3653
step 304000/1000000, avs test return 3586.598053
    eval loss: 3586
step 305000/1000000, avs test return 3735.046139
    eval loss: 3735
step 306000/1000000, avs test return 3707.123626
    eval loss: 3707
step 307000/1000000, avs test return 3703.520367
    eval loss: 3703
step 308000/1000000, avs test return 3699.429613
    eval loss: 3699
step 309000/1000000, avs test return 3612.431253
    eval loss: 3612
step 310000/1000000, avs test return 3549.615610
    eval loss: 3549
step 311000/1000000, avs test return 3588.149691
    eval loss: 3588
step 312000/1000000, avs test return 3593.550334
    eval loss: 3593
step 313000/1000000, avs test return 3673.501430
    eval loss: 3673
step 314000/1000000, avs test return 3714.453522
    eval loss: 3714
step 315000/1000000, avs test return 3747.402054
    eval loss: 3747
step 316000/1000000, avs test return 3670.885356
    eval loss: 3670
step 317000/1000000, avs test return 3772.663990
    eval loss: 3772
step 318000/1000000, avs test return 3558.476926
    eval loss: 3558
step 319000/1000000, avs test return 3730.157999
    eval loss: 3730
step 320000/1000000, avs test return 3715.566247
    eval loss: 3715
step 321000/1000000, avs test return 3733.958890
    eval loss: 3733
step 322000/1000000, avs test return 3708.512461
    eval loss: 3708
step 323000/1000000, avs test return 3703.236938
    eval loss: 3703
step 324000/1000000, avs test return 3721.315233
    eval loss: 3721
step 325000/1000000, avs test return 3675.143460
    eval loss: 3675
step 326000/1000000, avs test return 3706.822146
    eval loss: 3706
step 327000/1000000, avs test return 3779.240957
    eval loss: 3779
step 328000/1000000, avs test return 3675.789182
    eval loss: 3675
step 329000/1000000, avs test return 3528.603762
    eval loss: 3528
step 330000/1000000, avs test return 3695.241625
    eval loss: 3695
step 331000/1000000, avs test return 3604.213745
    eval loss: 3604
step 332000/1000000, avs test return 3693.878571
    eval loss: 3693
step 333000/1000000, avs test return 3654.492159
    eval loss: 3654
step 334000/1000000, avs test return 3625.131970
    eval loss: 3625
step 335000/1000000, avs test return 3651.636775
    eval loss: 3651
step 336000/1000000, avs test return 3682.705272
    eval loss: 3682
step 337000/1000000, avs test return 3671.788738
    eval loss: 3671
step 338000/1000000, avs test return 3705.946973
    eval loss: 3705
step 339000/1000000, avs test return 3655.634333
    eval loss: 3655
step 340000/1000000, avs test return 3720.217708
    eval loss: 3720
step 341000/1000000, avs test return 3700.154068
    eval loss: 3700
step 342000/1000000, avs test return 3719.254845
    eval loss: 3719
step 343000/1000000, avs test return 3161.353346
    eval loss: 3161
step 344000/1000000, avs test return 3679.319791
    eval loss: 3679
step 345000/1000000, avs test return 3676.142356
    eval loss: 3676
step 346000/1000000, avs test return 3642.054280
    eval loss: 3642
step 347000/1000000, avs test return 3682.050856
    eval loss: 3682
step 348000/1000000, avs test return 3702.536733
    eval loss: 3702
step 349000/1000000, avs test return 3725.960257
    eval loss: 3725
step 350000/1000000, avs test return 3670.893731
    eval loss: 3670
step 351000/1000000, avs test return 3734.405281
    eval loss: 3734
step 352000/1000000, avs test return 3587.061621
    eval loss: 3587
step 353000/1000000, avs test return 3673.147780
    eval loss: 3673
step 354000/1000000, avs test return 3614.603887
    eval loss: 3614
step 355000/1000000, avs test return 3777.605864
    eval loss: 3777
step 356000/1000000, avs test return 3713.522781
    eval loss: 3713
step 357000/1000000, avs test return 3680.477635
    eval loss: 3680
step 358000/1000000, avs test return 3637.485142
    eval loss: 3637
step 359000/1000000, avs test return 3716.012738
    eval loss: 3716
step 360000/1000000, avs test return 3618.409935
    eval loss: 3618
step 361000/1000000, avs test return 3660.017209
    eval loss: 3660
step 362000/1000000, avs test return 3630.695905
    eval loss: 3630
step 363000/1000000, avs test return 3714.131287
    eval loss: 3714
step 364000/1000000, avs test return 3680.133154
    eval loss: 3680
step 365000/1000000, avs test return 3726.870303
    eval loss: 3726
step 366000/1000000, avs test return 3738.211777
    eval loss: 3738
step 367000/1000000, avs test return 3677.627634
    eval loss: 3677
step 368000/1000000, avs test return 3650.739492
    eval loss: 3650
step 369000/1000000, avs test return 3717.390758
    eval loss: 3717
step 370000/1000000, avs test return 3728.788997
    eval loss: 3728
step 371000/1000000, avs test return 3670.402106
    eval loss: 3670
step 372000/1000000, avs test return 3655.310374
    eval loss: 3655
step 373000/1000000, avs test return 3631.131082
    eval loss: 3631
step 374000/1000000, avs test return 3639.183712
    eval loss: 3639
step 375000/1000000, avs test return 3600.768697
    eval loss: 3600
step 376000/1000000, avs test return 3722.141029
    eval loss: 3722
step 377000/1000000, avs test return 3630.125457
    eval loss: 3630
step 378000/1000000, avs test return 3660.663001
    eval loss: 3660
step 379000/1000000, avs test return 3774.662488
    eval loss: 3774
step 380000/1000000, avs test return 3663.395780
    eval loss: 3663
step 381000/1000000, avs test return 3673.580490
    eval loss: 3673
step 382000/1000000, avs test return 3631.422698
    eval loss: 3631
step 383000/1000000, avs test return 3708.676244
    eval loss: 3708
step 384000/1000000, avs test return 3695.735322
    eval loss: 3695
step 385000/1000000, avs test return 3728.324598
    eval loss: 3728
step 386000/1000000, avs test return 3670.247692
    eval loss: 3670
step 387000/1000000, avs test return 3693.540091
    eval loss: 3693
step 388000/1000000, avs test return 3731.163796
    eval loss: 3731
step 389000/1000000, avs test return 3613.331822
    eval loss: 3613
step 390000/1000000, avs test return 3642.588008
    eval loss: 3642
step 391000/1000000, avs test return 3668.003681
    eval loss: 3668
step 392000/1000000, avs test return 3651.923126
    eval loss: 3651
step 393000/1000000, avs test return 3602.590064
    eval loss: 3602
step 394000/1000000, avs test return 3748.265848
    eval loss: 3748
step 395000/1000000, avs test return 3729.969510
    eval loss: 3729
step 396000/1000000, avs test return 3612.424043
    eval loss: 3612
step 397000/1000000, avs test return 3728.687130
    eval loss: 3728
step 398000/1000000, avs test return 3680.790490
    eval loss: 3680
step 399000/1000000, avs test return 3691.592016
    eval loss: 3691
step 400000/1000000, avs test return 3684.017924
    eval loss: 3684
step 401000/1000000, avs test return 3712.788690
    eval loss: 3712
step 402000/1000000, avs test return 3701.626390
    eval loss: 3701
step 403000/1000000, avs test return 3794.210214
    eval loss: 3794
step 404000/1000000, avs test return 3691.042554
    eval loss: 3691
step 405000/1000000, avs test return 3678.224166
    eval loss: 3678
step 406000/1000000, avs test return 3709.037345
    eval loss: 3709
step 407000/1000000, avs test return 3713.244204
    eval loss: 3713
step 408000/1000000, avs test return 3664.265475
    eval loss: 3664
step 409000/1000000, avs test return 3737.366193
    eval loss: 3737
step 410000/1000000, avs test return 3650.488019
    eval loss: 3650
step 411000/1000000, avs test return 3755.161484
    eval loss: 3755
step 412000/1000000, avs test return 3650.830153
    eval loss: 3650
step 413000/1000000, avs test return 3695.453360
    eval loss: 3695
step 414000/1000000, avs test return 3650.864405
    eval loss: 3650
step 415000/1000000, avs test return 3720.431397
    eval loss: 3720
step 416000/1000000, avs test return 3722.127198
    eval loss: 3722
step 417000/1000000, avs test return 3705.178242
    eval loss: 3705
step 418000/1000000, avs test return 3649.817119
    eval loss: 3649
step 419000/1000000, avs test return 3647.761958
    eval loss: 3647
step 420000/1000000, avs test return 3671.588854
    eval loss: 3671
step 421000/1000000, avs test return 3754.379004
    eval loss: 3754
step 422000/1000000, avs test return 3633.549822
    eval loss: 3633
step 423000/1000000, avs test return 3704.505468
    eval loss: 3704
step 424000/1000000, avs test return 3697.405742
    eval loss: 3697
step 425000/1000000, avs test return 3654.718863
    eval loss: 3654
step 426000/1000000, avs test return 3628.934595
    eval loss: 3628
step 427000/1000000, avs test return 3555.420448
    eval loss: 3555
step 428000/1000000, avs test return 3651.210981
    eval loss: 3651
step 429000/1000000, avs test return 3708.585723
    eval loss: 3708
step 430000/1000000, avs test return 3587.638338
    eval loss: 3587
step 431000/1000000, avs test return 3600.053591
    eval loss: 3600
step 432000/1000000, avs test return 3644.290057
    eval loss: 3644
step 433000/1000000, avs test return 3596.443528
    eval loss: 3596
step 434000/1000000, avs test return 3692.165916
    eval loss: 3692
step 435000/1000000, avs test return 3694.685418
    eval loss: 3694
step 436000/1000000, avs test return 3714.386356
    eval loss: 3714
step 437000/1000000, avs test return 3732.169483
    eval loss: 3732
step 438000/1000000, avs test return 3680.212899
    eval loss: 3680
step 439000/1000000, avs test return 3743.828377
    eval loss: 3743
step 440000/1000000, avs test return 3726.219496
    eval loss: 3726
step 441000/1000000, avs test return 3637.850747
    eval loss: 3637
step 442000/1000000, avs test return 3674.625118
    eval loss: 3674
step 443000/1000000, avs test return 3626.267738
    eval loss: 3626
step 444000/1000000, avs test return 3619.137045
    eval loss: 3619
step 445000/1000000, avs test return 3532.554763
    eval loss: 3532
step 446000/1000000, avs test return 3682.035589
    eval loss: 3682
step 447000/1000000, avs test return 3692.294804
    eval loss: 3692
step 448000/1000000, avs test return 3691.470158
    eval loss: 3691
step 449000/1000000, avs test return 3704.250341
    eval loss: 3704
step 450000/1000000, avs test return 3769.461770
    eval loss: 3769
step 451000/1000000, avs test return 3681.094898
    eval loss: 3681
step 452000/1000000, avs test return 3715.698243
    eval loss: 3715
step 453000/1000000, avs test return 3538.653408
    eval loss: 3538
step 454000/1000000, avs test return 3742.191003
    eval loss: 3742
step 455000/1000000, avs test return 3789.798550
    eval loss: 3789
step 456000/1000000, avs test return 3695.135991
    eval loss: 3695
step 457000/1000000, avs test return 3646.108714
    eval loss: 3646
step 458000/1000000, avs test return 3760.110485
    eval loss: 3760
step 459000/1000000, avs test return 3810.367082
    eval loss: 3810
step 460000/1000000, avs test return 3726.579586
    eval loss: 3726
step 461000/1000000, avs test return 3750.840696
    eval loss: 3750
step 462000/1000000, avs test return 3777.908763
    eval loss: 3777
step 463000/1000000, avs test return 3694.135186
    eval loss: 3694
step 464000/1000000, avs test return 3620.208353
    eval loss: 3620
step 465000/1000000, avs test return 3596.370812
    eval loss: 3596
step 466000/1000000, avs test return 3711.471242
    eval loss: 3711
step 467000/1000000, avs test return 3743.629900
    eval loss: 3743
step 468000/1000000, avs test return 3698.085954
    eval loss: 3698
step 469000/1000000, avs test return 3704.421638
    eval loss: 3704
step 470000/1000000, avs test return 3735.971113
    eval loss: 3735
step 471000/1000000, avs test return 3751.043984
    eval loss: 3751
step 472000/1000000, avs test return 3693.796876
    eval loss: 3693
step 473000/1000000, avs test return 3696.651784
    eval loss: 3696
step 474000/1000000, avs test return 3734.742765
    eval loss: 3734
step 475000/1000000, avs test return 3749.839507
    eval loss: 3749
step 476000/1000000, avs test return 3716.560430
    eval loss: 3716
step 477000/1000000, avs test return 3671.422345
    eval loss: 3671
step 478000/1000000, avs test return 3747.164416
    eval loss: 3747
step 479000/1000000, avs test return 3734.994766
    eval loss: 3734
step 480000/1000000, avs test return 3699.352746
    eval loss: 3699
step 481000/1000000, avs test return 3716.455126
    eval loss: 3716
step 482000/1000000, avs test return 3728.176743
    eval loss: 3728
step 483000/1000000, avs test return 3733.772847
    eval loss: 3733
step 484000/1000000, avs test return 3756.984274
    eval loss: 3756
step 485000/1000000, avs test return 3680.433040
    eval loss: 3680
step 486000/1000000, avs test return 3789.030767
    eval loss: 3789
step 487000/1000000, avs test return 3704.803235
    eval loss: 3704
step 488000/1000000, avs test return 3740.613982
    eval loss: 3740
step 489000/1000000, avs test return 3711.688884
    eval loss: 3711
step 490000/1000000, avs test return 3684.752159
    eval loss: 3684
step 491000/1000000, avs test return 3780.675036
    eval loss: 3780
step 492000/1000000, avs test return 3700.626777
    eval loss: 3700
step 493000/1000000, avs test return 3684.287363
    eval loss: 3684
step 494000/1000000, avs test return 3712.552590
    eval loss: 3712
step 495000/1000000, avs test return 3696.481700
    eval loss: 3696
step 496000/1000000, avs test return 3734.182842
    eval loss: 3734
step 497000/1000000, avs test return 3713.336919
    eval loss: 3713
step 498000/1000000, avs test return 3755.921662
    eval loss: 3755
step 499000/1000000, avs test return 3696.395983
    eval loss: 3696
step 500000/1000000, avs test return 3731.068722
    eval loss: 3731
step 501000/1000000, avs test return 3769.554515
    eval loss: 3769
step 502000/1000000, avs test return 3772.041305
    eval loss: 3772
step 503000/1000000, avs test return 3731.012590
    eval loss: 3731
step 504000/1000000, avs test return 3745.347006
    eval loss: 3745
step 505000/1000000, avs test return 3674.748636
    eval loss: 3674
step 506000/1000000, avs test return 3800.504970
    eval loss: 3800
step 507000/1000000, avs test return 3724.708446
    eval loss: 3724
step 508000/1000000, avs test return 3656.031871
    eval loss: 3656
step 509000/1000000, avs test return 3565.622495
    eval loss: 3565
step 510000/1000000, avs test return 3764.500129
    eval loss: 3764
step 511000/1000000, avs test return 3755.895995
    eval loss: 3755
step 512000/1000000, avs test return 3646.014507
    eval loss: 3646
step 513000/1000000, avs test return 3634.713604
    eval loss: 3634
step 514000/1000000, avs test return 3743.266579
    eval loss: 3743
step 515000/1000000, avs test return 3743.887648
    eval loss: 3743
step 516000/1000000, avs test return 3716.443144
    eval loss: 3716
step 517000/1000000, avs test return 3758.645002
    eval loss: 3758
step 518000/1000000, avs test return 3760.248379
    eval loss: 3760
step 519000/1000000, avs test return 3761.205118
    eval loss: 3761
step 520000/1000000, avs test return 3676.060984
    eval loss: 3676
step 521000/1000000, avs test return 3761.074361
    eval loss: 3761
step 522000/1000000, avs test return 3740.000830
    eval loss: 3740
step 523000/1000000, avs test return 3600.098765
    eval loss: 3600
step 524000/1000000, avs test return 3723.802172
    eval loss: 3723
step 525000/1000000, avs test return 3708.316549
    eval loss: 3708
step 526000/1000000, avs test return 3665.333160
    eval loss: 3665
step 527000/1000000, avs test return 3770.660641
    eval loss: 3770
step 528000/1000000, avs test return 3747.474818
    eval loss: 3747
step 529000/1000000, avs test return 3788.614288
    eval loss: 3788
step 530000/1000000, avs test return 3763.743217
    eval loss: 3763
step 531000/1000000, avs test return 3666.946977
    eval loss: 3666
step 532000/1000000, avs test return 3741.092352
    eval loss: 3741
step 533000/1000000, avs test return 3711.435554
    eval loss: 3711
step 534000/1000000, avs test return 3718.522555
    eval loss: 3718
step 535000/1000000, avs test return 3708.392260
    eval loss: 3708
step 536000/1000000, avs test return 3675.349820
    eval loss: 3675
step 537000/1000000, avs test return 3692.528751
    eval loss: 3692
step 538000/1000000, avs test return 3694.550284
    eval loss: 3694
step 539000/1000000, avs test return 3709.460062
    eval loss: 3709
step 540000/1000000, avs test return 3704.183812
    eval loss: 3704
step 541000/1000000, avs test return 3734.103689
    eval loss: 3734
step 542000/1000000, avs test return 3662.877665
    eval loss: 3662
step 543000/1000000, avs test return 3721.012685
    eval loss: 3721
step 544000/1000000, avs test return 3755.351079
    eval loss: 3755
step 545000/1000000, avs test return 3712.570213
    eval loss: 3712
step 546000/1000000, avs test return 3706.913317
    eval loss: 3706
step 547000/1000000, avs test return 3703.964136
    eval loss: 3703
step 548000/1000000, avs test return 3676.873089
    eval loss: 3676
step 549000/1000000, avs test return 3649.082723
    eval loss: 3649
step 550000/1000000, avs test return 3716.621903
    eval loss: 3716
step 551000/1000000, avs test return 3602.796481
    eval loss: 3602
step 552000/1000000, avs test return 3581.452284
    eval loss: 3581
step 553000/1000000, avs test return 3623.494072
    eval loss: 3623
step 554000/1000000, avs test return 3671.913027
    eval loss: 3671
step 555000/1000000, avs test return 3730.344242
    eval loss: 3730
step 556000/1000000, avs test return 3738.817021
    eval loss: 3738
step 557000/1000000, avs test return 3694.163780
    eval loss: 3694
step 558000/1000000, avs test return 3649.684635
    eval loss: 3649
step 559000/1000000, avs test return 3608.507753
    eval loss: 3608
step 560000/1000000, avs test return 3693.637804
    eval loss: 3693
step 561000/1000000, avs test return 3718.917562
    eval loss: 3718
step 562000/1000000, avs test return 3671.547230
    eval loss: 3671
step 563000/1000000, avs test return 3741.473923
    eval loss: 3741
step 564000/1000000, avs test return 3681.489671
    eval loss: 3681
step 565000/1000000, avs test return 3663.321417
    eval loss: 3663
step 566000/1000000, avs test return 3673.958999
    eval loss: 3673
step 567000/1000000, avs test return 3683.513672
    eval loss: 3683
step 568000/1000000, avs test return 3619.555136
    eval loss: 3619
step 569000/1000000, avs test return 3694.998970
    eval loss: 3694
step 570000/1000000, avs test return 3665.208942
    eval loss: 3665
step 571000/1000000, avs test return 3749.408398
    eval loss: 3749
step 572000/1000000, avs test return 3695.302898
    eval loss: 3695
step 573000/1000000, avs test return 3733.142949
    eval loss: 3733
step 574000/1000000, avs test return 3697.768221
    eval loss: 3697
step 575000/1000000, avs test return 3667.330667
    eval loss: 3667
step 576000/1000000, avs test return 3659.229957
    eval loss: 3659
step 577000/1000000, avs test return 3694.900216
    eval loss: 3694
step 578000/1000000, avs test return 3692.734824
    eval loss: 3692
step 579000/1000000, avs test return 3757.445197
    eval loss: 3757
step 580000/1000000, avs test return 3737.207948
    eval loss: 3737
step 581000/1000000, avs test return 3708.229523
    eval loss: 3708
step 582000/1000000, avs test return 3653.568093
    eval loss: 3653
step 583000/1000000, avs test return 3663.792164
    eval loss: 3663
step 584000/1000000, avs test return 3737.565231
    eval loss: 3737
step 585000/1000000, avs test return 3648.786398
    eval loss: 3648
step 586000/1000000, avs test return 3758.113385
    eval loss: 3758
step 587000/1000000, avs test return 3703.985060
    eval loss: 3703
step 588000/1000000, avs test return 3712.646041
    eval loss: 3712
step 589000/1000000, avs test return 3735.199682
    eval loss: 3735
step 590000/1000000, avs test return 3714.140135
    eval loss: 3714
step 591000/1000000, avs test return 3742.894418
    eval loss: 3742
step 592000/1000000, avs test return 3665.279948
    eval loss: 3665
step 593000/1000000, avs test return 3718.266422
    eval loss: 3718
step 594000/1000000, avs test return 3698.431887
    eval loss: 3698
step 595000/1000000, avs test return 3623.721701
    eval loss: 3623
step 596000/1000000, avs test return 3699.234146
    eval loss: 3699
step 597000/1000000, avs test return 3779.839857
    eval loss: 3779
step 598000/1000000, avs test return 3731.876056
    eval loss: 3731
step 599000/1000000, avs test return 3644.685590
    eval loss: 3644
step 600000/1000000, avs test return 3726.123288
    eval loss: 3726
step 601000/1000000, avs test return 3701.400459
    eval loss: 3701
step 602000/1000000, avs test return 3637.619849
    eval loss: 3637
step 603000/1000000, avs test return 3760.802587
    eval loss: 3760
step 604000/1000000, avs test return 3747.482639
    eval loss: 3747
step 605000/1000000, avs test return 3635.356294
    eval loss: 3635
step 606000/1000000, avs test return 3635.064962
    eval loss: 3635
step 607000/1000000, avs test return 3622.124717
    eval loss: 3622
step 608000/1000000, avs test return 3746.578637
    eval loss: 3746
step 609000/1000000, avs test return 3671.025435
    eval loss: 3671
step 610000/1000000, avs test return 3657.317702
    eval loss: 3657
step 611000/1000000, avs test return 3745.566466
    eval loss: 3745
step 612000/1000000, avs test return 3661.156912
    eval loss: 3661
step 613000/1000000, avs test return 3666.332303
    eval loss: 3666
step 614000/1000000, avs test return 3664.532281
    eval loss: 3664
step 615000/1000000, avs test return 3730.109755
    eval loss: 3730
step 616000/1000000, avs test return 3703.212246
    eval loss: 3703
step 617000/1000000, avs test return 3647.259390
    eval loss: 3647
step 618000/1000000, avs test return 3692.693579
    eval loss: 3692
step 619000/1000000, avs test return 3649.799663
    eval loss: 3649
step 620000/1000000, avs test return 3716.449429
    eval loss: 3716
step 621000/1000000, avs test return 3683.737279
    eval loss: 3683
step 622000/1000000, avs test return 3718.851598
    eval loss: 3718
step 623000/1000000, avs test return 3688.017297
    eval loss: 3688
step 624000/1000000, avs test return 3745.381132
    eval loss: 3745
step 625000/1000000, avs test return 3686.643117
    eval loss: 3686
step 626000/1000000, avs test return 3747.789414
    eval loss: 3747
step 627000/1000000, avs test return 3743.431521
    eval loss: 3743
step 628000/1000000, avs test return 3708.000987
    eval loss: 3708
step 629000/1000000, avs test return 3718.482626
    eval loss: 3718
step 630000/1000000, avs test return 3770.735763
    eval loss: 3770
step 631000/1000000, avs test return 3757.787051
    eval loss: 3757
step 632000/1000000, avs test return 3692.826107
    eval loss: 3692
step 633000/1000000, avs test return 3708.668660
    eval loss: 3708
step 634000/1000000, avs test return 3707.850871
    eval loss: 3707
step 635000/1000000, avs test return 3720.813635
    eval loss: 3720
step 636000/1000000, avs test return 3638.283691
    eval loss: 3638
step 637000/1000000, avs test return 3708.229077
    eval loss: 3708
step 638000/1000000, avs test return 3648.851843
    eval loss: 3648
step 639000/1000000, avs test return 3693.218312
    eval loss: 3693
step 640000/1000000, avs test return 3714.526065
    eval loss: 3714
step 641000/1000000, avs test return 3762.218288
    eval loss: 3762
step 642000/1000000, avs test return 3763.939338
    eval loss: 3763
step 643000/1000000, avs test return 3776.135249
    eval loss: 3776
step 644000/1000000, avs test return 3705.758091
    eval loss: 3705
step 645000/1000000, avs test return 3766.059036
    eval loss: 3766
step 646000/1000000, avs test return 3689.412603
    eval loss: 3689
step 647000/1000000, avs test return 3658.751632
    eval loss: 3658
step 648000/1000000, avs test return 3667.194559
    eval loss: 3667
step 649000/1000000, avs test return 3737.567654
    eval loss: 3737
step 650000/1000000, avs test return 3730.666419
    eval loss: 3730
step 651000/1000000, avs test return 3702.191473
    eval loss: 3702
step 652000/1000000, avs test return 3783.035492
    eval loss: 3783
step 653000/1000000, avs test return 3717.678182
    eval loss: 3717
step 654000/1000000, avs test return 3646.047547
    eval loss: 3646
step 655000/1000000, avs test return 3685.918913
    eval loss: 3685
step 656000/1000000, avs test return 3825.887005
    eval loss: 3825
step 657000/1000000, avs test return 3738.994520
    eval loss: 3738
step 658000/1000000, avs test return 3780.573486
    eval loss: 3780
step 659000/1000000, avs test return 3696.183900
    eval loss: 3696
step 660000/1000000, avs test return 3699.299475
    eval loss: 3699
step 661000/1000000, avs test return 3707.359528
    eval loss: 3707
step 662000/1000000, avs test return 3712.491353
    eval loss: 3712
step 663000/1000000, avs test return 3815.382789
    eval loss: 3815
step 664000/1000000, avs test return 3720.424273
    eval loss: 3720
step 665000/1000000, avs test return 3712.585743
    eval loss: 3712
step 666000/1000000, avs test return 3703.942285
    eval loss: 3703
step 667000/1000000, avs test return 3668.016961
    eval loss: 3668
step 668000/1000000, avs test return 3741.385607
    eval loss: 3741
step 669000/1000000, avs test return 3734.120487
    eval loss: 3734
step 670000/1000000, avs test return 3690.389099
    eval loss: 3690
step 671000/1000000, avs test return 3743.725641
    eval loss: 3743
step 672000/1000000, avs test return 3650.683006
    eval loss: 3650
step 673000/1000000, avs test return 3732.414801
    eval loss: 3732
step 674000/1000000, avs test return 3707.943701
    eval loss: 3707
step 675000/1000000, avs test return 3772.300542
    eval loss: 3772
step 676000/1000000, avs test return 3762.878506
    eval loss: 3762
step 677000/1000000, avs test return 3714.989544
    eval loss: 3714
step 678000/1000000, avs test return 3777.881017
    eval loss: 3777
step 679000/1000000, avs test return 3676.220136
    eval loss: 3676
step 680000/1000000, avs test return 3696.186495
    eval loss: 3696
step 681000/1000000, avs test return 3713.283954
    eval loss: 3713
step 682000/1000000, avs test return 3740.401481
    eval loss: 3740
step 683000/1000000, avs test return 3773.442281
    eval loss: 3773
step 684000/1000000, avs test return 3738.032308
    eval loss: 3738
step 685000/1000000, avs test return 3771.341690
    eval loss: 3771
step 686000/1000000, avs test return 3698.618745
    eval loss: 3698
step 687000/1000000, avs test return 3699.717309
    eval loss: 3699
step 688000/1000000, avs test return 3723.153435
    eval loss: 3723
step 689000/1000000, avs test return 3702.195489
    eval loss: 3702
step 690000/1000000, avs test return 3764.094818
    eval loss: 3764
step 691000/1000000, avs test return 3688.719886
    eval loss: 3688
step 692000/1000000, avs test return 3673.977699
    eval loss: 3673
step 693000/1000000, avs test return 3622.795597
    eval loss: 3622
step 694000/1000000, avs test return 3742.679503
    eval loss: 3742
step 695000/1000000, avs test return 3684.893528
    eval loss: 3684
step 696000/1000000, avs test return 3633.223247
    eval loss: 3633
step 697000/1000000, avs test return 3715.573453
    eval loss: 3715
step 698000/1000000, avs test return 3678.559325
    eval loss: 3678
step 699000/1000000, avs test return 3710.571740
    eval loss: 3710
step 700000/1000000, avs test return 3665.685628
    eval loss: 3665
step 701000/1000000, avs test return 3791.460666
    eval loss: 3791
step 702000/1000000, avs test return 3680.482527
    eval loss: 3680
step 703000/1000000, avs test return 3724.556835
    eval loss: 3724
step 704000/1000000, avs test return 3721.329930
    eval loss: 3721
step 705000/1000000, avs test return 3733.198448
    eval loss: 3733
step 706000/1000000, avs test return 3714.865309
    eval loss: 3714
step 707000/1000000, avs test return 3746.660182
    eval loss: 3746
step 708000/1000000, avs test return 3647.490808
    eval loss: 3647
step 709000/1000000, avs test return 3695.020470
    eval loss: 3695
step 710000/1000000, avs test return 3718.144477
    eval loss: 3718
step 711000/1000000, avs test return 3704.622762
    eval loss: 3704
step 712000/1000000, avs test return 3712.712933
    eval loss: 3712
step 713000/1000000, avs test return 3685.124408
    eval loss: 3685
step 714000/1000000, avs test return 3732.547034
    eval loss: 3732
step 715000/1000000, avs test return 3718.209788
    eval loss: 3718
step 716000/1000000, avs test return 3686.893089
    eval loss: 3686
step 717000/1000000, avs test return 3643.323356
    eval loss: 3643
step 718000/1000000, avs test return 3683.695360
    eval loss: 3683
step 719000/1000000, avs test return 3679.857576
    eval loss: 3679
step 720000/1000000, avs test return 3663.870366
    eval loss: 3663
step 721000/1000000, avs test return 3698.052846
    eval loss: 3698
step 722000/1000000, avs test return 3707.460175
    eval loss: 3707
step 723000/1000000, avs test return 3668.300922
    eval loss: 3668
step 724000/1000000, avs test return 3728.307571
    eval loss: 3728
step 725000/1000000, avs test return 3661.752874
    eval loss: 3661
step 726000/1000000, avs test return 3659.379672
    eval loss: 3659
step 727000/1000000, avs test return 3704.857331
    eval loss: 3704
step 728000/1000000, avs test return 3736.229254
    eval loss: 3736
step 729000/1000000, avs test return 3743.206341
    eval loss: 3743
step 730000/1000000, avs test return 3672.689390
    eval loss: 3672
step 731000/1000000, avs test return 3691.941601
    eval loss: 3691
step 732000/1000000, avs test return 3645.227776
    eval loss: 3645
step 733000/1000000, avs test return 3696.686734
    eval loss: 3696
step 734000/1000000, avs test return 3677.149930
    eval loss: 3677
step 735000/1000000, avs test return 3719.218994
    eval loss: 3719
step 736000/1000000, avs test return 3724.212841
    eval loss: 3724
step 737000/1000000, avs test return 3638.705648
    eval loss: 3638
step 738000/1000000, avs test return 3752.185284
    eval loss: 3752
step 739000/1000000, avs test return 3769.130450
    eval loss: 3769
step 740000/1000000, avs test return 3714.184409
    eval loss: 3714
step 741000/1000000, avs test return 3687.615985
    eval loss: 3687
step 742000/1000000, avs test return 3663.652193
    eval loss: 3663
step 743000/1000000, avs test return 3689.896759
    eval loss: 3689
step 744000/1000000, avs test return 3624.732036
    eval loss: 3624
step 745000/1000000, avs test return 3683.902790
    eval loss: 3683
step 746000/1000000, avs test return 3707.605852
    eval loss: 3707
step 747000/1000000, avs test return 3719.543656
    eval loss: 3719
step 748000/1000000, avs test return 3824.766144
    eval loss: 3824
step 749000/1000000, avs test return 3641.416291
    eval loss: 3641
step 750000/1000000, avs test return 3727.678793
    eval loss: 3727
step 751000/1000000, avs test return 3744.917633
    eval loss: 3744
step 752000/1000000, avs test return 3710.125940
    eval loss: 3710
step 753000/1000000, avs test return 3683.575027
    eval loss: 3683
step 754000/1000000, avs test return 3736.666536
    eval loss: 3736
step 755000/1000000, avs test return 3734.779144
    eval loss: 3734
step 756000/1000000, avs test return 3685.425345
    eval loss: 3685
step 757000/1000000, avs test return 3775.540020
    eval loss: 3775
step 758000/1000000, avs test return 3698.829574
    eval loss: 3698
step 759000/1000000, avs test return 3758.337547
    eval loss: 3758
step 760000/1000000, avs test return 3672.488115
    eval loss: 3672
step 761000/1000000, avs test return 3696.159889
    eval loss: 3696
step 762000/1000000, avs test return 3649.747372
    eval loss: 3649
step 763000/1000000, avs test return 3726.534468
    eval loss: 3726
step 764000/1000000, avs test return 3762.671669
    eval loss: 3762
step 765000/1000000, avs test return 3690.325877
    eval loss: 3690
step 766000/1000000, avs test return 3696.413923
    eval loss: 3696
step 767000/1000000, avs test return 3726.365228
    eval loss: 3726
step 768000/1000000, avs test return 3693.197080
    eval loss: 3693
step 769000/1000000, avs test return 3709.419633
    eval loss: 3709
step 770000/1000000, avs test return 3681.598890
    eval loss: 3681
step 771000/1000000, avs test return 3757.231806
    eval loss: 3757
step 772000/1000000, avs test return 3707.999156
    eval loss: 3707
step 773000/1000000, avs test return 3685.662837
    eval loss: 3685
step 774000/1000000, avs test return 3731.675691
    eval loss: 3731
step 775000/1000000, avs test return 3668.639627
    eval loss: 3668
step 776000/1000000, avs test return 3729.721351
    eval loss: 3729
step 777000/1000000, avs test return 3742.947627
    eval loss: 3742
step 778000/1000000, avs test return 3652.526679
    eval loss: 3652
step 779000/1000000, avs test return 3778.452647
    eval loss: 3778
step 780000/1000000, avs test return 3692.252796
    eval loss: 3692
step 781000/1000000, avs test return 3761.052522
    eval loss: 3761
step 782000/1000000, avs test return 3635.142841
    eval loss: 3635
step 783000/1000000, avs test return 3714.700733
    eval loss: 3714
step 784000/1000000, avs test return 3758.401028
    eval loss: 3758
step 785000/1000000, avs test return 3700.072835
    eval loss: 3700
step 786000/1000000, avs test return 3736.977987
    eval loss: 3736
step 787000/1000000, avs test return 3678.505209
    eval loss: 3678
step 788000/1000000, avs test return 3693.850028
    eval loss: 3693
step 789000/1000000, avs test return 3718.714223
    eval loss: 3718
step 790000/1000000, avs test return 3742.889490
    eval loss: 3742
step 791000/1000000, avs test return 3742.032209
    eval loss: 3742
step 792000/1000000, avs test return 3682.610210
    eval loss: 3682
step 793000/1000000, avs test return 3652.492903
    eval loss: 3652
step 794000/1000000, avs test return 3683.520479
    eval loss: 3683
step 795000/1000000, avs test return 3679.078226
    eval loss: 3679
step 796000/1000000, avs test return 3660.524266
    eval loss: 3660
step 797000/1000000, avs test return 3728.370666
    eval loss: 3728
step 798000/1000000, avs test return 3693.658346
    eval loss: 3693
step 799000/1000000, avs test return 3657.740158
    eval loss: 3657
step 800000/1000000, avs test return 3669.361498
    eval loss: 3669
step 801000/1000000, avs test return 3741.903308
    eval loss: 3741
step 802000/1000000, avs test return 3703.085992
    eval loss: 3703
step 803000/1000000, avs test return 3721.754307
    eval loss: 3721
step 804000/1000000, avs test return 3687.922587
    eval loss: 3687
step 805000/1000000, avs test return 3701.613802
    eval loss: 3701
step 806000/1000000, avs test return 3780.825115
    eval loss: 3780
step 807000/1000000, avs test return 3708.614029
    eval loss: 3708
step 808000/1000000, avs test return 3774.065978
    eval loss: 3774
step 809000/1000000, avs test return 3750.924187
    eval loss: 3750
step 810000/1000000, avs test return 3769.080230
    eval loss: 3769
step 811000/1000000, avs test return 3731.975770
    eval loss: 3731
step 812000/1000000, avs test return 3717.895291
    eval loss: 3717
step 813000/1000000, avs test return 3705.735527
    eval loss: 3705
step 814000/1000000, avs test return 3770.825034
    eval loss: 3770
step 815000/1000000, avs test return 3709.435147
    eval loss: 3709
step 816000/1000000, avs test return 3698.633400
    eval loss: 3698
step 817000/1000000, avs test return 3748.783952
    eval loss: 3748
step 818000/1000000, avs test return 3686.633468
    eval loss: 3686
step 819000/1000000, avs test return 3719.515899
    eval loss: 3719
step 820000/1000000, avs test return 3681.083176
    eval loss: 3681
step 821000/1000000, avs test return 3734.286595
    eval loss: 3734
step 822000/1000000, avs test return 3786.665803
    eval loss: 3786
step 823000/1000000, avs test return 3718.005131
    eval loss: 3718
step 824000/1000000, avs test return 3754.479126
    eval loss: 3754
step 825000/1000000, avs test return 3737.363446
    eval loss: 3737
step 826000/1000000, avs test return 3700.724314
    eval loss: 3700
step 827000/1000000, avs test return 3660.687569
    eval loss: 3660
step 828000/1000000, avs test return 3687.950047
    eval loss: 3687
step 829000/1000000, avs test return 3742.349844
    eval loss: 3742
step 830000/1000000, avs test return 3771.342575
    eval loss: 3771
step 831000/1000000, avs test return 3779.563767
    eval loss: 3779
step 832000/1000000, avs test return 3743.736690
    eval loss: 3743
step 833000/1000000, avs test return 3742.766199
    eval loss: 3742
step 834000/1000000, avs test return 3691.455682
    eval loss: 3691
step 835000/1000000, avs test return 3744.727042
    eval loss: 3744
step 836000/1000000, avs test return 3760.361645
    eval loss: 3760
step 837000/1000000, avs test return 3705.851958
    eval loss: 3705
step 838000/1000000, avs test return 3731.376535
    eval loss: 3731
step 839000/1000000, avs test return 3796.612051
    eval loss: 3796
step 840000/1000000, avs test return 3704.284939
    eval loss: 3704
step 841000/1000000, avs test return 3728.502273
    eval loss: 3728
step 842000/1000000, avs test return 3722.284545
    eval loss: 3722
step 843000/1000000, avs test return 3741.457483
    eval loss: 3741
step 844000/1000000, avs test return 3751.153935
    eval loss: 3751
step 845000/1000000, avs test return 3713.822334
    eval loss: 3713
step 846000/1000000, avs test return 3708.313412
    eval loss: 3708
step 847000/1000000, avs test return 3731.998234
    eval loss: 3731
step 848000/1000000, avs test return 3741.703702
    eval loss: 3741
step 849000/1000000, avs test return 3740.920730
    eval loss: 3740
step 850000/1000000, avs test return 3693.277987
    eval loss: 3693
step 851000/1000000, avs test return 3713.961864
    eval loss: 3713
step 852000/1000000, avs test return 3691.167837
    eval loss: 3691
step 853000/1000000, avs test return 3691.602128
    eval loss: 3691
step 854000/1000000, avs test return 3745.424358
    eval loss: 3745
step 855000/1000000, avs test return 3761.933536
    eval loss: 3761
step 856000/1000000, avs test return 3749.667360
    eval loss: 3749
step 857000/1000000, avs test return 3663.493447
    eval loss: 3663
step 858000/1000000, avs test return 3727.745167
    eval loss: 3727
step 859000/1000000, avs test return 3734.818917
    eval loss: 3734
step 860000/1000000, avs test return 3706.921431
    eval loss: 3706
step 861000/1000000, avs test return 3755.008122
    eval loss: 3755
step 862000/1000000, avs test return 3697.332215
    eval loss: 3697
step 863000/1000000, avs test return 3785.018001
    eval loss: 3785
step 864000/1000000, avs test return 3744.303290
    eval loss: 3744
step 865000/1000000, avs test return 3725.596923
    eval loss: 3725
step 866000/1000000, avs test return 3746.047678
    eval loss: 3746
step 867000/1000000, avs test return 3773.345497
    eval loss: 3773
step 868000/1000000, avs test return 3707.125260
    eval loss: 3707
step 869000/1000000, avs test return 3746.475150
    eval loss: 3746
step 870000/1000000, avs test return 3701.892851
    eval loss: 3701
step 871000/1000000, avs test return 3767.775888
    eval loss: 3767
step 872000/1000000, avs test return 3718.581303
    eval loss: 3718
step 873000/1000000, avs test return 3811.983612
    eval loss: 3811
step 874000/1000000, avs test return 3710.403528
    eval loss: 3710
step 875000/1000000, avs test return 3735.695594
    eval loss: 3735
step 876000/1000000, avs test return 3698.296288
    eval loss: 3698
step 877000/1000000, avs test return 3723.806472
    eval loss: 3723
step 878000/1000000, avs test return 3782.163680
    eval loss: 3782
step 879000/1000000, avs test return 3825.878101
    eval loss: 3825
step 880000/1000000, avs test return 3757.051540
    eval loss: 3757
step 881000/1000000, avs test return 3729.034247
    eval loss: 3729
step 882000/1000000, avs test return 3739.916700
    eval loss: 3739
step 883000/1000000, avs test return 3731.966886
    eval loss: 3731
step 884000/1000000, avs test return 3844.500522
    eval loss: 3844
step 885000/1000000, avs test return 3785.679271
    eval loss: 3785
step 886000/1000000, avs test return 3778.579550
    eval loss: 3778
step 887000/1000000, avs test return 3756.111966
    eval loss: 3756
step 888000/1000000, avs test return 3679.233422
    eval loss: 3679
step 889000/1000000, avs test return 3734.921607
    eval loss: 3734
step 890000/1000000, avs test return 3741.737951
    eval loss: 3741
step 891000/1000000, avs test return 3699.758747
    eval loss: 3699
step 892000/1000000, avs test return 3676.400336
    eval loss: 3676
step 893000/1000000, avs test return 3739.587621
    eval loss: 3739
step 894000/1000000, avs test return 3754.249729
    eval loss: 3754
step 895000/1000000, avs test return 3740.623405
    eval loss: 3740
step 896000/1000000, avs test return 3729.996340
    eval loss: 3729
step 897000/1000000, avs test return 3710.745450
    eval loss: 3710
step 898000/1000000, avs test return 3778.163928
    eval loss: 3778
step 899000/1000000, avs test return 3701.418538
    eval loss: 3701
step 900000/1000000, avs test return 3689.233176
    eval loss: 3689
step 901000/1000000, avs test return 3735.258144
    eval loss: 3735
step 902000/1000000, avs test return 3737.092837
    eval loss: 3737
step 903000/1000000, avs test return 3720.973939
    eval loss: 3720
step 904000/1000000, avs test return 3765.039147
    eval loss: 3765
step 905000/1000000, avs test return 3721.331530
    eval loss: 3721
step 906000/1000000, avs test return 3705.340468
    eval loss: 3705
step 907000/1000000, avs test return 3706.480108
    eval loss: 3706
step 908000/1000000, avs test return 3741.498444
    eval loss: 3741
step 909000/1000000, avs test return 3765.087615
    eval loss: 3765
step 910000/1000000, avs test return 3730.740214
    eval loss: 3730
step 911000/1000000, avs test return 3662.142456
    eval loss: 3662
step 912000/1000000, avs test return 3749.889536
    eval loss: 3749
step 913000/1000000, avs test return 3744.686656
    eval loss: 3744
step 914000/1000000, avs test return 3727.473719
    eval loss: 3727
step 915000/1000000, avs test return 3730.634635
    eval loss: 3730
step 916000/1000000, avs test return 3686.508203
    eval loss: 3686
step 917000/1000000, avs test return 3712.597900
    eval loss: 3712
step 918000/1000000, avs test return 3815.832781
    eval loss: 3815
step 919000/1000000, avs test return 3726.832936
    eval loss: 3726
step 920000/1000000, avs test return 3695.151397
    eval loss: 3695
step 921000/1000000, avs test return 3683.081670
    eval loss: 3683
step 922000/1000000, avs test return 3752.501161
    eval loss: 3752
step 923000/1000000, avs test return 3704.865232
    eval loss: 3704
step 924000/1000000, avs test return 3787.277188
    eval loss: 3787
step 925000/1000000, avs test return 3701.877064
    eval loss: 3701
step 926000/1000000, avs test return 3721.610520
    eval loss: 3721
step 927000/1000000, avs test return 3645.525048
    eval loss: 3645
step 928000/1000000, avs test return 3696.693247
    eval loss: 3696
step 929000/1000000, avs test return 3727.630297
    eval loss: 3727
step 930000/1000000, avs test return 3688.180549
    eval loss: 3688
step 931000/1000000, avs test return 3803.074488
    eval loss: 3803
step 932000/1000000, avs test return 3713.022327
    eval loss: 3713
step 933000/1000000, avs test return 3792.003745
    eval loss: 3792
step 934000/1000000, avs test return 3747.202492
    eval loss: 3747
step 935000/1000000, avs test return 3733.391771
    eval loss: 3733
step 936000/1000000, avs test return 3710.479326
    eval loss: 3710
step 937000/1000000, avs test return 3749.860218
    eval loss: 3749
step 938000/1000000, avs test return 3744.837252
    eval loss: 3744
step 939000/1000000, avs test return 3689.509550
    eval loss: 3689
step 940000/1000000, avs test return 3719.142325
    eval loss: 3719
step 941000/1000000, avs test return 3681.725160
    eval loss: 3681
step 942000/1000000, avs test return 3778.191537
    eval loss: 3778
step 943000/1000000, avs test return 3694.641318
    eval loss: 3694
step 944000/1000000, avs test return 3769.572088
    eval loss: 3769
step 945000/1000000, avs test return 3730.341392
    eval loss: 3730
step 946000/1000000, avs test return 3709.878331
    eval loss: 3709
step 947000/1000000, avs test return 3771.764723
    eval loss: 3771
step 948000/1000000, avs test return 3686.442604
    eval loss: 3686
step 949000/1000000, avs test return 3739.862673
    eval loss: 3739
step 950000/1000000, avs test return 3704.106228
    eval loss: 3704
step 951000/1000000, avs test return 3660.346191
    eval loss: 3660
step 952000/1000000, avs test return 3683.335691
    eval loss: 3683
step 953000/1000000, avs test return 3774.284112
    eval loss: 3774
step 954000/1000000, avs test return 3694.909311
    eval loss: 3694
step 955000/1000000, avs test return 3687.304589
    eval loss: 3687
step 956000/1000000, avs test return 3746.311966
    eval loss: 3746
step 957000/1000000, avs test return 3747.215482
    eval loss: 3747
step 958000/1000000, avs test return 3715.527268
    eval loss: 3715
step 959000/1000000, avs test return 3741.474326
    eval loss: 3741
step 960000/1000000, avs test return 3739.311679
    eval loss: 3739
step 961000/1000000, avs test return 3747.052783
    eval loss: 3747
step 962000/1000000, avs test return 3680.843211
    eval loss: 3680
step 963000/1000000, avs test return 3655.631497
    eval loss: 3655
step 964000/1000000, avs test return 3757.059845
    eval loss: 3757
step 965000/1000000, avs test return 3730.070622
    eval loss: 3730
step 966000/1000000, avs test return 3678.114043
    eval loss: 3678
step 967000/1000000, avs test return 3773.027187
    eval loss: 3773
step 968000/1000000, avs test return 3670.883951
    eval loss: 3670
step 969000/1000000, avs test return 3719.005620
    eval loss: 3719
step 970000/1000000, avs test return 3736.672555
    eval loss: 3736
step 971000/1000000, avs test return 3773.066408
    eval loss: 3773
step 972000/1000000, avs test return 3769.412160
    eval loss: 3769
step 973000/1000000, avs test return 3704.901343
    eval loss: 3704
step 974000/1000000, avs test return 3675.246869
    eval loss: 3675
step 975000/1000000, avs test return 3687.456172
    eval loss: 3687
step 976000/1000000, avs test return 3720.055522
    eval loss: 3720
step 977000/1000000, avs test return 3729.319273
    eval loss: 3729
step 978000/1000000, avs test return 3700.929124
    eval loss: 3700
step 979000/1000000, avs test return 3789.544644
    eval loss: 3789
step 980000/1000000, avs test return 3626.264809
    eval loss: 3626
step 981000/1000000, avs test return 3712.631321
    eval loss: 3712
step 982000/1000000, avs test return 3676.341361
    eval loss: 3676
step 983000/1000000, avs test return 3762.149335
    eval loss: 3762
step 984000/1000000, avs test return 3742.193557
    eval loss: 3742
step 985000/1000000, avs test return 3756.769570
    eval loss: 3756
step 986000/1000000, avs test return 3702.236959
    eval loss: 3702
step 987000/1000000, avs test return 3777.600424
    eval loss: 3777
step 988000/1000000, avs test return 3738.929175
    eval loss: 3738
step 989000/1000000, avs test return 3729.195603
    eval loss: 3729
step 990000/1000000, avs test return 3722.499934
    eval loss: 3722
step 991000/1000000, avs test return 3766.208489
    eval loss: 3766
step 992000/1000000, avs test return 3731.122028
    eval loss: 3731
step 993000/1000000, avs test return 3727.737916
    eval loss: 3727
step 994000/1000000, avs test return 3643.893948
    eval loss: 3643
step 995000/1000000, avs test return 3701.475986
    eval loss: 3701
step 996000/1000000, avs test return 3723.366970
    eval loss: 3723
step 997000/1000000, avs test return 3721.722664
    eval loss: 3721
step 998000/1000000, avs test return 3740.065868
    eval loss: 3740
step 999000/1000000, avs test return 3742.058831
    eval loss: 3742
step 1000000/1000000, avs test return 3742.305149
    eval loss: 3742
# # # # # # # # # # # # # # # # #

