Experiment name: half_cheetah_dyn_4_reward_1.0_apt ------- [Mon Feb  6 14:15:07 2023]
-------------------------------------------------------------------
Replay buffer size: 100000
learning starts after : 10000 steps
Update models in every: 50 steps
Number of gradient update at this step: 50
Number of evaluation episodes after every 1000 steps: 10
begin training # # # # # 
step 1000/1000000, avs test return -1.096533
    eval loss: -1
step 2000/1000000, avs test return -1.545423
    eval loss: -1
step 3000/1000000, avs test return -1.396736
    eval loss: -1
step 4000/1000000, avs test return -1.669193
    eval loss: -1
step 5000/1000000, avs test return -1.609313
    eval loss: -1
step 6000/1000000, avs test return -1.589824
    eval loss: -1
step 7000/1000000, avs test return -1.260087
    eval loss: -1
step 8000/1000000, avs test return -1.491992
    eval loss: -1
step 9000/1000000, avs test return -1.467229
    eval loss: -1
step 10000/1000000, avs test return -1.343945
    eval loss: -1
step 11000/1000000, avs test return -267.611031
    eval loss: -267
step 12000/1000000, avs test return -60.442717
    eval loss: -60
step 13000/1000000, avs test return -84.079844
    eval loss: -84
step 14000/1000000, avs test return -34.345578
    eval loss: -34
step 15000/1000000, avs test return -14.616302
    eval loss: -14
step 16000/1000000, avs test return 46.120708
    eval loss: 46
step 17000/1000000, avs test return 1395.945041
    eval loss: 1395
step 18000/1000000, avs test return 1314.616009
    eval loss: 1314
step 19000/1000000, avs test return 1182.595188
    eval loss: 1182
step 20000/1000000, avs test return 1160.974866
    eval loss: 1160
step 21000/1000000, avs test return 2028.323024
    eval loss: 2028
step 22000/1000000, avs test return 1902.139424
    eval loss: 1902
step 23000/1000000, avs test return 171.900030
    eval loss: 171
step 24000/1000000, avs test return 2398.579999
    eval loss: 2398
step 25000/1000000, avs test return 2108.759267
    eval loss: 2108
step 26000/1000000, avs test return 1045.260136
    eval loss: 1045
step 27000/1000000, avs test return 2518.940901
    eval loss: 2518
step 28000/1000000, avs test return 2568.839951
    eval loss: 2568
step 29000/1000000, avs test return 2093.607489
    eval loss: 2093
step 30000/1000000, avs test return 2497.524121
    eval loss: 2497
step 31000/1000000, avs test return 2723.495136
    eval loss: 2723
step 32000/1000000, avs test return 2621.787412
    eval loss: 2621
step 33000/1000000, avs test return 2675.200198
    eval loss: 2675
step 34000/1000000, avs test return 2876.569934
    eval loss: 2876
step 35000/1000000, avs test return 2888.701533
    eval loss: 2888
step 36000/1000000, avs test return 2922.121291
    eval loss: 2922
step 37000/1000000, avs test return 2813.030172
    eval loss: 2813
step 38000/1000000, avs test return 2919.836183
    eval loss: 2919
step 39000/1000000, avs test return 2951.038077
    eval loss: 2951
step 40000/1000000, avs test return 3025.591336
    eval loss: 3025
step 41000/1000000, avs test return 3076.028601
    eval loss: 3076
step 42000/1000000, avs test return 3098.320531
    eval loss: 3098
step 43000/1000000, avs test return 3019.126207
    eval loss: 3019
step 44000/1000000, avs test return 3144.111945
    eval loss: 3144
step 45000/1000000, avs test return 3058.219210
    eval loss: 3058
step 46000/1000000, avs test return 3148.011882
    eval loss: 3148
step 47000/1000000, avs test return 3219.021447
    eval loss: 3219
step 48000/1000000, avs test return 3278.935383
    eval loss: 3278
step 49000/1000000, avs test return 2919.183216
    eval loss: 2919
step 50000/1000000, avs test return 3200.131108
    eval loss: 3200
step 51000/1000000, avs test return 3200.936187
    eval loss: 3200
step 52000/1000000, avs test return 3385.307047
    eval loss: 3385
step 53000/1000000, avs test return 3439.030357
    eval loss: 3439
step 54000/1000000, avs test return 3295.163894
    eval loss: 3295
step 55000/1000000, avs test return 3348.596165
    eval loss: 3348
step 56000/1000000, avs test return 3333.668058
    eval loss: 3333
step 57000/1000000, avs test return 3397.408335
    eval loss: 3397
step 58000/1000000, avs test return 3684.030690
    eval loss: 3684
step 59000/1000000, avs test return 3285.352801
    eval loss: 3285
step 60000/1000000, avs test return 3452.846148
    eval loss: 3452
step 61000/1000000, avs test return 3621.340281
    eval loss: 3621
step 62000/1000000, avs test return 3487.782254
    eval loss: 3487
step 63000/1000000, avs test return 3503.829183
    eval loss: 3503
step 64000/1000000, avs test return 3616.596795
    eval loss: 3616
step 65000/1000000, avs test return 3583.260801
    eval loss: 3583
step 66000/1000000, avs test return 3575.410134
    eval loss: 3575
step 67000/1000000, avs test return 3576.752871
    eval loss: 3576
step 68000/1000000, avs test return 3615.074823
    eval loss: 3615
step 69000/1000000, avs test return 3643.823441
    eval loss: 3643
step 70000/1000000, avs test return 3690.610195
    eval loss: 3690
step 71000/1000000, avs test return 3692.704392
    eval loss: 3692
step 72000/1000000, avs test return 3546.562768
    eval loss: 3546
step 73000/1000000, avs test return 3595.575166
    eval loss: 3595
step 74000/1000000, avs test return 3588.677400
    eval loss: 3588
step 75000/1000000, avs test return 3599.097205
    eval loss: 3599
step 76000/1000000, avs test return 3595.356608
    eval loss: 3595
step 77000/1000000, avs test return 3718.818342
    eval loss: 3718
step 78000/1000000, avs test return 3590.543678
    eval loss: 3590
step 79000/1000000, avs test return 3644.951127
    eval loss: 3644
step 80000/1000000, avs test return 3589.624588
    eval loss: 3589
step 81000/1000000, avs test return 3673.753949
    eval loss: 3673
step 82000/1000000, avs test return 3641.383840
    eval loss: 3641
step 83000/1000000, avs test return 3647.799576
    eval loss: 3647
step 84000/1000000, avs test return 3642.676749
    eval loss: 3642
step 85000/1000000, avs test return 3695.273587
    eval loss: 3695
step 86000/1000000, avs test return 3699.391173
    eval loss: 3699
step 87000/1000000, avs test return 3749.131226
    eval loss: 3749
step 88000/1000000, avs test return 3694.871939
    eval loss: 3694
step 89000/1000000, avs test return 3636.721814
    eval loss: 3636
step 90000/1000000, avs test return 3717.573786
    eval loss: 3717
step 91000/1000000, avs test return 3737.769040
    eval loss: 3737
step 92000/1000000, avs test return 3706.965008
    eval loss: 3706
step 93000/1000000, avs test return 3666.472699
    eval loss: 3666
step 94000/1000000, avs test return 3792.676167
    eval loss: 3792
step 95000/1000000, avs test return 3770.460427
    eval loss: 3770
step 96000/1000000, avs test return 3723.982742
    eval loss: 3723
step 97000/1000000, avs test return 3744.810990
    eval loss: 3744
step 98000/1000000, avs test return 3773.523861
    eval loss: 3773
step 99000/1000000, avs test return 3746.284820
    eval loss: 3746
step 100000/1000000, avs test return 3795.797378
    eval loss: 3795
step 101000/1000000, avs test return 3776.119480
    eval loss: 3776
step 102000/1000000, avs test return 3784.041463
    eval loss: 3784
step 103000/1000000, avs test return 3726.316026
    eval loss: 3726
step 104000/1000000, avs test return 3804.989847
    eval loss: 3804
step 105000/1000000, avs test return 3820.023524
    eval loss: 3820
step 106000/1000000, avs test return 3810.251885
    eval loss: 3810
step 107000/1000000, avs test return 3760.069161
    eval loss: 3760
step 108000/1000000, avs test return 3771.949741
    eval loss: 3771
step 109000/1000000, avs test return 3818.732004
    eval loss: 3818
step 110000/1000000, avs test return 3763.623040
    eval loss: 3763
step 111000/1000000, avs test return 3768.067380
    eval loss: 3768
step 112000/1000000, avs test return 3715.338056
    eval loss: 3715
step 113000/1000000, avs test return 3753.116833
    eval loss: 3753
step 114000/1000000, avs test return 3880.868732
    eval loss: 3880
step 115000/1000000, avs test return 3686.511177
    eval loss: 3686
step 116000/1000000, avs test return 3856.997507
    eval loss: 3856
step 117000/1000000, avs test return 3725.705813
    eval loss: 3725
step 118000/1000000, avs test return 3744.723029
    eval loss: 3744
step 119000/1000000, avs test return 3782.001794
    eval loss: 3782
step 120000/1000000, avs test return 3817.468614
    eval loss: 3817
step 121000/1000000, avs test return 3790.684478
    eval loss: 3790
step 122000/1000000, avs test return 3770.317090
    eval loss: 3770
step 123000/1000000, avs test return 3845.417357
    eval loss: 3845
step 124000/1000000, avs test return 3766.290938
    eval loss: 3766
step 125000/1000000, avs test return 3788.895440
    eval loss: 3788
step 126000/1000000, avs test return 3842.984323
    eval loss: 3842
step 127000/1000000, avs test return 3815.642917
    eval loss: 3815
step 128000/1000000, avs test return 3787.169902
    eval loss: 3787
step 129000/1000000, avs test return 3792.298682
    eval loss: 3792
step 130000/1000000, avs test return 3872.497393
    eval loss: 3872
step 131000/1000000, avs test return 3776.273872
    eval loss: 3776
step 132000/1000000, avs test return 3778.782142
    eval loss: 3778
step 133000/1000000, avs test return 3859.664793
    eval loss: 3859
step 134000/1000000, avs test return 3837.060637
    eval loss: 3837
step 135000/1000000, avs test return 3758.132455
    eval loss: 3758
step 136000/1000000, avs test return 3803.319392
    eval loss: 3803
step 137000/1000000, avs test return 3815.576738
    eval loss: 3815
step 138000/1000000, avs test return 3855.524141
    eval loss: 3855
step 139000/1000000, avs test return 3899.194490
    eval loss: 3899
step 140000/1000000, avs test return 3828.169345
    eval loss: 3828
step 141000/1000000, avs test return 3846.630416
    eval loss: 3846
step 142000/1000000, avs test return 3837.150959
    eval loss: 3837
step 143000/1000000, avs test return 3814.930090
    eval loss: 3814
step 144000/1000000, avs test return 3844.343868
    eval loss: 3844
step 145000/1000000, avs test return 3893.912493
    eval loss: 3893
step 146000/1000000, avs test return 3850.935784
    eval loss: 3850
step 147000/1000000, avs test return 3828.333922
    eval loss: 3828
step 148000/1000000, avs test return 3777.389352
    eval loss: 3777
step 149000/1000000, avs test return 3851.544133
    eval loss: 3851
step 150000/1000000, avs test return 3760.902785
    eval loss: 3760
step 151000/1000000, avs test return 3866.168336
    eval loss: 3866
step 152000/1000000, avs test return 3862.722101
    eval loss: 3862
step 153000/1000000, avs test return 3825.305488
    eval loss: 3825
step 154000/1000000, avs test return 3895.087844
    eval loss: 3895
step 155000/1000000, avs test return 3848.501854
    eval loss: 3848
step 156000/1000000, avs test return 3847.037271
    eval loss: 3847
step 157000/1000000, avs test return 3839.795967
    eval loss: 3839
step 158000/1000000, avs test return 3850.806084
    eval loss: 3850
step 159000/1000000, avs test return 3883.855582
    eval loss: 3883
step 160000/1000000, avs test return 3866.148851
    eval loss: 3866
step 161000/1000000, avs test return 3880.401928
    eval loss: 3880
step 162000/1000000, avs test return 3887.111175
    eval loss: 3887
step 163000/1000000, avs test return 3867.959882
    eval loss: 3867
step 164000/1000000, avs test return 3838.551228
    eval loss: 3838
step 165000/1000000, avs test return 3875.985105
    eval loss: 3875
step 166000/1000000, avs test return 3871.397711
    eval loss: 3871
step 167000/1000000, avs test return 3866.395044
    eval loss: 3866
step 168000/1000000, avs test return 3913.370717
    eval loss: 3913
step 169000/1000000, avs test return 3838.600867
    eval loss: 3838
step 170000/1000000, avs test return 3792.516578
    eval loss: 3792
step 171000/1000000, avs test return 3860.259385
    eval loss: 3860
step 172000/1000000, avs test return 3900.752503
    eval loss: 3900
step 173000/1000000, avs test return 3876.960615
    eval loss: 3876
step 174000/1000000, avs test return 3901.419873
    eval loss: 3901
step 175000/1000000, avs test return 3891.195103
    eval loss: 3891
step 176000/1000000, avs test return 3903.594699
    eval loss: 3903
step 177000/1000000, avs test return 3908.007854
    eval loss: 3908
step 178000/1000000, avs test return 3805.669104
    eval loss: 3805
step 179000/1000000, avs test return 3829.887361
    eval loss: 3829
step 180000/1000000, avs test return 3926.477374
    eval loss: 3926
step 181000/1000000, avs test return 3944.970846
    eval loss: 3944
step 182000/1000000, avs test return 3886.017530
    eval loss: 3886
step 183000/1000000, avs test return 3819.160679
    eval loss: 3819
step 184000/1000000, avs test return 3837.896581
    eval loss: 3837
step 185000/1000000, avs test return 3878.914838
    eval loss: 3878
step 186000/1000000, avs test return 3890.232966
    eval loss: 3890
step 187000/1000000, avs test return 3776.991140
    eval loss: 3776
step 188000/1000000, avs test return 3779.898836
    eval loss: 3779
step 189000/1000000, avs test return 3873.268413
    eval loss: 3873
step 190000/1000000, avs test return 3884.451703
    eval loss: 3884
step 191000/1000000, avs test return 3808.455983
    eval loss: 3808
step 192000/1000000, avs test return 3887.311179
    eval loss: 3887
step 193000/1000000, avs test return 3859.089090
    eval loss: 3859
step 194000/1000000, avs test return 3841.162792
    eval loss: 3841
step 195000/1000000, avs test return 3836.326871
    eval loss: 3836
step 196000/1000000, avs test return 3842.613825
    eval loss: 3842
step 197000/1000000, avs test return 3899.036484
    eval loss: 3899
step 198000/1000000, avs test return 3914.823617
    eval loss: 3914
step 199000/1000000, avs test return 3914.896811
    eval loss: 3914
step 200000/1000000, avs test return 3835.777189
    eval loss: 3835
step 201000/1000000, avs test return 3841.598486
    eval loss: 3841
step 202000/1000000, avs test return 3876.321651
    eval loss: 3876
step 203000/1000000, avs test return 3832.310408
    eval loss: 3832
step 204000/1000000, avs test return 3898.681354
    eval loss: 3898
step 205000/1000000, avs test return 3876.963826
    eval loss: 3876
step 206000/1000000, avs test return 3907.404567
    eval loss: 3907
step 207000/1000000, avs test return 3926.817990
    eval loss: 3926
step 208000/1000000, avs test return 3869.347973
    eval loss: 3869
step 209000/1000000, avs test return 3915.920334
    eval loss: 3915
step 210000/1000000, avs test return 3815.226699
    eval loss: 3815
step 211000/1000000, avs test return 3832.745237
    eval loss: 3832
step 212000/1000000, avs test return 3871.018583
    eval loss: 3871
step 213000/1000000, avs test return 3867.326862
    eval loss: 3867
step 214000/1000000, avs test return 3885.682788
    eval loss: 3885
step 215000/1000000, avs test return 3893.948876
    eval loss: 3893
step 216000/1000000, avs test return 3849.241693
    eval loss: 3849
step 217000/1000000, avs test return 3867.821070
    eval loss: 3867
step 218000/1000000, avs test return 3890.665177
    eval loss: 3890
step 219000/1000000, avs test return 3927.507461
    eval loss: 3927
step 220000/1000000, avs test return 3900.730485
    eval loss: 3900
step 221000/1000000, avs test return 3879.983257
    eval loss: 3879
step 222000/1000000, avs test return 3854.181259
    eval loss: 3854
step 223000/1000000, avs test return 3893.832535
    eval loss: 3893
step 224000/1000000, avs test return 3869.106942
    eval loss: 3869
step 225000/1000000, avs test return 3789.721640
    eval loss: 3789
step 226000/1000000, avs test return 3893.186229
    eval loss: 3893
step 227000/1000000, avs test return 3872.061605
    eval loss: 3872
step 228000/1000000, avs test return 3848.082494
    eval loss: 3848
step 229000/1000000, avs test return 3909.079831
    eval loss: 3909
step 230000/1000000, avs test return 3869.196809
    eval loss: 3869
step 231000/1000000, avs test return 3806.433136
    eval loss: 3806
step 232000/1000000, avs test return 3806.077041
    eval loss: 3806
step 233000/1000000, avs test return 3870.719861
    eval loss: 3870
step 234000/1000000, avs test return 3906.209945
    eval loss: 3906
step 235000/1000000, avs test return 3912.964461
    eval loss: 3912
step 236000/1000000, avs test return 3865.738987
    eval loss: 3865
step 237000/1000000, avs test return 3854.643105
    eval loss: 3854
step 238000/1000000, avs test return 3906.866020
    eval loss: 3906
step 239000/1000000, avs test return 3928.901054
    eval loss: 3928
step 240000/1000000, avs test return 3853.549469
    eval loss: 3853
step 241000/1000000, avs test return 3857.219242
    eval loss: 3857
step 242000/1000000, avs test return 3852.787889
    eval loss: 3852
step 243000/1000000, avs test return 3875.917282
    eval loss: 3875
step 244000/1000000, avs test return 3901.043972
    eval loss: 3901
step 245000/1000000, avs test return 3854.546261
    eval loss: 3854
step 246000/1000000, avs test return 3922.573035
    eval loss: 3922
step 247000/1000000, avs test return 3860.479690
    eval loss: 3860
step 248000/1000000, avs test return 3847.569151
    eval loss: 3847
step 249000/1000000, avs test return 3934.772469
    eval loss: 3934
step 250000/1000000, avs test return 3874.590743
    eval loss: 3874
step 251000/1000000, avs test return 3915.970636
    eval loss: 3915
step 252000/1000000, avs test return 3903.909439
    eval loss: 3903
step 253000/1000000, avs test return 3939.264589
    eval loss: 3939
step 254000/1000000, avs test return 3911.782483
    eval loss: 3911
step 255000/1000000, avs test return 3937.763391
    eval loss: 3937
step 256000/1000000, avs test return 3857.545753
    eval loss: 3857
step 257000/1000000, avs test return 3839.479221
    eval loss: 3839
step 258000/1000000, avs test return 3853.464999
    eval loss: 3853
step 259000/1000000, avs test return 3899.786201
    eval loss: 3899
step 260000/1000000, avs test return 3869.034703
    eval loss: 3869
step 261000/1000000, avs test return 3850.388450
    eval loss: 3850
step 262000/1000000, avs test return 3779.527704
    eval loss: 3779
step 263000/1000000, avs test return 3881.841840
    eval loss: 3881
step 264000/1000000, avs test return 3887.689711
    eval loss: 3887
step 265000/1000000, avs test return 3893.174136
    eval loss: 3893
step 266000/1000000, avs test return 3825.838365
    eval loss: 3825
step 267000/1000000, avs test return 3844.194387
    eval loss: 3844
step 268000/1000000, avs test return 3888.498716
    eval loss: 3888
step 269000/1000000, avs test return 3858.945822
    eval loss: 3858
step 270000/1000000, avs test return 3873.247081
    eval loss: 3873
step 271000/1000000, avs test return 3852.564976
    eval loss: 3852
step 272000/1000000, avs test return 3889.354772
    eval loss: 3889
step 273000/1000000, avs test return 3921.332139
    eval loss: 3921
step 274000/1000000, avs test return 3875.436626
    eval loss: 3875
step 275000/1000000, avs test return 3857.004164
    eval loss: 3857
step 276000/1000000, avs test return 3887.335525
    eval loss: 3887
step 277000/1000000, avs test return 3880.845067
    eval loss: 3880
step 278000/1000000, avs test return 3921.677587
    eval loss: 3921
step 279000/1000000, avs test return 3886.479473
    eval loss: 3886
step 280000/1000000, avs test return 3855.788406
    eval loss: 3855
step 281000/1000000, avs test return 3869.722791
    eval loss: 3869
step 282000/1000000, avs test return 3833.353011
    eval loss: 3833
step 283000/1000000, avs test return 3856.384669
    eval loss: 3856
step 284000/1000000, avs test return 3842.364833
    eval loss: 3842
step 285000/1000000, avs test return 3872.548424
    eval loss: 3872
step 286000/1000000, avs test return 3863.950410
    eval loss: 3863
step 287000/1000000, avs test return 3896.914261
    eval loss: 3896
step 288000/1000000, avs test return 3924.271033
    eval loss: 3924
step 289000/1000000, avs test return 3916.970917
    eval loss: 3916
step 290000/1000000, avs test return 3866.991803
    eval loss: 3866
step 291000/1000000, avs test return 3850.812236
    eval loss: 3850
step 292000/1000000, avs test return 3897.455475
    eval loss: 3897
step 293000/1000000, avs test return 3926.953602
    eval loss: 3926
step 294000/1000000, avs test return 3918.716916
    eval loss: 3918
step 295000/1000000, avs test return 3922.977244
    eval loss: 3922
step 296000/1000000, avs test return 3862.727462
    eval loss: 3862
step 297000/1000000, avs test return 3827.219509
    eval loss: 3827
step 298000/1000000, avs test return 3904.031562
    eval loss: 3904
step 299000/1000000, avs test return 3827.539213
    eval loss: 3827
step 300000/1000000, avs test return 3865.690590
    eval loss: 3865
step 301000/1000000, avs test return 3897.536096
    eval loss: 3897
step 302000/1000000, avs test return 3888.917891
    eval loss: 3888
step 303000/1000000, avs test return 3887.370879
    eval loss: 3887
step 304000/1000000, avs test return 3901.688895
    eval loss: 3901
step 305000/1000000, avs test return 3905.163269
    eval loss: 3905
step 306000/1000000, avs test return 3878.125365
    eval loss: 3878
step 307000/1000000, avs test return 3882.439433
    eval loss: 3882
step 308000/1000000, avs test return 3838.969436
    eval loss: 3838
step 309000/1000000, avs test return 3793.457288
    eval loss: 3793
step 310000/1000000, avs test return 3884.098411
    eval loss: 3884
step 311000/1000000, avs test return 3855.888685
    eval loss: 3855
step 312000/1000000, avs test return 3902.485009
    eval loss: 3902
step 313000/1000000, avs test return 3905.925078
    eval loss: 3905
step 314000/1000000, avs test return 3833.640678
    eval loss: 3833
step 315000/1000000, avs test return 3916.689978
    eval loss: 3916
step 316000/1000000, avs test return 3911.693459
    eval loss: 3911
step 317000/1000000, avs test return 3860.427941
    eval loss: 3860
step 318000/1000000, avs test return 3927.704133
    eval loss: 3927
step 319000/1000000, avs test return 3919.740692
    eval loss: 3919
step 320000/1000000, avs test return 3886.903907
    eval loss: 3886
step 321000/1000000, avs test return 3876.302662
    eval loss: 3876
step 322000/1000000, avs test return 3957.217897
    eval loss: 3957
step 323000/1000000, avs test return 3845.488614
    eval loss: 3845
step 324000/1000000, avs test return 3934.171648
    eval loss: 3934
step 325000/1000000, avs test return 3853.034185
    eval loss: 3853
step 326000/1000000, avs test return 3829.513729
    eval loss: 3829
step 327000/1000000, avs test return 3839.058805
    eval loss: 3839
step 328000/1000000, avs test return 3968.894742
    eval loss: 3968
step 329000/1000000, avs test return 3900.810155
    eval loss: 3900
step 330000/1000000, avs test return 3870.027090
    eval loss: 3870
step 331000/1000000, avs test return 3924.649659
    eval loss: 3924
step 332000/1000000, avs test return 3868.348829
    eval loss: 3868
step 333000/1000000, avs test return 3919.106003
    eval loss: 3919
step 334000/1000000, avs test return 3814.636087
    eval loss: 3814
step 335000/1000000, avs test return 3865.239115
    eval loss: 3865
step 336000/1000000, avs test return 3858.154681
    eval loss: 3858
step 337000/1000000, avs test return 3855.520413
    eval loss: 3855
step 338000/1000000, avs test return 3919.829714
    eval loss: 3919
step 339000/1000000, avs test return 3850.226306
    eval loss: 3850
step 340000/1000000, avs test return 3926.953612
    eval loss: 3926
step 341000/1000000, avs test return 3861.240174
    eval loss: 3861
step 342000/1000000, avs test return 3887.414636
    eval loss: 3887
step 343000/1000000, avs test return 3897.632794
    eval loss: 3897
step 344000/1000000, avs test return 3869.671047
    eval loss: 3869
step 345000/1000000, avs test return 3922.598417
    eval loss: 3922
step 346000/1000000, avs test return 3901.573995
    eval loss: 3901
step 347000/1000000, avs test return 3893.833653
    eval loss: 3893
step 348000/1000000, avs test return 3866.286436
    eval loss: 3866
step 349000/1000000, avs test return 3872.863165
    eval loss: 3872
step 350000/1000000, avs test return 3855.435877
    eval loss: 3855
step 351000/1000000, avs test return 3916.901918
    eval loss: 3916
step 352000/1000000, avs test return 3852.886463
    eval loss: 3852
step 353000/1000000, avs test return 3875.336218
    eval loss: 3875
step 354000/1000000, avs test return 3929.768974
    eval loss: 3929
step 355000/1000000, avs test return 3880.654892
    eval loss: 3880
step 356000/1000000, avs test return 3884.801997
    eval loss: 3884
step 357000/1000000, avs test return 3870.565996
    eval loss: 3870
step 358000/1000000, avs test return 3856.126526
    eval loss: 3856
step 359000/1000000, avs test return 3826.528808
    eval loss: 3826
step 360000/1000000, avs test return 3899.267574
    eval loss: 3899
step 361000/1000000, avs test return 3871.776847
    eval loss: 3871
step 362000/1000000, avs test return 3814.131547
    eval loss: 3814
step 363000/1000000, avs test return 3878.324463
    eval loss: 3878
step 364000/1000000, avs test return 3913.491853
    eval loss: 3913
step 365000/1000000, avs test return 3901.443667
    eval loss: 3901
step 366000/1000000, avs test return 3874.169310
    eval loss: 3874
step 367000/1000000, avs test return 3868.604674
    eval loss: 3868
step 368000/1000000, avs test return 3855.709743
    eval loss: 3855
step 369000/1000000, avs test return 3920.165964
    eval loss: 3920
step 370000/1000000, avs test return 3893.967240
    eval loss: 3893
step 371000/1000000, avs test return 3941.962465
    eval loss: 3941
step 372000/1000000, avs test return 3870.985255
    eval loss: 3870
step 373000/1000000, avs test return 3785.338260
    eval loss: 3785
step 374000/1000000, avs test return 3825.111790
    eval loss: 3825
step 375000/1000000, avs test return 3894.926335
    eval loss: 3894
step 376000/1000000, avs test return 3860.461886
    eval loss: 3860
step 377000/1000000, avs test return 3889.161256
    eval loss: 3889
step 378000/1000000, avs test return 3888.881517
    eval loss: 3888
step 379000/1000000, avs test return 3811.229310
    eval loss: 3811
step 380000/1000000, avs test return 3837.633302
    eval loss: 3837
step 381000/1000000, avs test return 3924.309656
    eval loss: 3924
step 382000/1000000, avs test return 3912.493876
    eval loss: 3912
step 383000/1000000, avs test return 3901.640282
    eval loss: 3901
step 384000/1000000, avs test return 3892.292686
    eval loss: 3892
step 385000/1000000, avs test return 3893.794064
    eval loss: 3893
step 386000/1000000, avs test return 3908.411956
    eval loss: 3908
step 387000/1000000, avs test return 3887.448574
    eval loss: 3887
step 388000/1000000, avs test return 3764.734255
    eval loss: 3764
step 389000/1000000, avs test return 3909.173282
    eval loss: 3909
step 390000/1000000, avs test return 3894.587212
    eval loss: 3894
step 391000/1000000, avs test return 3848.503139
    eval loss: 3848
step 392000/1000000, avs test return 3883.599737
    eval loss: 3883
step 393000/1000000, avs test return 3909.384711
    eval loss: 3909
step 394000/1000000, avs test return 3871.253962
    eval loss: 3871
step 395000/1000000, avs test return 3876.770822
    eval loss: 3876
step 396000/1000000, avs test return 3874.149616
    eval loss: 3874
step 397000/1000000, avs test return 3870.799479
    eval loss: 3870
step 398000/1000000, avs test return 3825.927554
    eval loss: 3825
step 399000/1000000, avs test return 3877.863796
    eval loss: 3877
step 400000/1000000, avs test return 3867.995975
    eval loss: 3867
step 401000/1000000, avs test return 3894.035386
    eval loss: 3894
step 402000/1000000, avs test return 3893.470716
    eval loss: 3893
step 403000/1000000, avs test return 3964.438817
    eval loss: 3964
step 404000/1000000, avs test return 3894.026722
    eval loss: 3894
step 405000/1000000, avs test return 3942.273722
    eval loss: 3942
step 406000/1000000, avs test return 3822.255325
    eval loss: 3822
step 407000/1000000, avs test return 3893.246923
    eval loss: 3893
step 408000/1000000, avs test return 3862.201869
    eval loss: 3862
step 409000/1000000, avs test return 3915.872990
    eval loss: 3915
step 410000/1000000, avs test return 3877.720094
    eval loss: 3877
step 411000/1000000, avs test return 3926.840471
    eval loss: 3926
step 412000/1000000, avs test return 3886.883708
    eval loss: 3886
step 413000/1000000, avs test return 3915.123222
    eval loss: 3915
step 414000/1000000, avs test return 3892.346350
    eval loss: 3892
step 415000/1000000, avs test return 3916.105675
    eval loss: 3916
step 416000/1000000, avs test return 3891.801700
    eval loss: 3891
step 417000/1000000, avs test return 3878.662413
    eval loss: 3878
step 418000/1000000, avs test return 3971.598455
    eval loss: 3971
step 419000/1000000, avs test return 3901.613091
    eval loss: 3901
step 420000/1000000, avs test return 3882.058951
    eval loss: 3882
step 421000/1000000, avs test return 3877.990116
    eval loss: 3877
step 422000/1000000, avs test return 3863.463766
    eval loss: 3863
step 423000/1000000, avs test return 3898.371721
    eval loss: 3898
step 424000/1000000, avs test return 3858.435153
    eval loss: 3858
step 425000/1000000, avs test return 3803.925930
    eval loss: 3803
step 426000/1000000, avs test return 3865.644577
    eval loss: 3865
step 427000/1000000, avs test return 3895.591356
    eval loss: 3895
step 428000/1000000, avs test return 3901.168090
    eval loss: 3901
step 429000/1000000, avs test return 3936.227831
    eval loss: 3936
step 430000/1000000, avs test return 3824.972474
    eval loss: 3824
step 431000/1000000, avs test return 3943.887605
    eval loss: 3943
step 432000/1000000, avs test return 3897.123568
    eval loss: 3897
step 433000/1000000, avs test return 3962.131673
    eval loss: 3962
step 434000/1000000, avs test return 3885.277224
    eval loss: 3885
step 435000/1000000, avs test return 3888.036914
    eval loss: 3888
step 436000/1000000, avs test return 3935.042145
    eval loss: 3935
step 437000/1000000, avs test return 3885.406441
    eval loss: 3885
step 438000/1000000, avs test return 3841.291661
    eval loss: 3841
step 439000/1000000, avs test return 3902.887819
    eval loss: 3902
step 440000/1000000, avs test return 3879.931197
    eval loss: 3879
step 441000/1000000, avs test return 3923.433901
    eval loss: 3923
step 442000/1000000, avs test return 3885.112456
    eval loss: 3885
step 443000/1000000, avs test return 3925.915075
    eval loss: 3925
step 444000/1000000, avs test return 3941.654434
    eval loss: 3941
step 445000/1000000, avs test return 3936.511333
    eval loss: 3936
step 446000/1000000, avs test return 3922.751548
    eval loss: 3922
step 447000/1000000, avs test return 3928.458426
    eval loss: 3928
step 448000/1000000, avs test return 3920.700774
    eval loss: 3920
step 449000/1000000, avs test return 3884.402494
    eval loss: 3884
step 450000/1000000, avs test return 3921.866264
    eval loss: 3921
step 451000/1000000, avs test return 3882.767794
    eval loss: 3882
step 452000/1000000, avs test return 3917.023550
    eval loss: 3917
step 453000/1000000, avs test return 3972.570231
    eval loss: 3972
step 454000/1000000, avs test return 3875.507629
    eval loss: 3875
step 455000/1000000, avs test return 3946.910837
    eval loss: 3946
step 456000/1000000, avs test return 3939.264322
    eval loss: 3939
step 457000/1000000, avs test return 3939.507525
    eval loss: 3939
step 458000/1000000, avs test return 3901.606551
    eval loss: 3901
step 459000/1000000, avs test return 3942.418441
    eval loss: 3942
step 460000/1000000, avs test return 3906.543125
    eval loss: 3906
step 461000/1000000, avs test return 3946.133968
    eval loss: 3946
step 462000/1000000, avs test return 3892.300307
    eval loss: 3892
step 463000/1000000, avs test return 3912.928267
    eval loss: 3912
step 464000/1000000, avs test return 3932.621301
    eval loss: 3932
step 465000/1000000, avs test return 3920.299132
    eval loss: 3920
step 466000/1000000, avs test return 3936.654275
    eval loss: 3936
step 467000/1000000, avs test return 3939.761306
    eval loss: 3939
step 468000/1000000, avs test return 3854.198675
    eval loss: 3854
step 469000/1000000, avs test return 3878.885819
    eval loss: 3878
step 470000/1000000, avs test return 3910.474215
    eval loss: 3910
step 471000/1000000, avs test return 3863.190574
    eval loss: 3863
step 472000/1000000, avs test return 3878.479083
    eval loss: 3878
step 473000/1000000, avs test return 3902.144701
    eval loss: 3902
step 474000/1000000, avs test return 3961.158728
    eval loss: 3961
step 475000/1000000, avs test return 3924.406081
    eval loss: 3924
step 476000/1000000, avs test return 3939.122396
    eval loss: 3939
step 477000/1000000, avs test return 3923.210874
    eval loss: 3923
step 478000/1000000, avs test return 3914.935704
    eval loss: 3914
step 479000/1000000, avs test return 3885.892327
    eval loss: 3885
step 480000/1000000, avs test return 3880.675103
    eval loss: 3880
step 481000/1000000, avs test return 3953.490202
    eval loss: 3953
step 482000/1000000, avs test return 3894.638700
    eval loss: 3894
step 483000/1000000, avs test return 3875.423964
    eval loss: 3875
step 484000/1000000, avs test return 3894.795929
    eval loss: 3894
step 485000/1000000, avs test return 3925.752651
    eval loss: 3925
step 486000/1000000, avs test return 3921.887985
    eval loss: 3921
step 487000/1000000, avs test return 3897.937370
    eval loss: 3897
step 488000/1000000, avs test return 3918.161099
    eval loss: 3918
step 489000/1000000, avs test return 3916.086984
    eval loss: 3916
step 490000/1000000, avs test return 3907.886347
    eval loss: 3907
step 491000/1000000, avs test return 3967.804900
    eval loss: 3967
step 492000/1000000, avs test return 3937.590727
    eval loss: 3937
step 493000/1000000, avs test return 3869.660490
    eval loss: 3869
step 494000/1000000, avs test return 3957.926740
    eval loss: 3957
step 495000/1000000, avs test return 3890.800846
    eval loss: 3890
step 496000/1000000, avs test return 3901.269951
    eval loss: 3901
step 497000/1000000, avs test return 3929.530054
    eval loss: 3929
step 498000/1000000, avs test return 3918.752607
    eval loss: 3918
step 499000/1000000, avs test return 3954.709714
    eval loss: 3954
step 500000/1000000, avs test return 3944.612091
    eval loss: 3944
step 501000/1000000, avs test return 3967.828787
    eval loss: 3967
step 502000/1000000, avs test return 3879.037844
    eval loss: 3879
step 503000/1000000, avs test return 3869.277927
    eval loss: 3869
step 504000/1000000, avs test return 3918.270973
    eval loss: 3918
step 505000/1000000, avs test return 3946.792342
    eval loss: 3946
step 506000/1000000, avs test return 3932.436819
    eval loss: 3932
step 507000/1000000, avs test return 3945.960403
    eval loss: 3945
step 508000/1000000, avs test return 3914.762932
    eval loss: 3914
step 509000/1000000, avs test return 3866.633029
    eval loss: 3866
step 510000/1000000, avs test return 3979.225970
    eval loss: 3979
step 511000/1000000, avs test return 3923.226292
    eval loss: 3923
step 512000/1000000, avs test return 3971.604915
    eval loss: 3971
step 513000/1000000, avs test return 3842.065033
    eval loss: 3842
step 514000/1000000, avs test return 3965.511300
    eval loss: 3965
step 515000/1000000, avs test return 3950.008649
    eval loss: 3950
step 516000/1000000, avs test return 4002.536930
    eval loss: 4002
step 517000/1000000, avs test return 3915.558737
    eval loss: 3915
step 518000/1000000, avs test return 3937.617924
    eval loss: 3937
step 519000/1000000, avs test return 3936.103859
    eval loss: 3936
step 520000/1000000, avs test return 3913.640261
    eval loss: 3913
step 521000/1000000, avs test return 3942.046506
    eval loss: 3942
step 522000/1000000, avs test return 3977.904289
    eval loss: 3977
step 523000/1000000, avs test return 3853.963756
    eval loss: 3853
step 524000/1000000, avs test return 3957.944869
    eval loss: 3957
step 525000/1000000, avs test return 3843.126809
    eval loss: 3843
step 526000/1000000, avs test return 3889.077416
    eval loss: 3889
step 527000/1000000, avs test return 3924.364412
    eval loss: 3924
step 528000/1000000, avs test return 3916.663525
    eval loss: 3916
step 529000/1000000, avs test return 3928.898557
    eval loss: 3928
step 530000/1000000, avs test return 3958.060319
    eval loss: 3958
step 531000/1000000, avs test return 3940.082584
    eval loss: 3940
step 532000/1000000, avs test return 4006.279106
    eval loss: 4006
step 533000/1000000, avs test return 3957.582488
    eval loss: 3957
step 534000/1000000, avs test return 3944.489284
    eval loss: 3944
step 535000/1000000, avs test return 3913.626377
    eval loss: 3913
step 536000/1000000, avs test return 3921.514936
    eval loss: 3921
step 537000/1000000, avs test return 3961.022158
    eval loss: 3961
step 538000/1000000, avs test return 3905.292961
    eval loss: 3905
step 539000/1000000, avs test return 3896.888798
    eval loss: 3896
step 540000/1000000, avs test return 3924.113839
    eval loss: 3924
step 541000/1000000, avs test return 3930.006213
    eval loss: 3930
step 542000/1000000, avs test return 3920.654034
    eval loss: 3920
step 543000/1000000, avs test return 3873.062674
    eval loss: 3873
step 544000/1000000, avs test return 3938.840145
    eval loss: 3938
step 545000/1000000, avs test return 3961.023722
    eval loss: 3961
step 546000/1000000, avs test return 3894.117620
    eval loss: 3894
step 547000/1000000, avs test return 3919.433208
    eval loss: 3919
step 548000/1000000, avs test return 3930.627107
    eval loss: 3930
step 549000/1000000, avs test return 3912.057284
    eval loss: 3912
step 550000/1000000, avs test return 3949.237948
    eval loss: 3949
step 551000/1000000, avs test return 3922.297380
    eval loss: 3922
step 552000/1000000, avs test return 3945.765810
    eval loss: 3945
step 553000/1000000, avs test return 3952.911754
    eval loss: 3952
step 554000/1000000, avs test return 3907.570076
    eval loss: 3907
step 555000/1000000, avs test return 3976.411454
    eval loss: 3976
step 556000/1000000, avs test return 3914.806962
    eval loss: 3914
step 557000/1000000, avs test return 3996.956293
    eval loss: 3996
step 558000/1000000, avs test return 4003.974247
    eval loss: 4003
step 559000/1000000, avs test return 3958.735752
    eval loss: 3958
step 560000/1000000, avs test return 3917.842251
    eval loss: 3917
step 561000/1000000, avs test return 3896.073710
    eval loss: 3896
step 562000/1000000, avs test return 3976.063620
    eval loss: 3976
step 563000/1000000, avs test return 3954.343626
    eval loss: 3954
step 564000/1000000, avs test return 3895.646436
    eval loss: 3895
step 565000/1000000, avs test return 3931.799971
    eval loss: 3931
step 566000/1000000, avs test return 3957.438512
    eval loss: 3957
step 567000/1000000, avs test return 3932.978580
    eval loss: 3932
step 568000/1000000, avs test return 3863.754474
    eval loss: 3863
step 569000/1000000, avs test return 3966.580019
    eval loss: 3966
step 570000/1000000, avs test return 3941.367981
    eval loss: 3941
step 571000/1000000, avs test return 4006.759492
    eval loss: 4006
step 572000/1000000, avs test return 3948.330714
    eval loss: 3948
step 573000/1000000, avs test return 3935.220751
    eval loss: 3935
step 574000/1000000, avs test return 3982.760912
    eval loss: 3982
step 575000/1000000, avs test return 3858.359607
    eval loss: 3858
step 576000/1000000, avs test return 3982.860635
    eval loss: 3982
step 577000/1000000, avs test return 3973.195247
    eval loss: 3973
step 578000/1000000, avs test return 3918.336699
    eval loss: 3918
step 579000/1000000, avs test return 3961.215331
    eval loss: 3961
step 580000/1000000, avs test return 3974.786010
    eval loss: 3974
step 581000/1000000, avs test return 3994.969691
    eval loss: 3994
step 582000/1000000, avs test return 3987.357278
    eval loss: 3987
step 583000/1000000, avs test return 3992.274867
    eval loss: 3992
step 584000/1000000, avs test return 3976.077833
    eval loss: 3976
step 585000/1000000, avs test return 3988.968952
    eval loss: 3988
step 586000/1000000, avs test return 4000.703394
    eval loss: 4000
step 587000/1000000, avs test return 3925.230873
    eval loss: 3925
step 588000/1000000, avs test return 3989.116164
    eval loss: 3989
step 589000/1000000, avs test return 3878.744466
    eval loss: 3878
step 590000/1000000, avs test return 3897.755391
    eval loss: 3897
step 591000/1000000, avs test return 3970.755665
    eval loss: 3970
step 592000/1000000, avs test return 3979.658470
    eval loss: 3979
step 593000/1000000, avs test return 4014.336117
    eval loss: 4014
step 594000/1000000, avs test return 3931.270240
    eval loss: 3931
step 595000/1000000, avs test return 3982.681448
    eval loss: 3982
step 596000/1000000, avs test return 3981.089298
    eval loss: 3981
step 597000/1000000, avs test return 3934.414586
    eval loss: 3934
step 598000/1000000, avs test return 3994.253284
    eval loss: 3994
step 599000/1000000, avs test return 3875.492540
    eval loss: 3875
step 600000/1000000, avs test return 3956.922895
    eval loss: 3956
step 601000/1000000, avs test return 4003.336455
    eval loss: 4003
step 602000/1000000, avs test return 3929.215254
    eval loss: 3929
step 603000/1000000, avs test return 3888.607259
    eval loss: 3888
step 604000/1000000, avs test return 3906.007029
    eval loss: 3906
step 605000/1000000, avs test return 3969.563213
    eval loss: 3969
step 606000/1000000, avs test return 3945.079658
    eval loss: 3945
step 607000/1000000, avs test return 3917.600788
    eval loss: 3917
step 608000/1000000, avs test return 4002.479379
    eval loss: 4002
step 609000/1000000, avs test return 3930.981000
    eval loss: 3930
step 610000/1000000, avs test return 3936.557383
    eval loss: 3936
step 611000/1000000, avs test return 3917.001649
    eval loss: 3917
step 612000/1000000, avs test return 3944.034533
    eval loss: 3944
step 613000/1000000, avs test return 3867.277567
    eval loss: 3867
step 614000/1000000, avs test return 3950.995205
    eval loss: 3950
step 615000/1000000, avs test return 3983.929224
    eval loss: 3983
step 616000/1000000, avs test return 4000.243795
    eval loss: 4000
step 617000/1000000, avs test return 4038.385931
    eval loss: 4038
step 618000/1000000, avs test return 3952.376499
    eval loss: 3952
step 619000/1000000, avs test return 3898.299789
    eval loss: 3898
step 620000/1000000, avs test return 3955.043902
    eval loss: 3955
step 621000/1000000, avs test return 4044.887436
    eval loss: 4044
step 622000/1000000, avs test return 3940.939265
    eval loss: 3940
step 623000/1000000, avs test return 3928.314953
    eval loss: 3928
step 624000/1000000, avs test return 3962.293227
    eval loss: 3962
step 625000/1000000, avs test return 3926.543354
    eval loss: 3926
step 626000/1000000, avs test return 3991.121436
    eval loss: 3991
step 627000/1000000, avs test return 3944.815386
    eval loss: 3944
step 628000/1000000, avs test return 3987.529671
    eval loss: 3987
step 629000/1000000, avs test return 3877.061279
    eval loss: 3877
step 630000/1000000, avs test return 3954.297326
    eval loss: 3954
step 631000/1000000, avs test return 4008.638734
    eval loss: 4008
step 632000/1000000, avs test return 3958.350347
    eval loss: 3958
step 633000/1000000, avs test return 3907.764416
    eval loss: 3907
step 634000/1000000, avs test return 3944.485600
    eval loss: 3944
step 635000/1000000, avs test return 3979.827411
    eval loss: 3979
step 636000/1000000, avs test return 3937.645671
    eval loss: 3937
step 637000/1000000, avs test return 4004.428476
    eval loss: 4004
step 638000/1000000, avs test return 4018.198575
    eval loss: 4018
step 639000/1000000, avs test return 3978.972085
    eval loss: 3978
step 640000/1000000, avs test return 3929.226672
    eval loss: 3929
step 641000/1000000, avs test return 3954.855693
    eval loss: 3954
step 642000/1000000, avs test return 3939.774294
    eval loss: 3939
step 643000/1000000, avs test return 3968.969245
    eval loss: 3968
step 644000/1000000, avs test return 3911.670825
    eval loss: 3911
step 645000/1000000, avs test return 3827.388836
    eval loss: 3827
step 646000/1000000, avs test return 4015.160151
    eval loss: 4015
step 647000/1000000, avs test return 4028.686793
    eval loss: 4028
step 648000/1000000, avs test return 3956.189662
    eval loss: 3956
step 649000/1000000, avs test return 4028.045521
    eval loss: 4028
step 650000/1000000, avs test return 3886.484464
    eval loss: 3886
step 651000/1000000, avs test return 4017.545814
    eval loss: 4017
step 652000/1000000, avs test return 3859.004099
    eval loss: 3859
step 653000/1000000, avs test return 3902.332354
    eval loss: 3902
step 654000/1000000, avs test return 3897.382580
    eval loss: 3897
step 655000/1000000, avs test return 3938.282307
    eval loss: 3938
step 656000/1000000, avs test return 3976.651791
    eval loss: 3976
step 657000/1000000, avs test return 3945.246915
    eval loss: 3945
step 658000/1000000, avs test return 3983.081456
    eval loss: 3983
step 659000/1000000, avs test return 4001.035656
    eval loss: 4001
step 660000/1000000, avs test return 4006.386372
    eval loss: 4006
step 661000/1000000, avs test return 3998.935073
    eval loss: 3998
step 662000/1000000, avs test return 3939.548480
    eval loss: 3939
step 663000/1000000, avs test return 3928.909667
    eval loss: 3928
step 664000/1000000, avs test return 3985.257051
    eval loss: 3985
step 665000/1000000, avs test return 3979.531303
    eval loss: 3979
step 666000/1000000, avs test return 3966.107423
    eval loss: 3966
step 667000/1000000, avs test return 3951.236601
    eval loss: 3951
step 668000/1000000, avs test return 3948.462514
    eval loss: 3948
step 669000/1000000, avs test return 3904.507192
    eval loss: 3904
step 670000/1000000, avs test return 4011.173296
    eval loss: 4011
step 671000/1000000, avs test return 3958.354858
    eval loss: 3958
step 672000/1000000, avs test return 4011.542283
    eval loss: 4011
step 673000/1000000, avs test return 3887.212135
    eval loss: 3887
step 674000/1000000, avs test return 4047.978150
    eval loss: 4047
step 675000/1000000, avs test return 3928.951582
    eval loss: 3928
step 676000/1000000, avs test return 4010.294148
    eval loss: 4010
step 677000/1000000, avs test return 3986.481162
    eval loss: 3986
step 678000/1000000, avs test return 3934.334731
    eval loss: 3934
step 679000/1000000, avs test return 3978.971500
    eval loss: 3978
step 680000/1000000, avs test return 3856.118828
    eval loss: 3856
step 681000/1000000, avs test return 3885.587353
    eval loss: 3885
step 682000/1000000, avs test return 3877.023707
    eval loss: 3877
step 683000/1000000, avs test return 4019.334064
    eval loss: 4019
step 684000/1000000, avs test return 3906.793401
    eval loss: 3906
step 685000/1000000, avs test return 4000.607202
    eval loss: 4000
step 686000/1000000, avs test return 3913.530708
    eval loss: 3913
step 687000/1000000, avs test return 3956.397895
    eval loss: 3956
step 688000/1000000, avs test return 3981.307891
    eval loss: 3981
step 689000/1000000, avs test return 3928.297253
    eval loss: 3928
step 690000/1000000, avs test return 3931.144451
    eval loss: 3931
step 691000/1000000, avs test return 3948.665644
    eval loss: 3948
step 692000/1000000, avs test return 3982.250471
    eval loss: 3982
step 693000/1000000, avs test return 3890.471604
    eval loss: 3890
step 694000/1000000, avs test return 3896.131311
    eval loss: 3896
step 695000/1000000, avs test return 3921.241704
    eval loss: 3921
step 696000/1000000, avs test return 3994.767616
    eval loss: 3994
step 697000/1000000, avs test return 3928.318163
    eval loss: 3928
step 698000/1000000, avs test return 3982.882716
    eval loss: 3982
step 699000/1000000, avs test return 3875.364351
    eval loss: 3875
step 700000/1000000, avs test return 3937.460611
    eval loss: 3937
step 701000/1000000, avs test return 3909.797374
    eval loss: 3909
step 702000/1000000, avs test return 3960.098996
    eval loss: 3960
step 703000/1000000, avs test return 4019.233837
    eval loss: 4019
step 704000/1000000, avs test return 3894.164276
    eval loss: 3894
step 705000/1000000, avs test return 3955.545070
    eval loss: 3955
step 706000/1000000, avs test return 3937.161990
    eval loss: 3937
step 707000/1000000, avs test return 3950.019255
    eval loss: 3950
step 708000/1000000, avs test return 4006.818370
    eval loss: 4006
step 709000/1000000, avs test return 3977.617769
    eval loss: 3977
step 710000/1000000, avs test return 4037.699515
    eval loss: 4037
step 711000/1000000, avs test return 3933.244205
    eval loss: 3933
step 712000/1000000, avs test return 3943.941716
    eval loss: 3943
step 713000/1000000, avs test return 3965.792346
    eval loss: 3965
step 714000/1000000, avs test return 3907.038830
    eval loss: 3907
step 715000/1000000, avs test return 4006.146315
    eval loss: 4006
step 716000/1000000, avs test return 3988.210896
    eval loss: 3988
step 717000/1000000, avs test return 3883.673524
    eval loss: 3883
step 718000/1000000, avs test return 3961.797765
    eval loss: 3961
step 719000/1000000, avs test return 3967.167044
    eval loss: 3967
step 720000/1000000, avs test return 3947.247019
    eval loss: 3947
step 721000/1000000, avs test return 4022.368872
    eval loss: 4022
step 722000/1000000, avs test return 3926.892198
    eval loss: 3926
step 723000/1000000, avs test return 3962.787915
    eval loss: 3962
step 724000/1000000, avs test return 3963.835818
    eval loss: 3963
step 725000/1000000, avs test return 3984.734511
    eval loss: 3984
step 726000/1000000, avs test return 3988.691863
    eval loss: 3988
step 727000/1000000, avs test return 3972.446430
    eval loss: 3972
step 728000/1000000, avs test return 3904.014944
    eval loss: 3904
step 729000/1000000, avs test return 3991.635339
    eval loss: 3991
step 730000/1000000, avs test return 3994.802113
    eval loss: 3994
step 731000/1000000, avs test return 3962.773968
    eval loss: 3962
step 732000/1000000, avs test return 3939.908930
    eval loss: 3939
step 733000/1000000, avs test return 3985.850832
    eval loss: 3985
step 734000/1000000, avs test return 4005.532177
    eval loss: 4005
step 735000/1000000, avs test return 3943.436398
    eval loss: 3943
step 736000/1000000, avs test return 3980.573235
    eval loss: 3980
step 737000/1000000, avs test return 3953.017598
    eval loss: 3953
step 738000/1000000, avs test return 3930.895209
    eval loss: 3930
step 739000/1000000, avs test return 3963.929630
    eval loss: 3963
step 740000/1000000, avs test return 4031.213833
    eval loss: 4031
step 741000/1000000, avs test return 3996.675829
    eval loss: 3996
step 742000/1000000, avs test return 3904.179103
    eval loss: 3904
step 743000/1000000, avs test return 3976.440398
    eval loss: 3976
step 744000/1000000, avs test return 4016.544488
    eval loss: 4016
step 745000/1000000, avs test return 3981.529199
    eval loss: 3981
step 746000/1000000, avs test return 3931.720809
    eval loss: 3931
step 747000/1000000, avs test return 3992.274450
    eval loss: 3992
step 748000/1000000, avs test return 3947.975632
    eval loss: 3947
step 749000/1000000, avs test return 3986.771401
    eval loss: 3986
step 750000/1000000, avs test return 4023.591095
    eval loss: 4023
step 751000/1000000, avs test return 4016.814897
    eval loss: 4016
step 752000/1000000, avs test return 3889.889594
    eval loss: 3889
step 753000/1000000, avs test return 3979.298552
    eval loss: 3979
step 754000/1000000, avs test return 3979.597984
    eval loss: 3979
step 755000/1000000, avs test return 3911.370362
    eval loss: 3911
step 756000/1000000, avs test return 3939.759187
    eval loss: 3939
step 757000/1000000, avs test return 3981.354978
    eval loss: 3981
step 758000/1000000, avs test return 3893.887113
    eval loss: 3893
step 759000/1000000, avs test return 3889.114470
    eval loss: 3889
step 760000/1000000, avs test return 3948.912862
    eval loss: 3948
step 761000/1000000, avs test return 3970.227537
    eval loss: 3970
step 762000/1000000, avs test return 3965.470340
    eval loss: 3965
step 763000/1000000, avs test return 3949.214106
    eval loss: 3949
step 764000/1000000, avs test return 3958.004270
    eval loss: 3958
step 765000/1000000, avs test return 3987.097923
    eval loss: 3987
step 766000/1000000, avs test return 3927.763778
    eval loss: 3927
step 767000/1000000, avs test return 3963.478715
    eval loss: 3963
step 768000/1000000, avs test return 4041.630645
    eval loss: 4041
step 769000/1000000, avs test return 3969.926221
    eval loss: 3969
step 770000/1000000, avs test return 3985.206602
    eval loss: 3985
step 771000/1000000, avs test return 3943.505856
    eval loss: 3943
step 772000/1000000, avs test return 3973.640007
    eval loss: 3973
step 773000/1000000, avs test return 3980.155539
    eval loss: 3980
step 774000/1000000, avs test return 3980.850461
    eval loss: 3980
step 775000/1000000, avs test return 3961.803612
    eval loss: 3961
step 776000/1000000, avs test return 3937.168348
    eval loss: 3937
step 777000/1000000, avs test return 4013.171922
    eval loss: 4013
step 778000/1000000, avs test return 3968.723938
    eval loss: 3968
step 779000/1000000, avs test return 3976.434620
    eval loss: 3976
step 780000/1000000, avs test return 3939.276501
    eval loss: 3939
step 781000/1000000, avs test return 3992.762425
    eval loss: 3992
step 782000/1000000, avs test return 3952.726738
    eval loss: 3952
step 783000/1000000, avs test return 3943.302092
    eval loss: 3943
step 784000/1000000, avs test return 3932.300736
    eval loss: 3932
step 785000/1000000, avs test return 3994.006948
    eval loss: 3994
step 786000/1000000, avs test return 4005.758042
    eval loss: 4005
step 787000/1000000, avs test return 3955.895506
    eval loss: 3955
step 788000/1000000, avs test return 4026.221965
    eval loss: 4026
step 789000/1000000, avs test return 4042.032004
    eval loss: 4042
step 790000/1000000, avs test return 3974.691286
    eval loss: 3974
step 791000/1000000, avs test return 3985.535808
    eval loss: 3985
step 792000/1000000, avs test return 4003.187250
    eval loss: 4003
step 793000/1000000, avs test return 3945.644860
    eval loss: 3945
step 794000/1000000, avs test return 3982.215751
    eval loss: 3982
step 795000/1000000, avs test return 3940.647877
    eval loss: 3940
step 796000/1000000, avs test return 3928.418958
    eval loss: 3928
step 797000/1000000, avs test return 3916.141974
    eval loss: 3916
step 798000/1000000, avs test return 3982.988153
    eval loss: 3982
step 799000/1000000, avs test return 4040.274280
    eval loss: 4040
step 800000/1000000, avs test return 3969.225889
    eval loss: 3969
step 801000/1000000, avs test return 4052.863391
    eval loss: 4052
step 802000/1000000, avs test return 4037.156225
    eval loss: 4037
step 803000/1000000, avs test return 4036.023593
    eval loss: 4036
step 804000/1000000, avs test return 3978.952883
    eval loss: 3978
step 805000/1000000, avs test return 3970.294434
    eval loss: 3970
step 806000/1000000, avs test return 4017.784384
    eval loss: 4017
step 807000/1000000, avs test return 3952.296783
    eval loss: 3952
step 808000/1000000, avs test return 3980.009060
    eval loss: 3980
step 809000/1000000, avs test return 4017.542314
    eval loss: 4017
step 810000/1000000, avs test return 3996.866679
    eval loss: 3996
step 811000/1000000, avs test return 4011.259168
    eval loss: 4011
step 812000/1000000, avs test return 3953.797641
    eval loss: 3953
step 813000/1000000, avs test return 3959.012914
    eval loss: 3959
step 814000/1000000, avs test return 4012.850807
    eval loss: 4012
step 815000/1000000, avs test return 3922.084746
    eval loss: 3922
step 816000/1000000, avs test return 4048.324852
    eval loss: 4048
step 817000/1000000, avs test return 3966.303775
    eval loss: 3966
step 818000/1000000, avs test return 4031.459520
    eval loss: 4031
step 819000/1000000, avs test return 3952.046442
    eval loss: 3952
step 820000/1000000, avs test return 4056.413591
    eval loss: 4056
step 821000/1000000, avs test return 3998.012550
    eval loss: 3998
step 822000/1000000, avs test return 4021.891741
    eval loss: 4021
step 823000/1000000, avs test return 4045.218204
    eval loss: 4045
step 824000/1000000, avs test return 3979.614752
    eval loss: 3979
step 825000/1000000, avs test return 3959.652282
    eval loss: 3959
step 826000/1000000, avs test return 3952.772640
    eval loss: 3952
step 827000/1000000, avs test return 3919.399183
    eval loss: 3919
step 828000/1000000, avs test return 3872.576703
    eval loss: 3872
step 829000/1000000, avs test return 3936.796788
    eval loss: 3936
step 830000/1000000, avs test return 3952.526730
    eval loss: 3952
step 831000/1000000, avs test return 3965.754754
    eval loss: 3965
step 832000/1000000, avs test return 3964.301616
    eval loss: 3964
step 833000/1000000, avs test return 3966.362091
    eval loss: 3966
step 834000/1000000, avs test return 3988.095588
    eval loss: 3988
step 835000/1000000, avs test return 3929.718068
    eval loss: 3929
step 836000/1000000, avs test return 4086.449622
    eval loss: 4086
step 837000/1000000, avs test return 3967.658223
    eval loss: 3967
step 838000/1000000, avs test return 3969.679929
    eval loss: 3969
step 839000/1000000, avs test return 3928.474958
    eval loss: 3928
step 840000/1000000, avs test return 4053.145634
    eval loss: 4053
step 841000/1000000, avs test return 3997.990474
    eval loss: 3997
step 842000/1000000, avs test return 3977.388939
    eval loss: 3977
step 843000/1000000, avs test return 3985.998848
    eval loss: 3985
step 844000/1000000, avs test return 4041.085544
    eval loss: 4041
step 845000/1000000, avs test return 4035.823481
    eval loss: 4035
step 846000/1000000, avs test return 3945.477158
    eval loss: 3945
step 847000/1000000, avs test return 4076.701409
    eval loss: 4076
step 848000/1000000, avs test return 4043.520209
    eval loss: 4043
step 849000/1000000, avs test return 4034.075712
    eval loss: 4034
step 850000/1000000, avs test return 4028.131607
    eval loss: 4028
step 851000/1000000, avs test return 3929.757593
    eval loss: 3929
step 852000/1000000, avs test return 3971.750515
    eval loss: 3971
step 853000/1000000, avs test return 4020.168664
    eval loss: 4020
step 854000/1000000, avs test return 3995.158689
    eval loss: 3995
step 855000/1000000, avs test return 3962.408239
    eval loss: 3962
step 856000/1000000, avs test return 3985.049226
    eval loss: 3985
step 857000/1000000, avs test return 3985.711780
    eval loss: 3985
step 858000/1000000, avs test return 3993.357701
    eval loss: 3993
step 859000/1000000, avs test return 3972.391382
    eval loss: 3972
step 860000/1000000, avs test return 4052.018655
    eval loss: 4052
step 861000/1000000, avs test return 4004.643368
    eval loss: 4004
step 862000/1000000, avs test return 4054.482298
    eval loss: 4054
step 863000/1000000, avs test return 4051.825072
    eval loss: 4051
step 864000/1000000, avs test return 4003.608452
    eval loss: 4003
step 865000/1000000, avs test return 4015.969047
    eval loss: 4015
step 866000/1000000, avs test return 3961.401179
    eval loss: 3961
step 867000/1000000, avs test return 4050.205338
    eval loss: 4050
step 868000/1000000, avs test return 3999.808797
    eval loss: 3999
step 869000/1000000, avs test return 4011.921882
    eval loss: 4011
step 870000/1000000, avs test return 3961.747709
    eval loss: 3961
step 871000/1000000, avs test return 3949.311461
    eval loss: 3949
step 872000/1000000, avs test return 4033.140862
    eval loss: 4033
step 873000/1000000, avs test return 4035.989014
    eval loss: 4035
step 874000/1000000, avs test return 4022.118473
    eval loss: 4022
step 875000/1000000, avs test return 3975.251790
    eval loss: 3975
step 876000/1000000, avs test return 3970.752548
    eval loss: 3970
step 877000/1000000, avs test return 3964.881336
    eval loss: 3964
step 878000/1000000, avs test return 3973.876398
    eval loss: 3973
step 879000/1000000, avs test return 4012.352269
    eval loss: 4012
step 880000/1000000, avs test return 4022.912388
    eval loss: 4022
step 881000/1000000, avs test return 3907.113557
    eval loss: 3907
step 882000/1000000, avs test return 4017.341684
    eval loss: 4017
step 883000/1000000, avs test return 3986.905012
    eval loss: 3986
step 884000/1000000, avs test return 3924.854022
    eval loss: 3924
step 885000/1000000, avs test return 3919.275137
    eval loss: 3919
step 886000/1000000, avs test return 4048.227229
    eval loss: 4048
step 887000/1000000, avs test return 4009.058504
    eval loss: 4009
step 888000/1000000, avs test return 4001.048155
    eval loss: 4001
step 889000/1000000, avs test return 3956.819254
    eval loss: 3956
step 890000/1000000, avs test return 4056.840159
    eval loss: 4056
step 891000/1000000, avs test return 3935.929307
    eval loss: 3935
step 892000/1000000, avs test return 3930.874897
    eval loss: 3930
step 893000/1000000, avs test return 3982.300423
    eval loss: 3982
step 894000/1000000, avs test return 4015.331710
    eval loss: 4015
step 895000/1000000, avs test return 4087.001807
    eval loss: 4087
step 896000/1000000, avs test return 3994.075114
    eval loss: 3994
step 897000/1000000, avs test return 3978.286915
    eval loss: 3978
step 898000/1000000, avs test return 4020.804257
    eval loss: 4020
step 899000/1000000, avs test return 3994.587740
    eval loss: 3994
step 900000/1000000, avs test return 4042.468384
    eval loss: 4042
step 901000/1000000, avs test return 4017.862935
    eval loss: 4017
step 902000/1000000, avs test return 3953.055545
    eval loss: 3953
step 903000/1000000, avs test return 3994.608031
    eval loss: 3994
step 904000/1000000, avs test return 3913.593549
    eval loss: 3913
step 905000/1000000, avs test return 3872.243869
    eval loss: 3872
step 906000/1000000, avs test return 4037.700280
    eval loss: 4037
step 907000/1000000, avs test return 4008.997265
    eval loss: 4008
step 908000/1000000, avs test return 3923.274378
    eval loss: 3923
step 909000/1000000, avs test return 3961.077710
    eval loss: 3961
step 910000/1000000, avs test return 4034.344363
    eval loss: 4034
step 911000/1000000, avs test return 3909.461434
    eval loss: 3909
step 912000/1000000, avs test return 3942.570856
    eval loss: 3942
step 913000/1000000, avs test return 3958.940494
    eval loss: 3958
step 914000/1000000, avs test return 4065.325152
    eval loss: 4065
step 915000/1000000, avs test return 4074.566533
    eval loss: 4074
step 916000/1000000, avs test return 4016.420139
    eval loss: 4016
step 917000/1000000, avs test return 4032.406535
    eval loss: 4032
step 918000/1000000, avs test return 4059.527482
    eval loss: 4059
step 919000/1000000, avs test return 3960.265166
    eval loss: 3960
step 920000/1000000, avs test return 3968.670945
    eval loss: 3968
step 921000/1000000, avs test return 4011.468187
    eval loss: 4011
step 922000/1000000, avs test return 3987.505943
    eval loss: 3987
step 923000/1000000, avs test return 4000.956338
    eval loss: 4000
step 924000/1000000, avs test return 4011.970704
    eval loss: 4011
step 925000/1000000, avs test return 3940.778554
    eval loss: 3940
step 926000/1000000, avs test return 3972.022879
    eval loss: 3972
step 927000/1000000, avs test return 3956.569308
    eval loss: 3956
step 928000/1000000, avs test return 3930.712560
    eval loss: 3930
step 929000/1000000, avs test return 3978.320580
    eval loss: 3978
step 930000/1000000, avs test return 3986.725489
    eval loss: 3986
step 931000/1000000, avs test return 4046.592344
    eval loss: 4046
step 932000/1000000, avs test return 4036.024930
    eval loss: 4036
step 933000/1000000, avs test return 3993.537894
    eval loss: 3993
step 934000/1000000, avs test return 4012.549990
    eval loss: 4012
step 935000/1000000, avs test return 4060.437461
    eval loss: 4060
step 936000/1000000, avs test return 4036.152707
    eval loss: 4036
step 937000/1000000, avs test return 3986.659749
    eval loss: 3986
step 938000/1000000, avs test return 4060.128903
    eval loss: 4060
step 939000/1000000, avs test return 4084.146166
    eval loss: 4084
step 940000/1000000, avs test return 3995.043021
    eval loss: 3995
step 941000/1000000, avs test return 3951.135094
    eval loss: 3951
step 942000/1000000, avs test return 4050.054172
    eval loss: 4050
step 943000/1000000, avs test return 4030.036224
    eval loss: 4030
step 944000/1000000, avs test return 3998.306329
    eval loss: 3998
step 945000/1000000, avs test return 3904.312393
    eval loss: 3904
step 946000/1000000, avs test return 3958.775863
    eval loss: 3958
step 947000/1000000, avs test return 4034.810410
    eval loss: 4034
step 948000/1000000, avs test return 3970.298437
    eval loss: 3970
step 949000/1000000, avs test return 3981.806276
    eval loss: 3981
step 950000/1000000, avs test return 3961.903836
    eval loss: 3961
step 951000/1000000, avs test return 3999.349133
    eval loss: 3999
step 952000/1000000, avs test return 3998.583253
    eval loss: 3998
step 953000/1000000, avs test return 3924.021213
    eval loss: 3924
step 954000/1000000, avs test return 3962.197768
    eval loss: 3962
step 955000/1000000, avs test return 4021.815150
    eval loss: 4021
step 956000/1000000, avs test return 3963.206042
    eval loss: 3963
step 957000/1000000, avs test return 3950.993889
    eval loss: 3950
step 958000/1000000, avs test return 3911.016635
    eval loss: 3911
step 959000/1000000, avs test return 3908.610530
    eval loss: 3908
step 960000/1000000, avs test return 3918.371147
    eval loss: 3918
step 961000/1000000, avs test return 3919.267886
    eval loss: 3919
step 962000/1000000, avs test return 3929.993300
    eval loss: 3929
step 963000/1000000, avs test return 3970.191176
    eval loss: 3970
step 964000/1000000, avs test return 4042.006413
    eval loss: 4042
step 965000/1000000, avs test return 4025.768347
    eval loss: 4025
step 966000/1000000, avs test return 3987.312091
    eval loss: 3987
step 967000/1000000, avs test return 3947.407836
    eval loss: 3947
step 968000/1000000, avs test return 4044.253357
    eval loss: 4044
step 969000/1000000, avs test return 3934.200652
    eval loss: 3934
step 970000/1000000, avs test return 4038.577352
    eval loss: 4038
step 971000/1000000, avs test return 3944.834601
    eval loss: 3944
step 972000/1000000, avs test return 4090.883112
    eval loss: 4090
step 973000/1000000, avs test return 3965.997520
    eval loss: 3965
step 974000/1000000, avs test return 4002.291647
    eval loss: 4002
step 975000/1000000, avs test return 4010.067498
    eval loss: 4010
step 976000/1000000, avs test return 4047.519878
    eval loss: 4047
step 977000/1000000, avs test return 3928.537710
    eval loss: 3928
step 978000/1000000, avs test return 3992.701651
    eval loss: 3992
step 979000/1000000, avs test return 4036.661794
    eval loss: 4036
step 980000/1000000, avs test return 3965.310612
    eval loss: 3965
step 981000/1000000, avs test return 4002.887580
    eval loss: 4002
step 982000/1000000, avs test return 4022.053954
    eval loss: 4022
step 983000/1000000, avs test return 4012.979992
    eval loss: 4012
step 984000/1000000, avs test return 4089.165245
    eval loss: 4089
step 985000/1000000, avs test return 3978.142294
    eval loss: 3978
step 986000/1000000, avs test return 4008.824119
    eval loss: 4008
step 987000/1000000, avs test return 3987.271302
    eval loss: 3987
step 988000/1000000, avs test return 4047.582053
    eval loss: 4047
step 989000/1000000, avs test return 4081.049318
    eval loss: 4081
step 990000/1000000, avs test return 4009.174408
    eval loss: 4009
step 991000/1000000, avs test return 4035.121339
    eval loss: 4035
step 992000/1000000, avs test return 3990.624166
    eval loss: 3990
step 993000/1000000, avs test return 4028.293974
    eval loss: 4028
step 994000/1000000, avs test return 3983.605824
    eval loss: 3983
step 995000/1000000, avs test return 3992.282586
    eval loss: 3992
step 996000/1000000, avs test return 3994.092660
    eval loss: 3994
step 997000/1000000, avs test return 3978.797393
    eval loss: 3978
step 998000/1000000, avs test return 3989.605851
    eval loss: 3989
step 999000/1000000, avs test return 3866.762724
    eval loss: 3866
step 1000000/1000000, avs test return 4093.889282
    eval loss: 4093
# # # # # # # # # # # # # # # # #

