Experiment name: half_cheetah_dyn_4_reward_1.75_apt ------- [Thu Feb 16 15:14:34 2023]
-------------------------------------------------------------------
Replay buffer size: 100000
learning starts after : 10000 steps
Update models in every: 50 steps
Number of gradient update at this step: 50
Number of evaluation episodes after every 1000 steps: 10
begin training # # # # # 
step 1000/1000000, avs test return -32.136904
    eval loss: -32
step 2000/1000000, avs test return -175.810252
    eval loss: -175
step 3000/1000000, avs test return -176.854482
    eval loss: -176
step 4000/1000000, avs test return 162.185545
    eval loss: 162
step 5000/1000000, avs test return -181.269194
    eval loss: -181
step 6000/1000000, avs test return 3.062324
    eval loss: 3
step 7000/1000000, avs test return -87.718330
    eval loss: -87
step 8000/1000000, avs test return 1.810503
    eval loss: 1
step 9000/1000000, avs test return -87.693686
    eval loss: -87
step 10000/1000000, avs test return -103.459523
    eval loss: -103
step 11000/1000000, avs test return -35.448135
    eval loss: -35
step 12000/1000000, avs test return -76.367200
    eval loss: -76
step 13000/1000000, avs test return -51.115624
    eval loss: -51
step 14000/1000000, avs test return 65.725123
    eval loss: 65
step 15000/1000000, avs test return 41.944301
    eval loss: 41
step 16000/1000000, avs test return 76.810649
    eval loss: 76
step 17000/1000000, avs test return 106.000249
    eval loss: 106
step 18000/1000000, avs test return -7.926446
    eval loss: -7
step 19000/1000000, avs test return 51.501197
    eval loss: 51
step 20000/1000000, avs test return 196.319154
    eval loss: 196
step 21000/1000000, avs test return 332.140070
    eval loss: 332
step 22000/1000000, avs test return 165.830187
    eval loss: 165
step 23000/1000000, avs test return 30.391406
    eval loss: 30
step 24000/1000000, avs test return 355.097415
    eval loss: 355
step 25000/1000000, avs test return 183.027656
    eval loss: 183
step 26000/1000000, avs test return 87.667227
    eval loss: 87
step 27000/1000000, avs test return 171.040807
    eval loss: 171
step 28000/1000000, avs test return 54.027235
    eval loss: 54
step 29000/1000000, avs test return 187.694877
    eval loss: 187
step 30000/1000000, avs test return -138.437132
    eval loss: -138
step 31000/1000000, avs test return 222.457619
    eval loss: 222
step 32000/1000000, avs test return 83.599974
    eval loss: 83
step 33000/1000000, avs test return 52.519032
    eval loss: 52
step 34000/1000000, avs test return -17.868369
    eval loss: -17
step 35000/1000000, avs test return -179.963867
    eval loss: -179
step 36000/1000000, avs test return 111.404436
    eval loss: 111
step 37000/1000000, avs test return 51.668787
    eval loss: 51
step 38000/1000000, avs test return -64.315021
    eval loss: -64
step 39000/1000000, avs test return 212.129925
    eval loss: 212
step 40000/1000000, avs test return -65.555306
    eval loss: -65
step 41000/1000000, avs test return 54.161604
    eval loss: 54
step 42000/1000000, avs test return 234.011735
    eval loss: 234
step 43000/1000000, avs test return 70.221872
    eval loss: 70
step 44000/1000000, avs test return 113.591231
    eval loss: 113
step 45000/1000000, avs test return 332.820201
    eval loss: 332
step 46000/1000000, avs test return 160.777649
    eval loss: 160
step 47000/1000000, avs test return 385.074406
    eval loss: 385
step 48000/1000000, avs test return 18.424410
    eval loss: 18
step 49000/1000000, avs test return 113.990252
    eval loss: 113
step 50000/1000000, avs test return 411.769543
    eval loss: 411
step 51000/1000000, avs test return 155.795432
    eval loss: 155
step 52000/1000000, avs test return 251.177257
    eval loss: 251
step 53000/1000000, avs test return 150.261579
    eval loss: 150
step 54000/1000000, avs test return -17.665598
    eval loss: -17
step 55000/1000000, avs test return 159.667289
    eval loss: 159
step 56000/1000000, avs test return 452.130458
    eval loss: 452
step 57000/1000000, avs test return 250.220331
    eval loss: 250
step 58000/1000000, avs test return 227.630980
    eval loss: 227
step 59000/1000000, avs test return 527.100701
    eval loss: 527
step 60000/1000000, avs test return 240.125523
    eval loss: 240
step 61000/1000000, avs test return 304.708011
    eval loss: 304
step 62000/1000000, avs test return 368.801256
    eval loss: 368
step 63000/1000000, avs test return 247.840626
    eval loss: 247
step 64000/1000000, avs test return 229.379542
    eval loss: 229
step 65000/1000000, avs test return 132.282357
    eval loss: 132
step 66000/1000000, avs test return 165.993486
    eval loss: 165
step 67000/1000000, avs test return 246.926951
    eval loss: 246
step 68000/1000000, avs test return -33.626235
    eval loss: -33
step 69000/1000000, avs test return 87.893184
    eval loss: 87
step 70000/1000000, avs test return 541.169311
    eval loss: 541
step 71000/1000000, avs test return 366.351966
    eval loss: 366
step 72000/1000000, avs test return 362.721617
    eval loss: 362
step 73000/1000000, avs test return 201.722838
    eval loss: 201
step 74000/1000000, avs test return 234.734414
    eval loss: 234
step 75000/1000000, avs test return 266.788832
    eval loss: 266
step 76000/1000000, avs test return 287.065638
    eval loss: 287
step 77000/1000000, avs test return 433.001734
    eval loss: 433
step 78000/1000000, avs test return 122.564786
    eval loss: 122
step 79000/1000000, avs test return 38.642098
    eval loss: 38
step 80000/1000000, avs test return 341.401186
    eval loss: 341
step 81000/1000000, avs test return 439.768790
    eval loss: 439
step 82000/1000000, avs test return 418.146615
    eval loss: 418
step 83000/1000000, avs test return 182.483313
    eval loss: 182
step 84000/1000000, avs test return 436.331926
    eval loss: 436
step 85000/1000000, avs test return 389.428749
    eval loss: 389
step 86000/1000000, avs test return 417.777625
    eval loss: 417
step 87000/1000000, avs test return 133.288640
    eval loss: 133
step 88000/1000000, avs test return 198.083411
    eval loss: 198
step 89000/1000000, avs test return 201.048173
    eval loss: 201
step 90000/1000000, avs test return 485.972146
    eval loss: 485
step 91000/1000000, avs test return 292.000649
    eval loss: 292
step 92000/1000000, avs test return 436.549163
    eval loss: 436
step 93000/1000000, avs test return 372.760420
    eval loss: 372
step 94000/1000000, avs test return -32.546089
    eval loss: -32
step 95000/1000000, avs test return 368.273587
    eval loss: 368
step 96000/1000000, avs test return 345.328999
    eval loss: 345
step 97000/1000000, avs test return 549.072371
    eval loss: 549
step 98000/1000000, avs test return 116.610694
    eval loss: 116
step 99000/1000000, avs test return 89.541802
    eval loss: 89
step 100000/1000000, avs test return 403.855162
    eval loss: 403
step 101000/1000000, avs test return 225.882394
    eval loss: 225
step 102000/1000000, avs test return 138.079965
    eval loss: 138
step 103000/1000000, avs test return 155.709894
    eval loss: 155
step 104000/1000000, avs test return 175.272280
    eval loss: 175
step 105000/1000000, avs test return 157.404467
    eval loss: 157
step 106000/1000000, avs test return 331.924802
    eval loss: 331
step 107000/1000000, avs test return 362.417512
    eval loss: 362
step 108000/1000000, avs test return 309.357925
    eval loss: 309
step 109000/1000000, avs test return 355.094885
    eval loss: 355
step 110000/1000000, avs test return 498.999575
    eval loss: 498
step 111000/1000000, avs test return 286.865795
    eval loss: 286
step 112000/1000000, avs test return 416.432172
    eval loss: 416
step 113000/1000000, avs test return 217.130922
    eval loss: 217
step 114000/1000000, avs test return 169.237588
    eval loss: 169
step 115000/1000000, avs test return 319.352913
    eval loss: 319
step 116000/1000000, avs test return 373.037556
    eval loss: 373
step 117000/1000000, avs test return 345.835325
    eval loss: 345
step 118000/1000000, avs test return 925.794221
    eval loss: 925
step 119000/1000000, avs test return 412.706568
    eval loss: 412
step 120000/1000000, avs test return 496.811247
    eval loss: 496
step 121000/1000000, avs test return 687.075037
    eval loss: 687
step 122000/1000000, avs test return 685.177995
    eval loss: 685
step 123000/1000000, avs test return 297.057261
    eval loss: 297
step 124000/1000000, avs test return 383.306634
    eval loss: 383
step 125000/1000000, avs test return 730.641561
    eval loss: 730
step 126000/1000000, avs test return 147.602521
    eval loss: 147
step 127000/1000000, avs test return 78.995038
    eval loss: 78
step 128000/1000000, avs test return 181.283086
    eval loss: 181
step 129000/1000000, avs test return 389.029909
    eval loss: 389
step 130000/1000000, avs test return 361.583216
    eval loss: 361
step 131000/1000000, avs test return 50.002041
    eval loss: 50
step 132000/1000000, avs test return 47.685250
    eval loss: 47
step 133000/1000000, avs test return 254.126955
    eval loss: 254
step 134000/1000000, avs test return 286.064664
    eval loss: 286
step 135000/1000000, avs test return 569.959237
    eval loss: 569
step 136000/1000000, avs test return 188.169720
    eval loss: 188
step 137000/1000000, avs test return 457.637419
    eval loss: 457
step 138000/1000000, avs test return 410.944770
    eval loss: 410
step 139000/1000000, avs test return 458.191778
    eval loss: 458
step 140000/1000000, avs test return 181.381127
    eval loss: 181
step 141000/1000000, avs test return 395.142871
    eval loss: 395
step 142000/1000000, avs test return 295.224013
    eval loss: 295
step 143000/1000000, avs test return 719.883373
    eval loss: 719
step 144000/1000000, avs test return 344.451005
    eval loss: 344
step 145000/1000000, avs test return 589.647870
    eval loss: 589
step 146000/1000000, avs test return -11.095628
    eval loss: -11
step 147000/1000000, avs test return 304.061457
    eval loss: 304
step 148000/1000000, avs test return 106.974576
    eval loss: 106
step 149000/1000000, avs test return 225.462236
    eval loss: 225
step 150000/1000000, avs test return 222.490255
    eval loss: 222
step 151000/1000000, avs test return 359.827470
    eval loss: 359
step 152000/1000000, avs test return 181.441645
    eval loss: 181
step 153000/1000000, avs test return 195.446071
    eval loss: 195
step 154000/1000000, avs test return 362.628609
    eval loss: 362
step 155000/1000000, avs test return 603.049747
    eval loss: 603
step 156000/1000000, avs test return -56.915421
    eval loss: -56
step 157000/1000000, avs test return 706.290274
    eval loss: 706
step 158000/1000000, avs test return 632.759565
    eval loss: 632
step 159000/1000000, avs test return -67.921085
    eval loss: -67
step 160000/1000000, avs test return 294.683360
    eval loss: 294
step 161000/1000000, avs test return 324.114500
    eval loss: 324
step 162000/1000000, avs test return 306.524773
    eval loss: 306
step 163000/1000000, avs test return 315.873036
    eval loss: 315
step 164000/1000000, avs test return 454.510882
    eval loss: 454
step 165000/1000000, avs test return 637.455886
    eval loss: 637
step 166000/1000000, avs test return 435.800677
    eval loss: 435
step 167000/1000000, avs test return 388.530864
    eval loss: 388
step 168000/1000000, avs test return 845.838594
    eval loss: 845
step 169000/1000000, avs test return 602.317464
    eval loss: 602
step 170000/1000000, avs test return 239.905127
    eval loss: 239
step 171000/1000000, avs test return 743.876998
    eval loss: 743
step 172000/1000000, avs test return 96.963569
    eval loss: 96
step 173000/1000000, avs test return 374.878276
    eval loss: 374
step 174000/1000000, avs test return 472.237906
    eval loss: 472
step 175000/1000000, avs test return 416.971323
    eval loss: 416
step 176000/1000000, avs test return 71.570325
    eval loss: 71
step 177000/1000000, avs test return 310.508040
    eval loss: 310
step 178000/1000000, avs test return 157.349542
    eval loss: 157
step 179000/1000000, avs test return 722.863190
    eval loss: 722
step 180000/1000000, avs test return 704.473076
    eval loss: 704
step 181000/1000000, avs test return 170.006026
    eval loss: 170
step 182000/1000000, avs test return 96.269823
    eval loss: 96
step 183000/1000000, avs test return 231.620953
    eval loss: 231
step 184000/1000000, avs test return 41.036778
    eval loss: 41
step 185000/1000000, avs test return 661.316321
    eval loss: 661
step 186000/1000000, avs test return 340.252627
    eval loss: 340
step 187000/1000000, avs test return 363.858786
    eval loss: 363
step 188000/1000000, avs test return -226.883663
    eval loss: -226
step 189000/1000000, avs test return 721.919356
    eval loss: 721
step 190000/1000000, avs test return 609.417437
    eval loss: 609
step 191000/1000000, avs test return 1133.754640
    eval loss: 1133
step 192000/1000000, avs test return 1420.445024
    eval loss: 1420
step 193000/1000000, avs test return 865.582063
    eval loss: 865
step 194000/1000000, avs test return 484.966636
    eval loss: 484
step 195000/1000000, avs test return 564.925661
    eval loss: 564
step 196000/1000000, avs test return 94.805444
    eval loss: 94
step 197000/1000000, avs test return 599.790862
    eval loss: 599
step 198000/1000000, avs test return 762.366098
    eval loss: 762
step 199000/1000000, avs test return 863.267527
    eval loss: 863
step 200000/1000000, avs test return 583.504563
    eval loss: 583
step 201000/1000000, avs test return 714.607239
    eval loss: 714
step 202000/1000000, avs test return 1394.896008
    eval loss: 1394
step 203000/1000000, avs test return 659.622404
    eval loss: 659
step 204000/1000000, avs test return 540.608392
    eval loss: 540
step 205000/1000000, avs test return 1254.660257
    eval loss: 1254
step 206000/1000000, avs test return 686.817215
    eval loss: 686
step 207000/1000000, avs test return 480.324060
    eval loss: 480
step 208000/1000000, avs test return 330.647312
    eval loss: 330
step 209000/1000000, avs test return 890.642557
    eval loss: 890
step 210000/1000000, avs test return 326.045486
    eval loss: 326
step 211000/1000000, avs test return 429.852076
    eval loss: 429
step 212000/1000000, avs test return 327.767186
    eval loss: 327
step 213000/1000000, avs test return 458.465306
    eval loss: 458
step 214000/1000000, avs test return 946.582279
    eval loss: 946
step 215000/1000000, avs test return 282.193984
    eval loss: 282
step 216000/1000000, avs test return 634.656479
    eval loss: 634
step 217000/1000000, avs test return 666.459647
    eval loss: 666
step 218000/1000000, avs test return 622.239998
    eval loss: 622
step 219000/1000000, avs test return 698.831215
    eval loss: 698
step 220000/1000000, avs test return 758.454373
    eval loss: 758
step 221000/1000000, avs test return 487.322916
    eval loss: 487
step 222000/1000000, avs test return 588.847320
    eval loss: 588
step 223000/1000000, avs test return 261.662252
    eval loss: 261
step 224000/1000000, avs test return 429.830140
    eval loss: 429
step 225000/1000000, avs test return 407.435066
    eval loss: 407
step 226000/1000000, avs test return 609.260703
    eval loss: 609
step 227000/1000000, avs test return 1189.526970
    eval loss: 1189
step 228000/1000000, avs test return 636.776147
    eval loss: 636
step 229000/1000000, avs test return 481.376402
    eval loss: 481
step 230000/1000000, avs test return 373.314198
    eval loss: 373
step 231000/1000000, avs test return 730.248321
    eval loss: 730
step 232000/1000000, avs test return 141.885837
    eval loss: 141
step 233000/1000000, avs test return 709.184602
    eval loss: 709
step 234000/1000000, avs test return 622.813894
    eval loss: 622
step 235000/1000000, avs test return 246.197111
    eval loss: 246
step 236000/1000000, avs test return 589.262882
    eval loss: 589
step 237000/1000000, avs test return 770.727090
    eval loss: 770
step 238000/1000000, avs test return 588.457334
    eval loss: 588
step 239000/1000000, avs test return 544.292861
    eval loss: 544
step 240000/1000000, avs test return 523.021129
    eval loss: 523
step 241000/1000000, avs test return 250.934940
    eval loss: 250
step 242000/1000000, avs test return 271.552973
    eval loss: 271
step 243000/1000000, avs test return 540.321965
    eval loss: 540
step 244000/1000000, avs test return 422.336625
    eval loss: 422
step 245000/1000000, avs test return 702.803321
    eval loss: 702
step 246000/1000000, avs test return 528.685990
    eval loss: 528
step 247000/1000000, avs test return 850.828400
    eval loss: 850
step 248000/1000000, avs test return 392.767973
    eval loss: 392
step 249000/1000000, avs test return 788.561463
    eval loss: 788
step 250000/1000000, avs test return 835.642689
    eval loss: 835
step 251000/1000000, avs test return 449.344225
    eval loss: 449
step 252000/1000000, avs test return 753.111885
    eval loss: 753
step 253000/1000000, avs test return 733.811696
    eval loss: 733
step 254000/1000000, avs test return 199.726715
    eval loss: 199
step 255000/1000000, avs test return 646.922917
    eval loss: 646
step 256000/1000000, avs test return 156.077414
    eval loss: 156
step 257000/1000000, avs test return 524.226662
    eval loss: 524
step 258000/1000000, avs test return 1420.830106
    eval loss: 1420
step 259000/1000000, avs test return 728.422278
    eval loss: 728
step 260000/1000000, avs test return 617.437944
    eval loss: 617
step 261000/1000000, avs test return 724.523915
    eval loss: 724
step 262000/1000000, avs test return 1128.578549
    eval loss: 1128
step 263000/1000000, avs test return 159.182894
    eval loss: 159
step 264000/1000000, avs test return 422.012862
    eval loss: 422
step 265000/1000000, avs test return 131.397059
    eval loss: 131
step 266000/1000000, avs test return 207.668625
    eval loss: 207
step 267000/1000000, avs test return 944.207190
    eval loss: 944
step 268000/1000000, avs test return 681.369907
    eval loss: 681
step 269000/1000000, avs test return 197.243870
    eval loss: 197
step 270000/1000000, avs test return 702.954760
    eval loss: 702
step 271000/1000000, avs test return 1303.631133
    eval loss: 1303
step 272000/1000000, avs test return 710.669803
    eval loss: 710
step 273000/1000000, avs test return 775.807531
    eval loss: 775
step 274000/1000000, avs test return 1331.843722
    eval loss: 1331
step 275000/1000000, avs test return 966.274807
    eval loss: 966
step 276000/1000000, avs test return 1027.934409
    eval loss: 1027
step 277000/1000000, avs test return 764.573082
    eval loss: 764
step 278000/1000000, avs test return 1398.496356
    eval loss: 1398
step 279000/1000000, avs test return 585.004605
    eval loss: 585
step 280000/1000000, avs test return 647.805091
    eval loss: 647
step 281000/1000000, avs test return 1109.384745
    eval loss: 1109
step 282000/1000000, avs test return 832.104850
    eval loss: 832
step 283000/1000000, avs test return 971.379337
    eval loss: 971
step 284000/1000000, avs test return 1249.682076
    eval loss: 1249
step 285000/1000000, avs test return 573.159717
    eval loss: 573
step 286000/1000000, avs test return 1063.486889
    eval loss: 1063
step 287000/1000000, avs test return 565.655965
    eval loss: 565
step 288000/1000000, avs test return 547.569618
    eval loss: 547
step 289000/1000000, avs test return 995.626433
    eval loss: 995
step 290000/1000000, avs test return 745.447842
    eval loss: 745
step 291000/1000000, avs test return 565.585633
    eval loss: 565
step 292000/1000000, avs test return 1045.659507
    eval loss: 1045
step 293000/1000000, avs test return 728.763607
    eval loss: 728
step 294000/1000000, avs test return 1015.054561
    eval loss: 1015
step 295000/1000000, avs test return 943.599585
    eval loss: 943
step 296000/1000000, avs test return 929.722232
    eval loss: 929
step 297000/1000000, avs test return 1639.148747
    eval loss: 1639
step 298000/1000000, avs test return -88.600937
    eval loss: -88
step 299000/1000000, avs test return 971.037275
    eval loss: 971
step 300000/1000000, avs test return 910.837062
    eval loss: 910
step 301000/1000000, avs test return 660.586831
    eval loss: 660
step 302000/1000000, avs test return 1353.626107
    eval loss: 1353
step 303000/1000000, avs test return 746.488043
    eval loss: 746
step 304000/1000000, avs test return 1201.614812
    eval loss: 1201
step 305000/1000000, avs test return 777.083349
    eval loss: 777
step 306000/1000000, avs test return 369.381534
    eval loss: 369
step 307000/1000000, avs test return 970.923483
    eval loss: 970
step 308000/1000000, avs test return 980.779630
    eval loss: 980
step 309000/1000000, avs test return 882.512798
    eval loss: 882
step 310000/1000000, avs test return 1171.860845
    eval loss: 1171
step 311000/1000000, avs test return 1023.685385
    eval loss: 1023
step 312000/1000000, avs test return 1638.315709
    eval loss: 1638
step 313000/1000000, avs test return 582.431481
    eval loss: 582
step 314000/1000000, avs test return 646.136180
    eval loss: 646
step 315000/1000000, avs test return 964.768325
    eval loss: 964
step 316000/1000000, avs test return 1003.905677
    eval loss: 1003
step 317000/1000000, avs test return 680.138090
    eval loss: 680
step 318000/1000000, avs test return 1030.686432
    eval loss: 1030
step 319000/1000000, avs test return 1291.223258
    eval loss: 1291
step 320000/1000000, avs test return 1304.059965
    eval loss: 1304
step 321000/1000000, avs test return 1303.675085
    eval loss: 1303
step 322000/1000000, avs test return 666.157769
    eval loss: 666
step 323000/1000000, avs test return 422.691037
    eval loss: 422
step 324000/1000000, avs test return 828.309714
    eval loss: 828
step 325000/1000000, avs test return 352.960201
    eval loss: 352
step 326000/1000000, avs test return 465.126774
    eval loss: 465
step 327000/1000000, avs test return 963.070961
    eval loss: 963
step 328000/1000000, avs test return 885.319111
    eval loss: 885
step 329000/1000000, avs test return 1350.135441
    eval loss: 1350
step 330000/1000000, avs test return 1339.967459
    eval loss: 1339
step 331000/1000000, avs test return 378.201125
    eval loss: 378
step 332000/1000000, avs test return 1363.966363
    eval loss: 1363
step 333000/1000000, avs test return 930.402846
    eval loss: 930
step 334000/1000000, avs test return 936.398320
    eval loss: 936
step 335000/1000000, avs test return 912.591927
    eval loss: 912
step 336000/1000000, avs test return 566.611978
    eval loss: 566
step 337000/1000000, avs test return 827.260113
    eval loss: 827
step 338000/1000000, avs test return 586.409977
    eval loss: 586
step 339000/1000000, avs test return 740.567910
    eval loss: 740
step 340000/1000000, avs test return 923.352143
    eval loss: 923
step 341000/1000000, avs test return 968.766983
    eval loss: 968
step 342000/1000000, avs test return 1032.560022
    eval loss: 1032
step 343000/1000000, avs test return 1204.393922
    eval loss: 1204
step 344000/1000000, avs test return 907.557725
    eval loss: 907
step 345000/1000000, avs test return 801.461168
    eval loss: 801
step 346000/1000000, avs test return 1032.424706
    eval loss: 1032
step 347000/1000000, avs test return 465.269077
    eval loss: 465
step 348000/1000000, avs test return 1277.378769
    eval loss: 1277
step 349000/1000000, avs test return 1125.894164
    eval loss: 1125
step 350000/1000000, avs test return 504.506347
    eval loss: 504
step 351000/1000000, avs test return 951.937308
    eval loss: 951
step 352000/1000000, avs test return 922.796919
    eval loss: 922
step 353000/1000000, avs test return 1580.981146
    eval loss: 1580
step 354000/1000000, avs test return 796.666789
    eval loss: 796
step 355000/1000000, avs test return 780.835593
    eval loss: 780
step 356000/1000000, avs test return 731.630963
    eval loss: 731
step 357000/1000000, avs test return 1482.643763
    eval loss: 1482
step 358000/1000000, avs test return 394.848379
    eval loss: 394
step 359000/1000000, avs test return 280.512875
    eval loss: 280
step 360000/1000000, avs test return 573.703316
    eval loss: 573
step 361000/1000000, avs test return 514.125167
    eval loss: 514
step 362000/1000000, avs test return 1030.631447
    eval loss: 1030
step 363000/1000000, avs test return 1565.281288
    eval loss: 1565
step 364000/1000000, avs test return 544.398560
    eval loss: 544
step 365000/1000000, avs test return 956.305246
    eval loss: 956
step 366000/1000000, avs test return 478.924431
    eval loss: 478
step 367000/1000000, avs test return 745.211041
    eval loss: 745
step 368000/1000000, avs test return 928.229362
    eval loss: 928
step 369000/1000000, avs test return 314.081456
    eval loss: 314
step 370000/1000000, avs test return 1078.086736
    eval loss: 1078
step 371000/1000000, avs test return 1524.116396
    eval loss: 1524
step 372000/1000000, avs test return 684.014599
    eval loss: 684
step 373000/1000000, avs test return 771.480014
    eval loss: 771
step 374000/1000000, avs test return 1222.072420
    eval loss: 1222
step 375000/1000000, avs test return 678.962139
    eval loss: 678
step 376000/1000000, avs test return 618.303798
    eval loss: 618
step 377000/1000000, avs test return 1385.941252
    eval loss: 1385
step 378000/1000000, avs test return 636.637784
    eval loss: 636
step 379000/1000000, avs test return 1358.382745
    eval loss: 1358
step 380000/1000000, avs test return 1608.648893
    eval loss: 1608
step 381000/1000000, avs test return 1063.393139
    eval loss: 1063
step 382000/1000000, avs test return 1217.947183
    eval loss: 1217
step 383000/1000000, avs test return 248.840791
    eval loss: 248
step 384000/1000000, avs test return 918.616589
    eval loss: 918
step 385000/1000000, avs test return 793.316003
    eval loss: 793
step 386000/1000000, avs test return 519.176408
    eval loss: 519
step 387000/1000000, avs test return 1252.460694
    eval loss: 1252
step 388000/1000000, avs test return 1271.670967
    eval loss: 1271
step 389000/1000000, avs test return 1669.749421
    eval loss: 1669
step 390000/1000000, avs test return 1223.720263
    eval loss: 1223
step 391000/1000000, avs test return 1151.874534
    eval loss: 1151
step 392000/1000000, avs test return 850.425991
    eval loss: 850
step 393000/1000000, avs test return 639.101640
    eval loss: 639
step 394000/1000000, avs test return 458.533826
    eval loss: 458
step 395000/1000000, avs test return 633.844848
    eval loss: 633
step 396000/1000000, avs test return 341.693723
    eval loss: 341
step 397000/1000000, avs test return 1483.164940
    eval loss: 1483
step 398000/1000000, avs test return 1650.193580
    eval loss: 1650
step 399000/1000000, avs test return 1049.728625
    eval loss: 1049
step 400000/1000000, avs test return 1064.184142
    eval loss: 1064
step 401000/1000000, avs test return 1050.610390
    eval loss: 1050
step 402000/1000000, avs test return 1363.880106
    eval loss: 1363
step 403000/1000000, avs test return 379.638341
    eval loss: 379
step 404000/1000000, avs test return 1958.466413
    eval loss: 1958
step 405000/1000000, avs test return 724.105562
    eval loss: 724
step 406000/1000000, avs test return 1733.249272
    eval loss: 1733
step 407000/1000000, avs test return 1536.056660
    eval loss: 1536
step 408000/1000000, avs test return 880.827277
    eval loss: 880
step 409000/1000000, avs test return 1424.555886
    eval loss: 1424
step 410000/1000000, avs test return 469.008520
    eval loss: 469
step 411000/1000000, avs test return 945.009239
    eval loss: 945
step 412000/1000000, avs test return 901.612598
    eval loss: 901
step 413000/1000000, avs test return 1035.890594
    eval loss: 1035
step 414000/1000000, avs test return 1472.319986
    eval loss: 1472
step 415000/1000000, avs test return 244.549963
    eval loss: 244
step 416000/1000000, avs test return 1177.613273
    eval loss: 1177
step 417000/1000000, avs test return 815.330645
    eval loss: 815
step 418000/1000000, avs test return 1392.067001
    eval loss: 1392
step 419000/1000000, avs test return 1389.583783
    eval loss: 1389
step 420000/1000000, avs test return 502.484796
    eval loss: 502
step 421000/1000000, avs test return 1500.060791
    eval loss: 1500
step 422000/1000000, avs test return 907.397293
    eval loss: 907
step 423000/1000000, avs test return 534.397910
    eval loss: 534
step 424000/1000000, avs test return 1569.496811
    eval loss: 1569
step 425000/1000000, avs test return 1123.196241
    eval loss: 1123
step 426000/1000000, avs test return 564.102573
    eval loss: 564
step 427000/1000000, avs test return 598.342954
    eval loss: 598
step 428000/1000000, avs test return 806.615183
    eval loss: 806
step 429000/1000000, avs test return 729.616635
    eval loss: 729
step 430000/1000000, avs test return 1545.021075
    eval loss: 1545
step 431000/1000000, avs test return 498.155304
    eval loss: 498
step 432000/1000000, avs test return 875.203243
    eval loss: 875
step 433000/1000000, avs test return 1363.694710
    eval loss: 1363
step 434000/1000000, avs test return 1109.844195
    eval loss: 1109
step 435000/1000000, avs test return 865.281149
    eval loss: 865
step 436000/1000000, avs test return 1764.137942
    eval loss: 1764
step 437000/1000000, avs test return 1471.205986
    eval loss: 1471
step 438000/1000000, avs test return 1452.083145
    eval loss: 1452
step 439000/1000000, avs test return 1125.016980
    eval loss: 1125
step 440000/1000000, avs test return 685.880635
    eval loss: 685
step 441000/1000000, avs test return 614.189164
    eval loss: 614
step 442000/1000000, avs test return 435.288651
    eval loss: 435
step 443000/1000000, avs test return 1186.326603
    eval loss: 1186
step 444000/1000000, avs test return 1955.920977
    eval loss: 1955
step 445000/1000000, avs test return 282.224205
    eval loss: 282
step 446000/1000000, avs test return 588.679089
    eval loss: 588
step 447000/1000000, avs test return 748.972586
    eval loss: 748
step 448000/1000000, avs test return 836.576903
    eval loss: 836
step 449000/1000000, avs test return 1290.744375
    eval loss: 1290
step 450000/1000000, avs test return 1033.030470
    eval loss: 1033
step 451000/1000000, avs test return 168.881888
    eval loss: 168
step 452000/1000000, avs test return 1369.366236
    eval loss: 1369
step 453000/1000000, avs test return 1115.189712
    eval loss: 1115
step 454000/1000000, avs test return 1424.958566
    eval loss: 1424
step 455000/1000000, avs test return 42.328470
    eval loss: 42
step 456000/1000000, avs test return 484.447410
    eval loss: 484
step 457000/1000000, avs test return 1288.837639
    eval loss: 1288
step 458000/1000000, avs test return 791.662001
    eval loss: 791
step 459000/1000000, avs test return 1163.531318
    eval loss: 1163
step 460000/1000000, avs test return 951.114784
    eval loss: 951
step 461000/1000000, avs test return 1384.128321
    eval loss: 1384
step 462000/1000000, avs test return 818.447154
    eval loss: 818
step 463000/1000000, avs test return 1398.552812
    eval loss: 1398
step 464000/1000000, avs test return 2112.418139
    eval loss: 2112
step 465000/1000000, avs test return 848.166691
    eval loss: 848
step 466000/1000000, avs test return 359.331417
    eval loss: 359
step 467000/1000000, avs test return 1803.129553
    eval loss: 1803
step 468000/1000000, avs test return 1105.750676
    eval loss: 1105
step 469000/1000000, avs test return 1221.858468
    eval loss: 1221
step 470000/1000000, avs test return 986.715856
    eval loss: 986
step 471000/1000000, avs test return 1465.705452
    eval loss: 1465
step 472000/1000000, avs test return 521.815804
    eval loss: 521
step 473000/1000000, avs test return 1168.010576
    eval loss: 1168
step 474000/1000000, avs test return 1162.819739
    eval loss: 1162
step 475000/1000000, avs test return 919.123976
    eval loss: 919
step 476000/1000000, avs test return 1482.402327
    eval loss: 1482
step 477000/1000000, avs test return 861.050502
    eval loss: 861
step 478000/1000000, avs test return 485.024774
    eval loss: 485
step 479000/1000000, avs test return 796.006058
    eval loss: 796
step 480000/1000000, avs test return 1186.212558
    eval loss: 1186
step 481000/1000000, avs test return 840.093538
    eval loss: 840
step 482000/1000000, avs test return 1074.994014
    eval loss: 1074
step 483000/1000000, avs test return 320.372535
    eval loss: 320
step 484000/1000000, avs test return 1087.648521
    eval loss: 1087
step 485000/1000000, avs test return 1143.159510
    eval loss: 1143
step 486000/1000000, avs test return 713.097069
    eval loss: 713
step 487000/1000000, avs test return 1777.732325
    eval loss: 1777
step 488000/1000000, avs test return 799.472379
    eval loss: 799
step 489000/1000000, avs test return 584.915234
    eval loss: 584
step 490000/1000000, avs test return 576.381170
    eval loss: 576
step 491000/1000000, avs test return 1552.257060
    eval loss: 1552
step 492000/1000000, avs test return 969.641978
    eval loss: 969
step 493000/1000000, avs test return 1406.153947
    eval loss: 1406
step 494000/1000000, avs test return 1246.475176
    eval loss: 1246
step 495000/1000000, avs test return 334.207618
    eval loss: 334
step 496000/1000000, avs test return 1057.569178
    eval loss: 1057
step 497000/1000000, avs test return 955.076387
    eval loss: 955
step 498000/1000000, avs test return 902.991489
    eval loss: 902
step 499000/1000000, avs test return 370.094390
    eval loss: 370
step 500000/1000000, avs test return 1242.937719
    eval loss: 1242
step 501000/1000000, avs test return 1339.127537
    eval loss: 1339
step 502000/1000000, avs test return 1243.654190
    eval loss: 1243
step 503000/1000000, avs test return 561.643019
    eval loss: 561
step 504000/1000000, avs test return 1770.588992
    eval loss: 1770
step 505000/1000000, avs test return 829.746673
    eval loss: 829
step 506000/1000000, avs test return 856.547386
    eval loss: 856
step 507000/1000000, avs test return 688.186000
    eval loss: 688
step 508000/1000000, avs test return 1712.885131
    eval loss: 1712
step 509000/1000000, avs test return 1110.319595
    eval loss: 1110
step 510000/1000000, avs test return 625.213956
    eval loss: 625
step 511000/1000000, avs test return 820.436583
    eval loss: 820
step 512000/1000000, avs test return 977.048949
    eval loss: 977
step 513000/1000000, avs test return 1452.645823
    eval loss: 1452
step 514000/1000000, avs test return 918.262077
    eval loss: 918
step 515000/1000000, avs test return 1206.958043
    eval loss: 1206
step 516000/1000000, avs test return 850.774279
    eval loss: 850
step 517000/1000000, avs test return 1142.380315
    eval loss: 1142
step 518000/1000000, avs test return 1096.462922
    eval loss: 1096
step 519000/1000000, avs test return 1546.192370
    eval loss: 1546
step 520000/1000000, avs test return 1312.767756
    eval loss: 1312
step 521000/1000000, avs test return 1181.403516
    eval loss: 1181
step 522000/1000000, avs test return 1720.076588
    eval loss: 1720
step 523000/1000000, avs test return 1162.206775
    eval loss: 1162
step 524000/1000000, avs test return 1154.337261
    eval loss: 1154
step 525000/1000000, avs test return 1129.093856
    eval loss: 1129
step 526000/1000000, avs test return 1123.652693
    eval loss: 1123
step 527000/1000000, avs test return 1759.422092
    eval loss: 1759
step 528000/1000000, avs test return 784.008169
    eval loss: 784
step 529000/1000000, avs test return 1660.334146
    eval loss: 1660
step 530000/1000000, avs test return 880.054289
    eval loss: 880
step 531000/1000000, avs test return 594.954066
    eval loss: 594
step 532000/1000000, avs test return 1042.977845
    eval loss: 1042
step 533000/1000000, avs test return 856.833558
    eval loss: 856
step 534000/1000000, avs test return 1462.520326
    eval loss: 1462
step 535000/1000000, avs test return 1001.632307
    eval loss: 1001
step 536000/1000000, avs test return 1230.419926
    eval loss: 1230
step 537000/1000000, avs test return 1117.140526
    eval loss: 1117
step 538000/1000000, avs test return 420.377820
    eval loss: 420
step 539000/1000000, avs test return 1017.212609
    eval loss: 1017
step 540000/1000000, avs test return 1397.787455
    eval loss: 1397
step 541000/1000000, avs test return 1521.067266
    eval loss: 1521
step 542000/1000000, avs test return 1821.315755
    eval loss: 1821
step 543000/1000000, avs test return 70.629406
    eval loss: 70
step 544000/1000000, avs test return 1195.961274
    eval loss: 1195
step 545000/1000000, avs test return 279.500900
    eval loss: 279
step 546000/1000000, avs test return 1000.266338
    eval loss: 1000
step 547000/1000000, avs test return 574.213165
    eval loss: 574
step 548000/1000000, avs test return 565.367593
    eval loss: 565
step 549000/1000000, avs test return 490.753378
    eval loss: 490
step 550000/1000000, avs test return 2006.294156
    eval loss: 2006
step 551000/1000000, avs test return 1474.347696
    eval loss: 1474
step 552000/1000000, avs test return 1427.574598
    eval loss: 1427
step 553000/1000000, avs test return 1317.015501
    eval loss: 1317
step 554000/1000000, avs test return 217.227818
    eval loss: 217
step 555000/1000000, avs test return 915.152172
    eval loss: 915
step 556000/1000000, avs test return 1230.612144
    eval loss: 1230
step 557000/1000000, avs test return 1053.435297
    eval loss: 1053
step 558000/1000000, avs test return 1249.681834
    eval loss: 1249
step 559000/1000000, avs test return 1231.326793
    eval loss: 1231
step 560000/1000000, avs test return 1142.102918
    eval loss: 1142
step 561000/1000000, avs test return 439.685948
    eval loss: 439
step 562000/1000000, avs test return 242.703457
    eval loss: 242
step 563000/1000000, avs test return 476.803638
    eval loss: 476
step 564000/1000000, avs test return 868.636100
    eval loss: 868
step 565000/1000000, avs test return 1189.090954
    eval loss: 1189
step 566000/1000000, avs test return 1108.372738
    eval loss: 1108
step 567000/1000000, avs test return 1516.620297
    eval loss: 1516
step 568000/1000000, avs test return 537.381639
    eval loss: 537
step 569000/1000000, avs test return 1272.345931
    eval loss: 1272
step 570000/1000000, avs test return 774.429177
    eval loss: 774
step 571000/1000000, avs test return 1722.829262
    eval loss: 1722
step 572000/1000000, avs test return 698.800774
    eval loss: 698
step 573000/1000000, avs test return 832.291639
    eval loss: 832
step 574000/1000000, avs test return 1471.418934
    eval loss: 1471
step 575000/1000000, avs test return 598.107456
    eval loss: 598
step 576000/1000000, avs test return 951.777963
    eval loss: 951
step 577000/1000000, avs test return 1422.212782
    eval loss: 1422
step 578000/1000000, avs test return 596.746802
    eval loss: 596
step 579000/1000000, avs test return 1840.396329
    eval loss: 1840
step 580000/1000000, avs test return 1739.470498
    eval loss: 1739
step 581000/1000000, avs test return 891.995194
    eval loss: 891
step 582000/1000000, avs test return 1126.612268
    eval loss: 1126
step 583000/1000000, avs test return 2025.851812
    eval loss: 2025
step 584000/1000000, avs test return 299.271195
    eval loss: 299
step 585000/1000000, avs test return 1157.307727
    eval loss: 1157
step 586000/1000000, avs test return 1015.469520
    eval loss: 1015
step 587000/1000000, avs test return 1549.748576
    eval loss: 1549
step 588000/1000000, avs test return 1219.220633
    eval loss: 1219
step 589000/1000000, avs test return 1139.633195
    eval loss: 1139
step 590000/1000000, avs test return 1530.933812
    eval loss: 1530
step 591000/1000000, avs test return 1465.384903
    eval loss: 1465
step 592000/1000000, avs test return 1568.678367
    eval loss: 1568
step 593000/1000000, avs test return 1404.526062
    eval loss: 1404
step 594000/1000000, avs test return 1339.522557
    eval loss: 1339
step 595000/1000000, avs test return 720.134389
    eval loss: 720
step 596000/1000000, avs test return 205.494823
    eval loss: 205
step 597000/1000000, avs test return 744.145343
    eval loss: 744
step 598000/1000000, avs test return 1226.625571
    eval loss: 1226
step 599000/1000000, avs test return 1746.166470
    eval loss: 1746
step 600000/1000000, avs test return 424.597409
    eval loss: 424
step 601000/1000000, avs test return 1865.208963
    eval loss: 1865
step 602000/1000000, avs test return 932.396421
    eval loss: 932
step 603000/1000000, avs test return 307.603689
    eval loss: 307
step 604000/1000000, avs test return 1516.203724
    eval loss: 1516
step 605000/1000000, avs test return 1956.831376
    eval loss: 1956
step 606000/1000000, avs test return 1608.266975
    eval loss: 1608
step 607000/1000000, avs test return 1490.250939
    eval loss: 1490
step 608000/1000000, avs test return 1561.126920
    eval loss: 1561
step 609000/1000000, avs test return 966.043263
    eval loss: 966
step 610000/1000000, avs test return 632.222634
    eval loss: 632
step 611000/1000000, avs test return -25.872488
    eval loss: -25
step 612000/1000000, avs test return 634.821709
    eval loss: 634
step 613000/1000000, avs test return 1403.098225
    eval loss: 1403
step 614000/1000000, avs test return 1200.316043
    eval loss: 1200
step 615000/1000000, avs test return 953.870216
    eval loss: 953
step 616000/1000000, avs test return 1237.368631
    eval loss: 1237
step 617000/1000000, avs test return 969.683725
    eval loss: 969
step 618000/1000000, avs test return 941.886869
    eval loss: 941
step 619000/1000000, avs test return 639.808690
    eval loss: 639
step 620000/1000000, avs test return 934.395159
    eval loss: 934
step 621000/1000000, avs test return 1270.050217
    eval loss: 1270
step 622000/1000000, avs test return 1245.010384
    eval loss: 1245
step 623000/1000000, avs test return 576.682153
    eval loss: 576
step 624000/1000000, avs test return 1167.994461
    eval loss: 1167
step 625000/1000000, avs test return 1434.047481
    eval loss: 1434
step 626000/1000000, avs test return 624.599662
    eval loss: 624
step 627000/1000000, avs test return 676.028082
    eval loss: 676
step 628000/1000000, avs test return 1222.837561
    eval loss: 1222
step 629000/1000000, avs test return 1510.686472
    eval loss: 1510
step 630000/1000000, avs test return 834.402414
    eval loss: 834
step 631000/1000000, avs test return 1287.173603
    eval loss: 1287
step 632000/1000000, avs test return 1191.528331
    eval loss: 1191
step 633000/1000000, avs test return 2099.567970
    eval loss: 2099
step 634000/1000000, avs test return 1269.666225
    eval loss: 1269
step 635000/1000000, avs test return 1206.118279
    eval loss: 1206
step 636000/1000000, avs test return 1519.852349
    eval loss: 1519
step 637000/1000000, avs test return 1585.366412
    eval loss: 1585
step 638000/1000000, avs test return 1539.628769
    eval loss: 1539
step 639000/1000000, avs test return 615.644863
    eval loss: 615
step 640000/1000000, avs test return 1245.520209
    eval loss: 1245
step 641000/1000000, avs test return 1146.649995
    eval loss: 1146
step 642000/1000000, avs test return 528.567561
    eval loss: 528
step 643000/1000000, avs test return 219.264183
    eval loss: 219
step 644000/1000000, avs test return 1175.767890
    eval loss: 1175
step 645000/1000000, avs test return 309.844782
    eval loss: 309
step 646000/1000000, avs test return 2100.303283
    eval loss: 2100
step 647000/1000000, avs test return 316.356019
    eval loss: 316
step 648000/1000000, avs test return 246.004275
    eval loss: 246
step 649000/1000000, avs test return 603.038095
    eval loss: 603
step 650000/1000000, avs test return 1610.651767
    eval loss: 1610
step 651000/1000000, avs test return 1149.486758
    eval loss: 1149
step 652000/1000000, avs test return 813.624791
    eval loss: 813
step 653000/1000000, avs test return 1083.309140
    eval loss: 1083
step 654000/1000000, avs test return 1612.373115
    eval loss: 1612
step 655000/1000000, avs test return 747.177320
    eval loss: 747
step 656000/1000000, avs test return 1005.027091
    eval loss: 1005
step 657000/1000000, avs test return 264.601805
    eval loss: 264
step 658000/1000000, avs test return 642.929637
    eval loss: 642
step 659000/1000000, avs test return 752.667568
    eval loss: 752
step 660000/1000000, avs test return 701.303439
    eval loss: 701
step 661000/1000000, avs test return 1065.926296
    eval loss: 1065
step 662000/1000000, avs test return 1657.160017
    eval loss: 1657
step 663000/1000000, avs test return 1168.735154
    eval loss: 1168
step 664000/1000000, avs test return 1050.674167
    eval loss: 1050
step 665000/1000000, avs test return 1169.148399
    eval loss: 1169
step 666000/1000000, avs test return 1655.312101
    eval loss: 1655
step 667000/1000000, avs test return 1162.762793
    eval loss: 1162
step 668000/1000000, avs test return 2270.144905
    eval loss: 2270
step 669000/1000000, avs test return 912.415732
    eval loss: 912
step 670000/1000000, avs test return 620.896723
    eval loss: 620
step 671000/1000000, avs test return 1114.732658
    eval loss: 1114
step 672000/1000000, avs test return 1762.332215
    eval loss: 1762
step 673000/1000000, avs test return 1408.829159
    eval loss: 1408
step 674000/1000000, avs test return 1369.843503
    eval loss: 1369
step 675000/1000000, avs test return 831.671262
    eval loss: 831
step 676000/1000000, avs test return 1440.745466
    eval loss: 1440
step 677000/1000000, avs test return 875.767658
    eval loss: 875
step 678000/1000000, avs test return 378.968520
    eval loss: 378
step 679000/1000000, avs test return 1163.651657
    eval loss: 1163
step 680000/1000000, avs test return 1398.015951
    eval loss: 1398
step 681000/1000000, avs test return 1202.097741
    eval loss: 1202
step 682000/1000000, avs test return 1082.289530
    eval loss: 1082
step 683000/1000000, avs test return 816.572973
    eval loss: 816
step 684000/1000000, avs test return 1130.815308
    eval loss: 1130
step 685000/1000000, avs test return 329.707890
    eval loss: 329
step 686000/1000000, avs test return 1130.718615
    eval loss: 1130
step 687000/1000000, avs test return 1268.895985
    eval loss: 1268
step 688000/1000000, avs test return 1005.641003
    eval loss: 1005
step 689000/1000000, avs test return 552.637257
    eval loss: 552
step 690000/1000000, avs test return 1152.668866
    eval loss: 1152
step 691000/1000000, avs test return 1788.714880
    eval loss: 1788
step 692000/1000000, avs test return 159.768695
    eval loss: 159
step 693000/1000000, avs test return 1844.629817
    eval loss: 1844
step 694000/1000000, avs test return 1587.326609
    eval loss: 1587
step 695000/1000000, avs test return 607.487120
    eval loss: 607
step 696000/1000000, avs test return 800.583258
    eval loss: 800
step 697000/1000000, avs test return 623.981288
    eval loss: 623
step 698000/1000000, avs test return 1196.400554
    eval loss: 1196
step 699000/1000000, avs test return 1054.368132
    eval loss: 1054
step 700000/1000000, avs test return 1450.085491
    eval loss: 1450
step 701000/1000000, avs test return 1120.673871
    eval loss: 1120
step 702000/1000000, avs test return 853.727155
    eval loss: 853
step 703000/1000000, avs test return 1448.299129
    eval loss: 1448
step 704000/1000000, avs test return 830.748586
    eval loss: 830
step 705000/1000000, avs test return 617.319466
    eval loss: 617
step 706000/1000000, avs test return 755.632946
    eval loss: 755
step 707000/1000000, avs test return 1065.006173
    eval loss: 1065
step 708000/1000000, avs test return 914.663146
    eval loss: 914
step 709000/1000000, avs test return 1475.231370
    eval loss: 1475
step 710000/1000000, avs test return 1178.211003
    eval loss: 1178
step 711000/1000000, avs test return 1206.542099
    eval loss: 1206
step 712000/1000000, avs test return 1133.702504
    eval loss: 1133
step 713000/1000000, avs test return 943.392976
    eval loss: 943
step 714000/1000000, avs test return 1250.855441
    eval loss: 1250
step 715000/1000000, avs test return 394.457693
    eval loss: 394
step 716000/1000000, avs test return 554.168187
    eval loss: 554
step 717000/1000000, avs test return 654.019351
    eval loss: 654
step 718000/1000000, avs test return 1147.575015
    eval loss: 1147
step 719000/1000000, avs test return 503.398920
    eval loss: 503
step 720000/1000000, avs test return 1129.939886
    eval loss: 1129
step 721000/1000000, avs test return 1155.105548
    eval loss: 1155
step 722000/1000000, avs test return -29.321865
    eval loss: -29
step 723000/1000000, avs test return 1803.626080
    eval loss: 1803
step 724000/1000000, avs test return 1256.939132
    eval loss: 1256
step 725000/1000000, avs test return 1432.996482
    eval loss: 1432
step 726000/1000000, avs test return 1385.024169
    eval loss: 1385
step 727000/1000000, avs test return 1334.003815
    eval loss: 1334
step 728000/1000000, avs test return 1629.448157
    eval loss: 1629
step 729000/1000000, avs test return 1000.075280
    eval loss: 1000
step 730000/1000000, avs test return 1739.895581
    eval loss: 1739
step 731000/1000000, avs test return 799.508835
    eval loss: 799
step 732000/1000000, avs test return 287.935220
    eval loss: 287
step 733000/1000000, avs test return 581.370050
    eval loss: 581
step 734000/1000000, avs test return 1079.378040
    eval loss: 1079
step 735000/1000000, avs test return 655.042737
    eval loss: 655
step 736000/1000000, avs test return 1962.386767
    eval loss: 1962
step 737000/1000000, avs test return 1215.346002
    eval loss: 1215
step 738000/1000000, avs test return 855.106837
    eval loss: 855
step 739000/1000000, avs test return 390.018338
    eval loss: 390
step 740000/1000000, avs test return 790.808884
    eval loss: 790
step 741000/1000000, avs test return 1394.788830
    eval loss: 1394
step 742000/1000000, avs test return 1386.015012
    eval loss: 1386
step 743000/1000000, avs test return 2060.401875
    eval loss: 2060
step 744000/1000000, avs test return 245.771393
    eval loss: 245
step 745000/1000000, avs test return 1563.123768
    eval loss: 1563
step 746000/1000000, avs test return 1389.782110
    eval loss: 1389
step 747000/1000000, avs test return 885.635250
    eval loss: 885
step 748000/1000000, avs test return 2193.018132
    eval loss: 2193
step 749000/1000000, avs test return 1182.192435
    eval loss: 1182
step 750000/1000000, avs test return 1757.577826
    eval loss: 1757
step 751000/1000000, avs test return 832.848946
    eval loss: 832
step 752000/1000000, avs test return 905.726764
    eval loss: 905
step 753000/1000000, avs test return 1135.204770
    eval loss: 1135
step 754000/1000000, avs test return 1024.128935
    eval loss: 1024
step 755000/1000000, avs test return 495.654194
    eval loss: 495
step 756000/1000000, avs test return 1809.901962
    eval loss: 1809
step 757000/1000000, avs test return 856.237798
    eval loss: 856
step 758000/1000000, avs test return 477.586593
    eval loss: 477
step 759000/1000000, avs test return 879.398636
    eval loss: 879
step 760000/1000000, avs test return 884.753078
    eval loss: 884
step 761000/1000000, avs test return 1188.076860
    eval loss: 1188
step 762000/1000000, avs test return 1469.364945
    eval loss: 1469
step 763000/1000000, avs test return 2745.283175
    eval loss: 2745
step 764000/1000000, avs test return 1459.544228
    eval loss: 1459
step 765000/1000000, avs test return 953.613626
    eval loss: 953
step 766000/1000000, avs test return 2440.147836
    eval loss: 2440
step 767000/1000000, avs test return 1866.266467
    eval loss: 1866
step 768000/1000000, avs test return 1905.109029
    eval loss: 1905
step 769000/1000000, avs test return 1416.503689
    eval loss: 1416
step 770000/1000000, avs test return 821.557498
    eval loss: 821
step 771000/1000000, avs test return 1199.134978
    eval loss: 1199
step 772000/1000000, avs test return 1302.573788
    eval loss: 1302
step 773000/1000000, avs test return 1205.849150
    eval loss: 1205
step 774000/1000000, avs test return 1180.432175
    eval loss: 1180
step 775000/1000000, avs test return 1467.427333
    eval loss: 1467
step 776000/1000000, avs test return 736.849564
    eval loss: 736
step 777000/1000000, avs test return 541.160667
    eval loss: 541
step 778000/1000000, avs test return 787.974456
    eval loss: 787
step 779000/1000000, avs test return 549.443954
    eval loss: 549
step 780000/1000000, avs test return 1245.587462
    eval loss: 1245
step 781000/1000000, avs test return 1183.809748
    eval loss: 1183
step 782000/1000000, avs test return 999.804420
    eval loss: 999
step 783000/1000000, avs test return 869.038614
    eval loss: 869
step 784000/1000000, avs test return 1572.409138
    eval loss: 1572
step 785000/1000000, avs test return 1321.220988
    eval loss: 1321
step 786000/1000000, avs test return 1551.274370
    eval loss: 1551
step 787000/1000000, avs test return 1520.192231
    eval loss: 1520
step 788000/1000000, avs test return 1324.639521
    eval loss: 1324
step 789000/1000000, avs test return 1562.770791
    eval loss: 1562
step 790000/1000000, avs test return 962.314597
    eval loss: 962
step 791000/1000000, avs test return 1504.518320
    eval loss: 1504
step 792000/1000000, avs test return 1537.007065
    eval loss: 1537
step 793000/1000000, avs test return 1281.069072
    eval loss: 1281
step 794000/1000000, avs test return 1836.252812
    eval loss: 1836
step 795000/1000000, avs test return 997.250320
    eval loss: 997
step 796000/1000000, avs test return 987.640503
    eval loss: 987
step 797000/1000000, avs test return 694.660417
    eval loss: 694
step 798000/1000000, avs test return 971.891710
    eval loss: 971
step 799000/1000000, avs test return 1259.824465
    eval loss: 1259
step 800000/1000000, avs test return 588.892159
    eval loss: 588
step 801000/1000000, avs test return 1355.330304
    eval loss: 1355
step 802000/1000000, avs test return 1288.944293
    eval loss: 1288
step 803000/1000000, avs test return 1642.897132
    eval loss: 1642
step 804000/1000000, avs test return 1634.089074
    eval loss: 1634
step 805000/1000000, avs test return 1199.038785
    eval loss: 1199
step 806000/1000000, avs test return 1641.584773
    eval loss: 1641
step 807000/1000000, avs test return 887.783610
    eval loss: 887
step 808000/1000000, avs test return 265.024590
    eval loss: 265
step 809000/1000000, avs test return 936.018990
    eval loss: 936
step 810000/1000000, avs test return 1530.952564
    eval loss: 1530
step 811000/1000000, avs test return 1145.969978
    eval loss: 1145
step 812000/1000000, avs test return 245.132172
    eval loss: 245
step 813000/1000000, avs test return 1884.843382
    eval loss: 1884
step 814000/1000000, avs test return 866.640740
    eval loss: 866
step 815000/1000000, avs test return 961.339943
    eval loss: 961
step 816000/1000000, avs test return 1573.443995
    eval loss: 1573
step 817000/1000000, avs test return 1745.234381
    eval loss: 1745
step 818000/1000000, avs test return 986.446935
    eval loss: 986
step 819000/1000000, avs test return 2263.765332
    eval loss: 2263
step 820000/1000000, avs test return 1618.727345
    eval loss: 1618
step 821000/1000000, avs test return 806.198721
    eval loss: 806
step 822000/1000000, avs test return 914.693901
    eval loss: 914
step 823000/1000000, avs test return 1236.322736
    eval loss: 1236
step 824000/1000000, avs test return 1569.171110
    eval loss: 1569
step 825000/1000000, avs test return 191.003368
    eval loss: 191
step 826000/1000000, avs test return 1639.482619
    eval loss: 1639
step 827000/1000000, avs test return 1595.318147
    eval loss: 1595
step 828000/1000000, avs test return 251.111039
    eval loss: 251
step 829000/1000000, avs test return 1330.083354
    eval loss: 1330
step 830000/1000000, avs test return 1612.085613
    eval loss: 1612
step 831000/1000000, avs test return 1285.928797
    eval loss: 1285
step 832000/1000000, avs test return 2459.878150
    eval loss: 2459
step 833000/1000000, avs test return 581.734432
    eval loss: 581
step 834000/1000000, avs test return 1117.624135
    eval loss: 1117
step 835000/1000000, avs test return 1301.976798
    eval loss: 1301
step 836000/1000000, avs test return 1484.574395
    eval loss: 1484
step 837000/1000000, avs test return 1336.936896
    eval loss: 1336
step 838000/1000000, avs test return 1405.697198
    eval loss: 1405
step 839000/1000000, avs test return 1317.219357
    eval loss: 1317
step 840000/1000000, avs test return 2565.012295
    eval loss: 2565
step 841000/1000000, avs test return 857.223910
    eval loss: 857
step 842000/1000000, avs test return 2092.950547
    eval loss: 2092
step 843000/1000000, avs test return 3150.348060
    eval loss: 3150
step 844000/1000000, avs test return 1582.959084
    eval loss: 1582
step 845000/1000000, avs test return 1448.461833
    eval loss: 1448
step 846000/1000000, avs test return 1065.072371
    eval loss: 1065
step 847000/1000000, avs test return 1590.376374
    eval loss: 1590
step 848000/1000000, avs test return 1023.079765
    eval loss: 1023
step 849000/1000000, avs test return 1317.806660
    eval loss: 1317
step 850000/1000000, avs test return 1485.382962
    eval loss: 1485
step 851000/1000000, avs test return 1635.325351
    eval loss: 1635
step 852000/1000000, avs test return 926.051320
    eval loss: 926
step 853000/1000000, avs test return 2043.831083
    eval loss: 2043
step 854000/1000000, avs test return 758.397233
    eval loss: 758
step 855000/1000000, avs test return 504.469943
    eval loss: 504
step 856000/1000000, avs test return 829.850398
    eval loss: 829
step 857000/1000000, avs test return 731.338147
    eval loss: 731
step 858000/1000000, avs test return 1647.717554
    eval loss: 1647
step 859000/1000000, avs test return 1518.314737
    eval loss: 1518
step 860000/1000000, avs test return 1211.262445
    eval loss: 1211
step 861000/1000000, avs test return 536.852352
    eval loss: 536
step 862000/1000000, avs test return 2275.815535
    eval loss: 2275
step 863000/1000000, avs test return 734.650884
    eval loss: 734
step 864000/1000000, avs test return 872.545564
    eval loss: 872
step 865000/1000000, avs test return 1376.191350
    eval loss: 1376
step 866000/1000000, avs test return 1894.698167
    eval loss: 1894
step 867000/1000000, avs test return 1106.855448
    eval loss: 1106
step 868000/1000000, avs test return 2074.929723
    eval loss: 2074
step 869000/1000000, avs test return 442.604746
    eval loss: 442
step 870000/1000000, avs test return 126.018611
    eval loss: 126
step 871000/1000000, avs test return 1027.679258
    eval loss: 1027
step 872000/1000000, avs test return 1596.098671
    eval loss: 1596
step 873000/1000000, avs test return 1387.824225
    eval loss: 1387
step 874000/1000000, avs test return 608.752549
    eval loss: 608
step 875000/1000000, avs test return 1018.283600
    eval loss: 1018
step 876000/1000000, avs test return 592.017518
    eval loss: 592
step 877000/1000000, avs test return 1263.361564
    eval loss: 1263
step 878000/1000000, avs test return 832.577812
    eval loss: 832
step 879000/1000000, avs test return 859.133584
    eval loss: 859
step 880000/1000000, avs test return 302.303794
    eval loss: 302
step 881000/1000000, avs test return 1788.994116
    eval loss: 1788
step 882000/1000000, avs test return 276.437888
    eval loss: 276
step 883000/1000000, avs test return 1634.904857
    eval loss: 1634
step 884000/1000000, avs test return 591.928600
    eval loss: 591
step 885000/1000000, avs test return 704.321735
    eval loss: 704
step 886000/1000000, avs test return 1301.657650
    eval loss: 1301
step 887000/1000000, avs test return 804.211542
    eval loss: 804
step 888000/1000000, avs test return 1177.683659
    eval loss: 1177
step 889000/1000000, avs test return 523.447555
    eval loss: 523
step 890000/1000000, avs test return 1687.456633
    eval loss: 1687
step 891000/1000000, avs test return 1235.830872
    eval loss: 1235
step 892000/1000000, avs test return 1833.551781
    eval loss: 1833
step 893000/1000000, avs test return 2281.581003
    eval loss: 2281
step 894000/1000000, avs test return -54.267787
    eval loss: -54
step 895000/1000000, avs test return 1234.822235
    eval loss: 1234
step 896000/1000000, avs test return 1287.597564
    eval loss: 1287
step 897000/1000000, avs test return 1570.313800
    eval loss: 1570
step 898000/1000000, avs test return 878.817679
    eval loss: 878
step 899000/1000000, avs test return 1456.285338
    eval loss: 1456
step 900000/1000000, avs test return 238.289544
    eval loss: 238
step 901000/1000000, avs test return 543.919296
    eval loss: 543
step 902000/1000000, avs test return 868.356304
    eval loss: 868
step 903000/1000000, avs test return 1229.788063
    eval loss: 1229
step 904000/1000000, avs test return 1470.062980
    eval loss: 1470
step 905000/1000000, avs test return 1910.005328
    eval loss: 1910
step 906000/1000000, avs test return 1161.288776
    eval loss: 1161
step 907000/1000000, avs test return 992.188520
    eval loss: 992
step 908000/1000000, avs test return 1232.157258
    eval loss: 1232
step 909000/1000000, avs test return 2506.838159
    eval loss: 2506
step 910000/1000000, avs test return 315.841465
    eval loss: 315
step 911000/1000000, avs test return 556.853604
    eval loss: 556
step 912000/1000000, avs test return 1705.938897
    eval loss: 1705
step 913000/1000000, avs test return 1258.577275
    eval loss: 1258
step 914000/1000000, avs test return 1161.840257
    eval loss: 1161
step 915000/1000000, avs test return 1523.824109
    eval loss: 1523
step 916000/1000000, avs test return 977.740137
    eval loss: 977
step 917000/1000000, avs test return 1639.962316
    eval loss: 1639
step 918000/1000000, avs test return 911.544063
    eval loss: 911
step 919000/1000000, avs test return 1185.267236
    eval loss: 1185
step 920000/1000000, avs test return 1752.966114
    eval loss: 1752
step 921000/1000000, avs test return 1390.080484
    eval loss: 1390
step 922000/1000000, avs test return 286.812054
    eval loss: 286
step 923000/1000000, avs test return 712.437900
    eval loss: 712
step 924000/1000000, avs test return 2441.521823
    eval loss: 2441
step 925000/1000000, avs test return 1524.046891
    eval loss: 1524
step 926000/1000000, avs test return 1217.091083
    eval loss: 1217
step 927000/1000000, avs test return 1441.220307
    eval loss: 1441
step 928000/1000000, avs test return 1629.524475
    eval loss: 1629
step 929000/1000000, avs test return 1804.248272
    eval loss: 1804
step 930000/1000000, avs test return 1235.535216
    eval loss: 1235
step 931000/1000000, avs test return 1632.231226
    eval loss: 1632
step 932000/1000000, avs test return 1864.146397
    eval loss: 1864
step 933000/1000000, avs test return 478.484635
    eval loss: 478
step 934000/1000000, avs test return 1205.627030
    eval loss: 1205
step 935000/1000000, avs test return 1182.425540
    eval loss: 1182
step 936000/1000000, avs test return 1023.546688
    eval loss: 1023
step 937000/1000000, avs test return 660.170455
    eval loss: 660
step 938000/1000000, avs test return 946.280571
    eval loss: 946
step 939000/1000000, avs test return 1284.804613
    eval loss: 1284
step 940000/1000000, avs test return 550.276316
    eval loss: 550
step 941000/1000000, avs test return 472.857036
    eval loss: 472
step 942000/1000000, avs test return 589.017222
    eval loss: 589
step 943000/1000000, avs test return 687.175787
    eval loss: 687
step 944000/1000000, avs test return 981.443259
    eval loss: 981
step 945000/1000000, avs test return 1574.281266
    eval loss: 1574
step 946000/1000000, avs test return 1679.230276
    eval loss: 1679
step 947000/1000000, avs test return 772.827568
    eval loss: 772
step 948000/1000000, avs test return 1047.099749
    eval loss: 1047
step 949000/1000000, avs test return 1645.794516
    eval loss: 1645
step 950000/1000000, avs test return 1259.358495
    eval loss: 1259
step 951000/1000000, avs test return 969.963818
    eval loss: 969
step 952000/1000000, avs test return 2267.227469
    eval loss: 2267
step 953000/1000000, avs test return 1553.521445
    eval loss: 1553
step 954000/1000000, avs test return 730.617649
    eval loss: 730
step 955000/1000000, avs test return 1212.379255
    eval loss: 1212
step 956000/1000000, avs test return 1273.751929
    eval loss: 1273
step 957000/1000000, avs test return 650.185440
    eval loss: 650
step 958000/1000000, avs test return 961.212686
    eval loss: 961
step 959000/1000000, avs test return 1580.229304
    eval loss: 1580
step 960000/1000000, avs test return 795.120815
    eval loss: 795
step 961000/1000000, avs test return 240.697468
    eval loss: 240
step 962000/1000000, avs test return 419.775338
    eval loss: 419
step 963000/1000000, avs test return 1048.290488
    eval loss: 1048
step 964000/1000000, avs test return 1528.402338
    eval loss: 1528
step 965000/1000000, avs test return 1198.497593
    eval loss: 1198
step 966000/1000000, avs test return 978.419532
    eval loss: 978
step 967000/1000000, avs test return 1967.976409
    eval loss: 1967
step 968000/1000000, avs test return 1338.996055
    eval loss: 1338
step 969000/1000000, avs test return 1001.837417
    eval loss: 1001
step 970000/1000000, avs test return 892.186370
    eval loss: 892
step 971000/1000000, avs test return 1054.507399
    eval loss: 1054
step 972000/1000000, avs test return 1060.585456
    eval loss: 1060
step 973000/1000000, avs test return 1623.819686
    eval loss: 1623
step 974000/1000000, avs test return 1577.872657
    eval loss: 1577
step 975000/1000000, avs test return 1223.045727
    eval loss: 1223
step 976000/1000000, avs test return 1563.282401
    eval loss: 1563
step 977000/1000000, avs test return 931.779606
    eval loss: 931
step 978000/1000000, avs test return 903.260760
    eval loss: 903
step 979000/1000000, avs test return 1604.034477
    eval loss: 1604
step 980000/1000000, avs test return 1767.671760
    eval loss: 1767
step 981000/1000000, avs test return 890.643997
    eval loss: 890
step 982000/1000000, avs test return 104.952282
    eval loss: 104
step 983000/1000000, avs test return 717.863692
    eval loss: 717
step 984000/1000000, avs test return 831.100870
    eval loss: 831
step 985000/1000000, avs test return 1150.186816
    eval loss: 1150
step 986000/1000000, avs test return 1555.332933
    eval loss: 1555
step 987000/1000000, avs test return 623.306127
    eval loss: 623
step 988000/1000000, avs test return 1382.232848
    eval loss: 1382
step 989000/1000000, avs test return 1334.689501
    eval loss: 1334
step 990000/1000000, avs test return 696.774859
    eval loss: 696
step 991000/1000000, avs test return 1340.799219
    eval loss: 1340
step 992000/1000000, avs test return 1308.763647
    eval loss: 1308
step 993000/1000000, avs test return 1630.211362
    eval loss: 1630
step 994000/1000000, avs test return 1010.782452
    eval loss: 1010
step 995000/1000000, avs test return 1261.001048
    eval loss: 1261
step 996000/1000000, avs test return 888.287300
    eval loss: 888
step 997000/1000000, avs test return 1327.475593
    eval loss: 1327
step 998000/1000000, avs test return 1218.922877
    eval loss: 1218
step 999000/1000000, avs test return 856.168585
    eval loss: 856
step 1000000/1000000, avs test return 979.254825
    eval loss: 979
# # # # # # # # # # # # # # # # #

